[2023-03-06 02:37:51,305] {taskinstance.py:1159} INFO - Dependencies all met for <TaskInstance: MiPrimerDag.2 manual__2023-03-06T02:37:49.111781+00:00 [queued]>
[2023-03-06 02:37:51,311] {taskinstance.py:1159} INFO - Dependencies all met for <TaskInstance: MiPrimerDag.2 manual__2023-03-06T02:37:49.111781+00:00 [queued]>
[2023-03-06 02:37:51,312] {taskinstance.py:1356} INFO - 
--------------------------------------------------------------------------------
[2023-03-06 02:37:51,313] {taskinstance.py:1357} INFO - Starting attempt 1 of 1
[2023-03-06 02:37:51,314] {taskinstance.py:1358} INFO - 
--------------------------------------------------------------------------------
[2023-03-06 02:37:51,323] {taskinstance.py:1377} INFO - Executing <Task(PythonOperator): 2> on 2023-03-06 02:37:49.111781+00:00
[2023-03-06 02:37:51,327] {standard_task_runner.py:52} INFO - Started process 5709 to run task
[2023-03-06 02:37:51,329] {standard_task_runner.py:79} INFO - Running: ['***', 'tasks', 'run', 'MiPrimerDag', '2', 'manual__2023-03-06T02:37:49.111781+00:00', '--job-id', '48', '--raw', '--subdir', 'DAGS_FOLDER/1_MiPrimerDag.py', '--cfg-path', '/tmp/tmpf4hcwc6g', '--error-file', '/tmp/tmpehhvcydu']
[2023-03-06 02:37:51,331] {standard_task_runner.py:80} INFO - Job 48: Subtask 2
[2023-03-06 02:37:51,367] {task_command.py:369} INFO - Running <TaskInstance: MiPrimerDag.2 manual__2023-03-06T02:37:49.111781+00:00 [running]> on host 477ef5e408be
[2023-03-06 02:37:51,409] {taskinstance.py:1571} INFO - Exporting the following env vars:
AIRFLOW_CTX_DAG_OWNER=Americo
AIRFLOW_CTX_DAG_ID=MiPrimerDag
AIRFLOW_CTX_TASK_ID=2
AIRFLOW_CTX_EXECUTION_DATE=2023-03-06T02:37:49.111781+00:00
AIRFLOW_CTX_TRY_NUMBER=1
AIRFLOW_CTX_DAG_RUN_ID=manual__2023-03-06T02:37:49.111781+00:00
[2023-03-06 02:37:51,411] {logging_mixin.py:115} INFO - ESTE ES EL RANDOM NUMBER 1 0.0722303518187305
[2023-03-06 02:37:51,413] {logging_mixin.py:115} INFO - ESTE ES EL RANDOM NUMBER 2 0.6762572923401421
[2023-03-06 02:37:51,414] {logging_mixin.py:115} INFO - ESTE ES EL RANDOM NUMBER 3 0.7690276271732353
[2023-03-06 02:37:51,415] {logging_mixin.py:115} INFO - ESTE ES EL RANDOM NUMBER 4 0.7693083983204417
[2023-03-06 02:37:51,416] {logging_mixin.py:115} INFO - ESTE ES EL RANDOM NUMBER 5 0.08475116268362104
[2023-03-06 02:37:51,418] {logging_mixin.py:115} INFO - ESTE ES EL RANDOM NUMBER 6 0.6027311766857081
[2023-03-06 02:37:51,418] {logging_mixin.py:115} INFO - ESTE ES EL RANDOM NUMBER 7 0.5972497300649674
[2023-03-06 02:37:51,419] {logging_mixin.py:115} INFO - ESTE ES EL RANDOM NUMBER 8 0.5093209663029195
[2023-03-06 02:37:51,420] {logging_mixin.py:115} INFO - ESTE ES EL RANDOM NUMBER 9 0.8798856475410334
[2023-03-06 02:37:51,421] {logging_mixin.py:115} INFO - ESTE ES EL RANDOM NUMBER 10 0.368412131249483
[2023-03-06 02:37:51,422] {python.py:173} INFO - Done. Returned value was: None
[2023-03-06 02:37:51,431] {taskinstance.py:1400} INFO - Marking task as SUCCESS. dag_id=MiPrimerDag, task_id=2, execution_date=20230306T023749, start_date=20230306T023751, end_date=20230306T023751
[2023-03-06 02:37:51,462] {local_task_job.py:156} INFO - Task exited with return code 0
[2023-03-06 02:37:51,483] {local_task_job.py:273} INFO - 0 downstream tasks scheduled from follow-on schedule check
