[2023-03-10 21:49:57,889] {taskinstance.py:1159} INFO - Dependencies all met for <TaskInstance: pipeline_bash_operator.run_script_transform scheduled__2023-03-09T00:00:00+00:00 [queued]>
[2023-03-10 21:49:57,897] {taskinstance.py:1159} INFO - Dependencies all met for <TaskInstance: pipeline_bash_operator.run_script_transform scheduled__2023-03-09T00:00:00+00:00 [queued]>
[2023-03-10 21:49:57,899] {taskinstance.py:1356} INFO - 
--------------------------------------------------------------------------------
[2023-03-10 21:49:57,900] {taskinstance.py:1357} INFO - Starting attempt 1 of 1
[2023-03-10 21:49:57,901] {taskinstance.py:1358} INFO - 
--------------------------------------------------------------------------------
[2023-03-10 21:49:57,913] {taskinstance.py:1377} INFO - Executing <Task(BashOperator): run_script_transform> on 2023-03-09 00:00:00+00:00
[2023-03-10 21:49:57,917] {standard_task_runner.py:52} INFO - Started process 292 to run task
[2023-03-10 21:49:57,920] {standard_task_runner.py:79} INFO - Running: ['***', 'tasks', 'run', 'pipeline_bash_operator', 'run_script_transform', 'scheduled__2023-03-09T00:00:00+00:00', '--job-id', '107', '--raw', '--subdir', 'DAGS_FOLDER/pipeline_bash_operator.py', '--cfg-path', '/tmp/tmp9jax50dc', '--error-file', '/tmp/tmpv2eiabl2']
[2023-03-10 21:49:57,922] {standard_task_runner.py:80} INFO - Job 107: Subtask run_script_transform
[2023-03-10 21:49:57,962] {task_command.py:369} INFO - Running <TaskInstance: pipeline_bash_operator.run_script_transform scheduled__2023-03-09T00:00:00+00:00 [running]> on host 477ef5e408be
[2023-03-10 21:49:58,006] {taskinstance.py:1571} INFO - Exporting the following env vars:
AIRFLOW_CTX_DAG_OWNER=Americo
AIRFLOW_CTX_DAG_ID=pipeline_bash_operator
AIRFLOW_CTX_TASK_ID=run_script_transform
AIRFLOW_CTX_EXECUTION_DATE=2023-03-09T00:00:00+00:00
AIRFLOW_CTX_TRY_NUMBER=1
AIRFLOW_CTX_DAG_RUN_ID=scheduled__2023-03-09T00:00:00+00:00
[2023-03-10 21:49:58,007] {subprocess.py:62} INFO - Tmp dir root location: 
 /tmp
[2023-03-10 21:49:58,009] {subprocess.py:74} INFO - Running command: ['bash', '-c', 'python /opt/***/dags/Proyecto/transform.py']
[2023-03-10 21:49:58,016] {subprocess.py:85} INFO - Output:
[2023-03-10 21:50:21,050] {subprocess.py:96} INFO - Command exited with return code 0
[2023-03-10 21:50:21,071] {taskinstance.py:1400} INFO - Marking task as SUCCESS. dag_id=pipeline_bash_operator, task_id=run_script_transform, execution_date=20230309T000000, start_date=20230310T214957, end_date=20230310T215021
[2023-03-10 21:50:21,107] {local_task_job.py:156} INFO - Task exited with return code 0
[2023-03-10 21:50:21,126] {local_task_job.py:273} INFO - 1 downstream tasks scheduled from follow-on schedule check
[2023-03-10 21:52:03,973] {taskinstance.py:1159} INFO - Dependencies all met for <TaskInstance: pipeline_bash_operator.run_script_transform scheduled__2023-03-09T00:00:00+00:00 [queued]>
[2023-03-10 21:52:03,979] {taskinstance.py:1159} INFO - Dependencies all met for <TaskInstance: pipeline_bash_operator.run_script_transform scheduled__2023-03-09T00:00:00+00:00 [queued]>
[2023-03-10 21:52:03,980] {taskinstance.py:1356} INFO - 
--------------------------------------------------------------------------------
[2023-03-10 21:52:03,981] {taskinstance.py:1357} INFO - Starting attempt 1 of 1
[2023-03-10 21:52:03,982] {taskinstance.py:1358} INFO - 
--------------------------------------------------------------------------------
[2023-03-10 21:52:03,991] {taskinstance.py:1377} INFO - Executing <Task(BashOperator): run_script_transform> on 2023-03-09 00:00:00+00:00
[2023-03-10 21:52:03,994] {standard_task_runner.py:52} INFO - Started process 387 to run task
[2023-03-10 21:52:03,996] {standard_task_runner.py:79} INFO - Running: ['***', 'tasks', 'run', 'pipeline_bash_operator', 'run_script_transform', 'scheduled__2023-03-09T00:00:00+00:00', '--job-id', '112', '--raw', '--subdir', 'DAGS_FOLDER/pipeline_bash_operator.py', '--cfg-path', '/tmp/tmpb_snuqb2', '--error-file', '/tmp/tmpajee7ksm']
[2023-03-10 21:52:03,998] {standard_task_runner.py:80} INFO - Job 112: Subtask run_script_transform
[2023-03-10 21:52:04,035] {task_command.py:369} INFO - Running <TaskInstance: pipeline_bash_operator.run_script_transform scheduled__2023-03-09T00:00:00+00:00 [running]> on host 477ef5e408be
[2023-03-10 21:52:04,078] {taskinstance.py:1571} INFO - Exporting the following env vars:
AIRFLOW_CTX_DAG_OWNER=Americo
AIRFLOW_CTX_DAG_ID=pipeline_bash_operator
AIRFLOW_CTX_TASK_ID=run_script_transform
AIRFLOW_CTX_EXECUTION_DATE=2023-03-09T00:00:00+00:00
AIRFLOW_CTX_TRY_NUMBER=1
AIRFLOW_CTX_DAG_RUN_ID=scheduled__2023-03-09T00:00:00+00:00
[2023-03-10 21:52:04,080] {subprocess.py:62} INFO - Tmp dir root location: 
 /tmp
[2023-03-10 21:52:04,082] {subprocess.py:74} INFO - Running command: ['bash', '-c', 'python /opt/***/dags/Proyecto/transform.py']
[2023-03-10 21:52:04,089] {subprocess.py:85} INFO - Output:
[2023-03-10 21:52:26,765] {subprocess.py:96} INFO - Command exited with return code 0
[2023-03-10 21:52:26,787] {taskinstance.py:1400} INFO - Marking task as SUCCESS. dag_id=pipeline_bash_operator, task_id=run_script_transform, execution_date=20230309T000000, start_date=20230310T215203, end_date=20230310T215226
[2023-03-10 21:52:26,816] {local_task_job.py:156} INFO - Task exited with return code 0
[2023-03-10 21:52:26,835] {local_task_job.py:273} INFO - 1 downstream tasks scheduled from follow-on schedule check
