[2023-03-06 01:37:44,446] {taskinstance.py:1159} INFO - Dependencies all met for <TaskInstance: pipeline_bash_operator.run_script_transform manual__2023-03-06T01:37:24.821706+00:00 [queued]>
[2023-03-06 01:37:44,452] {taskinstance.py:1159} INFO - Dependencies all met for <TaskInstance: pipeline_bash_operator.run_script_transform manual__2023-03-06T01:37:24.821706+00:00 [queued]>
[2023-03-06 01:37:44,454] {taskinstance.py:1356} INFO - 
--------------------------------------------------------------------------------
[2023-03-06 01:37:44,455] {taskinstance.py:1357} INFO - Starting attempt 1 of 1
[2023-03-06 01:37:44,456] {taskinstance.py:1358} INFO - 
--------------------------------------------------------------------------------
[2023-03-06 01:37:44,464] {taskinstance.py:1377} INFO - Executing <Task(BashOperator): run_script_transform> on 2023-03-06 01:37:24.821706+00:00
[2023-03-06 01:37:44,468] {standard_task_runner.py:52} INFO - Started process 2291 to run task
[2023-03-06 01:37:44,470] {standard_task_runner.py:79} INFO - Running: ['***', 'tasks', 'run', 'pipeline_bash_operator', 'run_script_transform', 'manual__2023-03-06T01:37:24.821706+00:00', '--job-id', '40', '--raw', '--subdir', 'DAGS_FOLDER/pipeline_bash_operator.py', '--cfg-path', '/tmp/tmpa_rax6hq', '--error-file', '/tmp/tmp0pkczv_z']
[2023-03-06 01:37:44,472] {standard_task_runner.py:80} INFO - Job 40: Subtask run_script_transform
[2023-03-06 01:37:44,508] {task_command.py:369} INFO - Running <TaskInstance: pipeline_bash_operator.run_script_transform manual__2023-03-06T01:37:24.821706+00:00 [running]> on host 477ef5e408be
[2023-03-06 01:37:44,551] {taskinstance.py:1571} INFO - Exporting the following env vars:
AIRFLOW_CTX_DAG_OWNER=Americo
AIRFLOW_CTX_DAG_ID=pipeline_bash_operator
AIRFLOW_CTX_TASK_ID=run_script_transform
AIRFLOW_CTX_EXECUTION_DATE=2023-03-06T01:37:24.821706+00:00
AIRFLOW_CTX_TRY_NUMBER=1
AIRFLOW_CTX_DAG_RUN_ID=manual__2023-03-06T01:37:24.821706+00:00
[2023-03-06 01:37:44,553] {subprocess.py:62} INFO - Tmp dir root location: 
 /tmp
[2023-03-06 01:37:44,554] {subprocess.py:74} INFO - Running command: ['bash', '-c', 'python /opt/***/dags/Proyecto/transform.py']
[2023-03-06 01:37:44,562] {subprocess.py:85} INFO - Output:
[2023-03-06 01:38:11,587] {subprocess.py:92} INFO - ingest loaded
[2023-03-06 01:38:11,588] {subprocess.py:92} INFO - loaded adsl landing
[2023-03-06 01:38:11,590] {subprocess.py:92} INFO - transform loaded
[2023-03-06 01:38:11,592] {subprocess.py:92} INFO - loaded adsl gold
[2023-03-06 01:38:11,674] {subprocess.py:96} INFO - Command exited with return code 0
[2023-03-06 01:38:11,694] {taskinstance.py:1400} INFO - Marking task as SUCCESS. dag_id=pipeline_bash_operator, task_id=run_script_transform, execution_date=20230306T013724, start_date=20230306T013744, end_date=20230306T013811
[2023-03-06 01:38:11,726] {local_task_job.py:156} INFO - Task exited with return code 0
[2023-03-06 01:38:11,742] {local_task_job.py:273} INFO - 0 downstream tasks scheduled from follow-on schedule check
