[2023-03-10 21:50:04,835] {taskinstance.py:1159} INFO - Dependencies all met for <TaskInstance: pipeline_bash_operator.run_script_transform manual__2023-03-10T21:49:39.816286+00:00 [queued]>
[2023-03-10 21:50:04,842] {taskinstance.py:1159} INFO - Dependencies all met for <TaskInstance: pipeline_bash_operator.run_script_transform manual__2023-03-10T21:49:39.816286+00:00 [queued]>
[2023-03-10 21:50:04,843] {taskinstance.py:1356} INFO - 
--------------------------------------------------------------------------------
[2023-03-10 21:50:04,844] {taskinstance.py:1357} INFO - Starting attempt 1 of 1
[2023-03-10 21:50:04,845] {taskinstance.py:1358} INFO - 
--------------------------------------------------------------------------------
[2023-03-10 21:50:04,854] {taskinstance.py:1377} INFO - Executing <Task(BashOperator): run_script_transform> on 2023-03-10 21:49:39.816286+00:00
[2023-03-10 21:50:04,857] {standard_task_runner.py:52} INFO - Started process 311 to run task
[2023-03-10 21:50:04,859] {standard_task_runner.py:79} INFO - Running: ['***', 'tasks', 'run', 'pipeline_bash_operator', 'run_script_transform', 'manual__2023-03-10T21:49:39.816286+00:00', '--job-id', '108', '--raw', '--subdir', 'DAGS_FOLDER/pipeline_bash_operator.py', '--cfg-path', '/tmp/tmpfvqdv0n9', '--error-file', '/tmp/tmp7h6qc0b6']
[2023-03-10 21:50:04,861] {standard_task_runner.py:80} INFO - Job 108: Subtask run_script_transform
[2023-03-10 21:50:04,900] {task_command.py:369} INFO - Running <TaskInstance: pipeline_bash_operator.run_script_transform manual__2023-03-10T21:49:39.816286+00:00 [running]> on host 477ef5e408be
[2023-03-10 21:50:04,945] {taskinstance.py:1571} INFO - Exporting the following env vars:
AIRFLOW_CTX_DAG_OWNER=Americo
AIRFLOW_CTX_DAG_ID=pipeline_bash_operator
AIRFLOW_CTX_TASK_ID=run_script_transform
AIRFLOW_CTX_EXECUTION_DATE=2023-03-10T21:49:39.816286+00:00
AIRFLOW_CTX_TRY_NUMBER=1
AIRFLOW_CTX_DAG_RUN_ID=manual__2023-03-10T21:49:39.816286+00:00
[2023-03-10 21:50:04,946] {subprocess.py:62} INFO - Tmp dir root location: 
 /tmp
[2023-03-10 21:50:04,947] {subprocess.py:74} INFO - Running command: ['bash', '-c', 'python /opt/***/dags/Proyecto/transform.py']
[2023-03-10 21:50:04,954] {subprocess.py:85} INFO - Output:
[2023-03-10 21:50:28,241] {subprocess.py:96} INFO - Command exited with return code 0
[2023-03-10 21:50:28,261] {taskinstance.py:1400} INFO - Marking task as SUCCESS. dag_id=pipeline_bash_operator, task_id=run_script_transform, execution_date=20230310T214939, start_date=20230310T215004, end_date=20230310T215028
[2023-03-10 21:50:28,290] {local_task_job.py:156} INFO - Task exited with return code 0
[2023-03-10 21:50:28,308] {local_task_job.py:273} INFO - 1 downstream tasks scheduled from follow-on schedule check
