[2023-02-07 22:12:57,813] {taskinstance.py:1159} INFO - Dependencies all met for <TaskInstance: mysqloperator_demo.InsertData scheduled__2023-02-06T00:00:00+00:00 [queued]>
[2023-02-07 22:12:57,822] {taskinstance.py:1159} INFO - Dependencies all met for <TaskInstance: mysqloperator_demo.InsertData scheduled__2023-02-06T00:00:00+00:00 [queued]>
[2023-02-07 22:12:57,822] {taskinstance.py:1356} INFO - 
--------------------------------------------------------------------------------
[2023-02-07 22:12:57,822] {taskinstance.py:1357} INFO - Starting attempt 1 of 1
[2023-02-07 22:12:57,822] {taskinstance.py:1358} INFO - 
--------------------------------------------------------------------------------
[2023-02-07 22:12:57,834] {taskinstance.py:1377} INFO - Executing <Task(MySqlOperator): InsertData> on 2023-02-06 00:00:00+00:00
[2023-02-07 22:12:57,838] {standard_task_runner.py:52} INFO - Started process 319 to run task
[2023-02-07 22:12:57,841] {standard_task_runner.py:79} INFO - Running: ['***', 'tasks', 'run', 'mysqloperator_demo', 'InsertData', 'scheduled__2023-02-06T00:00:00+00:00', '--job-id', '4', '--raw', '--subdir', 'DAGS_FOLDER/mysqloperator.py', '--cfg-path', '/tmp/tmpph_5kqb4', '--error-file', '/tmp/tmpjn4l_xpb']
[2023-02-07 22:12:57,842] {standard_task_runner.py:80} INFO - Job 4: Subtask InsertData
[2023-02-07 22:12:57,896] {task_command.py:369} INFO - Running <TaskInstance: mysqloperator_demo.InsertData scheduled__2023-02-06T00:00:00+00:00 [running]> on host e8afdd2bd85b
[2023-02-07 22:12:57,960] {taskinstance.py:1571} INFO - Exporting the following env vars:
AIRFLOW_CTX_DAG_OWNER=dezyre
AIRFLOW_CTX_DAG_ID=mysqloperator_demo
AIRFLOW_CTX_TASK_ID=InsertData
AIRFLOW_CTX_EXECUTION_DATE=2023-02-06T00:00:00+00:00
AIRFLOW_CTX_TRY_NUMBER=1
AIRFLOW_CTX_DAG_RUN_ID=scheduled__2023-02-06T00:00:00+00:00
[2023-02-07 22:12:57,961] {mysql.py:82} INFO - Executing:  INSERT INTO datapath4.employee(empid, empname, salary) VALUES(1,'VAMSHI',30000),(2,'chandu',50000); 
[2023-02-07 22:12:57,968] {base.py:68} INFO - Using connection ID 'mysql_conn' for task execution.
[2023-02-07 22:12:57,979] {dbapi.py:208} INFO - Running statement:  INSERT INTO datapath4.employee(empid, empname, salary) VALUES(1,'VAMSHI',30000),(2,'chandu',50000); , parameters: None
[2023-02-07 22:12:57,979] {dbapi.py:216} INFO - Rows affected: 2
[2023-02-07 22:12:57,993] {taskinstance.py:1400} INFO - Marking task as SUCCESS. dag_id=mysqloperator_demo, task_id=InsertData, execution_date=20230206T000000, start_date=20230207T221257, end_date=20230207T221257
[2023-02-07 22:12:58,013] {local_task_job.py:156} INFO - Task exited with return code 0
[2023-02-07 22:12:58,037] {local_task_job.py:273} INFO - 0 downstream tasks scheduled from follow-on schedule check
