[2023-03-08 01:34:54,104] {taskinstance.py:1159} INFO - Dependencies all met for <TaskInstance: pipeline_bash_operator.run_script_ingest manual__2023-03-08T01:34:53.928763+00:00 [queued]>
[2023-03-08 01:34:54,112] {taskinstance.py:1159} INFO - Dependencies all met for <TaskInstance: pipeline_bash_operator.run_script_ingest manual__2023-03-08T01:34:53.928763+00:00 [queued]>
[2023-03-08 01:34:54,113] {taskinstance.py:1356} INFO - 
--------------------------------------------------------------------------------
[2023-03-08 01:34:54,115] {taskinstance.py:1357} INFO - Starting attempt 1 of 1
[2023-03-08 01:34:54,116] {taskinstance.py:1358} INFO - 
--------------------------------------------------------------------------------
[2023-03-08 01:34:54,127] {taskinstance.py:1377} INFO - Executing <Task(BashOperator): run_script_ingest> on 2023-03-08 01:34:53.928763+00:00
[2023-03-08 01:34:54,131] {standard_task_runner.py:52} INFO - Started process 2184 to run task
[2023-03-08 01:34:54,134] {standard_task_runner.py:79} INFO - Running: ['***', 'tasks', 'run', 'pipeline_bash_operator', 'run_script_ingest', 'manual__2023-03-08T01:34:53.928763+00:00', '--job-id', '61', '--raw', '--subdir', 'DAGS_FOLDER/pipeline_bash_operator.py', '--cfg-path', '/tmp/tmp845rdu21', '--error-file', '/tmp/tmp72s0zaiz']
[2023-03-08 01:34:54,135] {standard_task_runner.py:80} INFO - Job 61: Subtask run_script_ingest
[2023-03-08 01:34:54,180] {task_command.py:369} INFO - Running <TaskInstance: pipeline_bash_operator.run_script_ingest manual__2023-03-08T01:34:53.928763+00:00 [running]> on host 477ef5e408be
[2023-03-08 01:34:54,229] {taskinstance.py:1571} INFO - Exporting the following env vars:
AIRFLOW_CTX_DAG_OWNER=Americo
AIRFLOW_CTX_DAG_ID=pipeline_bash_operator
AIRFLOW_CTX_TASK_ID=run_script_ingest
AIRFLOW_CTX_EXECUTION_DATE=2023-03-08T01:34:53.928763+00:00
AIRFLOW_CTX_TRY_NUMBER=1
AIRFLOW_CTX_DAG_RUN_ID=manual__2023-03-08T01:34:53.928763+00:00
[2023-03-08 01:34:54,231] {subprocess.py:62} INFO - Tmp dir root location: 
 /tmp
[2023-03-08 01:34:54,232] {subprocess.py:74} INFO - Running command: ['bash', '-c', 'python /opt/***/dags/Proyecto/ingest.py']
[2023-03-08 01:34:54,240] {subprocess.py:85} INFO - Output:
[2023-03-08 01:35:12,367] {subprocess.py:92} INFO - ingest loaded
[2023-03-08 01:35:12,368] {subprocess.py:92} INFO - loaded adsl landing
[2023-03-08 01:35:12,447] {subprocess.py:96} INFO - Command exited with return code 0
[2023-03-08 01:35:12,468] {taskinstance.py:1400} INFO - Marking task as SUCCESS. dag_id=pipeline_bash_operator, task_id=run_script_ingest, execution_date=20230308T013453, start_date=20230308T013454, end_date=20230308T013512
[2023-03-08 01:35:12,517] {local_task_job.py:156} INFO - Task exited with return code 0
[2023-03-08 01:35:12,537] {local_task_job.py:273} INFO - 1 downstream tasks scheduled from follow-on schedule check
