[2023-03-10 21:50:22,059] {taskinstance.py:1159} INFO - Dependencies all met for <TaskInstance: pipeline_bash_operator.run_script_load scheduled__2023-03-09T00:00:00+00:00 [queued]>
[2023-03-10 21:50:22,066] {taskinstance.py:1159} INFO - Dependencies all met for <TaskInstance: pipeline_bash_operator.run_script_load scheduled__2023-03-09T00:00:00+00:00 [queued]>
[2023-03-10 21:50:22,067] {taskinstance.py:1356} INFO - 
--------------------------------------------------------------------------------
[2023-03-10 21:50:22,067] {taskinstance.py:1357} INFO - Starting attempt 1 of 1
[2023-03-10 21:50:22,068] {taskinstance.py:1358} INFO - 
--------------------------------------------------------------------------------
[2023-03-10 21:50:22,078] {taskinstance.py:1377} INFO - Executing <Task(BashOperator): run_script_load> on 2023-03-09 00:00:00+00:00
[2023-03-10 21:50:22,081] {standard_task_runner.py:52} INFO - Started process 320 to run task
[2023-03-10 21:50:22,083] {standard_task_runner.py:79} INFO - Running: ['***', 'tasks', 'run', 'pipeline_bash_operator', 'run_script_load', 'scheduled__2023-03-09T00:00:00+00:00', '--job-id', '109', '--raw', '--subdir', 'DAGS_FOLDER/pipeline_bash_operator.py', '--cfg-path', '/tmp/tmp_mmmodx7', '--error-file', '/tmp/tmpyjyr033_']
[2023-03-10 21:50:22,085] {standard_task_runner.py:80} INFO - Job 109: Subtask run_script_load
[2023-03-10 21:50:22,119] {task_command.py:369} INFO - Running <TaskInstance: pipeline_bash_operator.run_script_load scheduled__2023-03-09T00:00:00+00:00 [running]> on host 477ef5e408be
[2023-03-10 21:50:22,166] {taskinstance.py:1571} INFO - Exporting the following env vars:
AIRFLOW_CTX_DAG_OWNER=Americo
AIRFLOW_CTX_DAG_ID=pipeline_bash_operator
AIRFLOW_CTX_TASK_ID=run_script_load
AIRFLOW_CTX_EXECUTION_DATE=2023-03-09T00:00:00+00:00
AIRFLOW_CTX_TRY_NUMBER=1
AIRFLOW_CTX_DAG_RUN_ID=scheduled__2023-03-09T00:00:00+00:00
[2023-03-10 21:50:22,168] {subprocess.py:62} INFO - Tmp dir root location: 
 /tmp
[2023-03-10 21:50:22,169] {subprocess.py:74} INFO - Running command: ['bash', '-c', 'python /opt/***/dags/Proyecto/load.py']
[2023-03-10 21:50:22,176] {subprocess.py:85} INFO - Output:
[2023-03-10 21:50:48,004] {subprocess.py:96} INFO - Command exited with return code 0
[2023-03-10 21:50:48,026] {taskinstance.py:1400} INFO - Marking task as SUCCESS. dag_id=pipeline_bash_operator, task_id=run_script_load, execution_date=20230309T000000, start_date=20230310T215022, end_date=20230310T215048
[2023-03-10 21:50:48,051] {local_task_job.py:156} INFO - Task exited with return code 0
[2023-03-10 21:50:48,067] {local_task_job.py:273} INFO - 0 downstream tasks scheduled from follow-on schedule check
[2023-03-10 21:52:27,083] {taskinstance.py:1159} INFO - Dependencies all met for <TaskInstance: pipeline_bash_operator.run_script_load scheduled__2023-03-09T00:00:00+00:00 [queued]>
[2023-03-10 21:52:27,090] {taskinstance.py:1159} INFO - Dependencies all met for <TaskInstance: pipeline_bash_operator.run_script_load scheduled__2023-03-09T00:00:00+00:00 [queued]>
[2023-03-10 21:52:27,091] {taskinstance.py:1356} INFO - 
--------------------------------------------------------------------------------
[2023-03-10 21:52:27,092] {taskinstance.py:1357} INFO - Starting attempt 1 of 1
[2023-03-10 21:52:27,093] {taskinstance.py:1358} INFO - 
--------------------------------------------------------------------------------
[2023-03-10 21:52:27,102] {taskinstance.py:1377} INFO - Executing <Task(BashOperator): run_script_load> on 2023-03-09 00:00:00+00:00
[2023-03-10 21:52:27,105] {standard_task_runner.py:52} INFO - Started process 396 to run task
[2023-03-10 21:52:27,107] {standard_task_runner.py:79} INFO - Running: ['***', 'tasks', 'run', 'pipeline_bash_operator', 'run_script_load', 'scheduled__2023-03-09T00:00:00+00:00', '--job-id', '113', '--raw', '--subdir', 'DAGS_FOLDER/pipeline_bash_operator.py', '--cfg-path', '/tmp/tmp2p1wijas', '--error-file', '/tmp/tmpxy_yzgpm']
[2023-03-10 21:52:27,109] {standard_task_runner.py:80} INFO - Job 113: Subtask run_script_load
[2023-03-10 21:52:27,143] {task_command.py:369} INFO - Running <TaskInstance: pipeline_bash_operator.run_script_load scheduled__2023-03-09T00:00:00+00:00 [running]> on host 477ef5e408be
[2023-03-10 21:52:27,187] {taskinstance.py:1571} INFO - Exporting the following env vars:
AIRFLOW_CTX_DAG_OWNER=Americo
AIRFLOW_CTX_DAG_ID=pipeline_bash_operator
AIRFLOW_CTX_TASK_ID=run_script_load
AIRFLOW_CTX_EXECUTION_DATE=2023-03-09T00:00:00+00:00
AIRFLOW_CTX_TRY_NUMBER=1
AIRFLOW_CTX_DAG_RUN_ID=scheduled__2023-03-09T00:00:00+00:00
[2023-03-10 21:52:27,189] {subprocess.py:62} INFO - Tmp dir root location: 
 /tmp
[2023-03-10 21:52:27,190] {subprocess.py:74} INFO - Running command: ['bash', '-c', 'python /opt/***/dags/Proyecto/load.py']
[2023-03-10 21:52:27,197] {subprocess.py:85} INFO - Output:
[2023-03-10 21:52:52,327] {subprocess.py:96} INFO - Command exited with return code 0
[2023-03-10 21:52:52,348] {taskinstance.py:1400} INFO - Marking task as SUCCESS. dag_id=pipeline_bash_operator, task_id=run_script_load, execution_date=20230309T000000, start_date=20230310T215227, end_date=20230310T215252
[2023-03-10 21:52:52,394] {local_task_job.py:156} INFO - Task exited with return code 0
[2023-03-10 21:52:52,412] {local_task_job.py:273} INFO - 0 downstream tasks scheduled from follow-on schedule check
