[2023-03-10 02:41:19,326] {taskinstance.py:1159} INFO - Dependencies all met for <TaskInstance: pipeline_bash_operator.run_script_ingest manual__2023-03-10T02:41:18.361062+00:00 [queued]>
[2023-03-10 02:41:19,332] {taskinstance.py:1159} INFO - Dependencies all met for <TaskInstance: pipeline_bash_operator.run_script_ingest manual__2023-03-10T02:41:18.361062+00:00 [queued]>
[2023-03-10 02:41:19,333] {taskinstance.py:1356} INFO - 
--------------------------------------------------------------------------------
[2023-03-10 02:41:19,334] {taskinstance.py:1357} INFO - Starting attempt 1 of 1
[2023-03-10 02:41:19,335] {taskinstance.py:1358} INFO - 
--------------------------------------------------------------------------------
[2023-03-10 02:41:19,344] {taskinstance.py:1377} INFO - Executing <Task(BashOperator): run_script_ingest> on 2023-03-10 02:41:18.361062+00:00
[2023-03-10 02:41:19,347] {standard_task_runner.py:52} INFO - Started process 3050 to run task
[2023-03-10 02:41:19,350] {standard_task_runner.py:79} INFO - Running: ['***', 'tasks', 'run', 'pipeline_bash_operator', 'run_script_ingest', 'manual__2023-03-10T02:41:18.361062+00:00', '--job-id', '98', '--raw', '--subdir', 'DAGS_FOLDER/pipeline_bash_operator.py', '--cfg-path', '/tmp/tmpcy0j1sok', '--error-file', '/tmp/tmp353l_ian']
[2023-03-10 02:41:19,351] {standard_task_runner.py:80} INFO - Job 98: Subtask run_script_ingest
[2023-03-10 02:41:19,392] {task_command.py:369} INFO - Running <TaskInstance: pipeline_bash_operator.run_script_ingest manual__2023-03-10T02:41:18.361062+00:00 [running]> on host 477ef5e408be
[2023-03-10 02:41:19,436] {taskinstance.py:1571} INFO - Exporting the following env vars:
AIRFLOW_CTX_DAG_OWNER=Americo
AIRFLOW_CTX_DAG_ID=pipeline_bash_operator
AIRFLOW_CTX_TASK_ID=run_script_ingest
AIRFLOW_CTX_EXECUTION_DATE=2023-03-10T02:41:18.361062+00:00
AIRFLOW_CTX_TRY_NUMBER=1
AIRFLOW_CTX_DAG_RUN_ID=manual__2023-03-10T02:41:18.361062+00:00
[2023-03-10 02:41:19,438] {subprocess.py:62} INFO - Tmp dir root location: 
 /tmp
[2023-03-10 02:41:19,439] {subprocess.py:74} INFO - Running command: ['bash', '-c', 'python /opt/***/dags/Proyecto/ingest.py']
[2023-03-10 02:41:19,447] {subprocess.py:85} INFO - Output:
[2023-03-10 02:41:37,361] {subprocess.py:96} INFO - Command exited with return code 0
[2023-03-10 02:41:37,381] {taskinstance.py:1400} INFO - Marking task as SUCCESS. dag_id=pipeline_bash_operator, task_id=run_script_ingest, execution_date=20230310T024118, start_date=20230310T024119, end_date=20230310T024137
[2023-03-10 02:41:37,397] {local_task_job.py:156} INFO - Task exited with return code 0
[2023-03-10 02:41:37,419] {local_task_job.py:273} INFO - 1 downstream tasks scheduled from follow-on schedule check
