[2023-03-06 01:40:02,926] {taskinstance.py:1159} INFO - Dependencies all met for <TaskInstance: pipeline_bash_operator.run_script_ingest manual__2023-03-06T01:40:02.653682+00:00 [queued]>
[2023-03-06 01:40:02,932] {taskinstance.py:1159} INFO - Dependencies all met for <TaskInstance: pipeline_bash_operator.run_script_ingest manual__2023-03-06T01:40:02.653682+00:00 [queued]>
[2023-03-06 01:40:02,933] {taskinstance.py:1356} INFO - 
--------------------------------------------------------------------------------
[2023-03-06 01:40:02,934] {taskinstance.py:1357} INFO - Starting attempt 1 of 1
[2023-03-06 01:40:02,936] {taskinstance.py:1358} INFO - 
--------------------------------------------------------------------------------
[2023-03-06 01:40:02,944] {taskinstance.py:1377} INFO - Executing <Task(BashOperator): run_script_ingest> on 2023-03-06 01:40:02.653682+00:00
[2023-03-06 01:40:02,948] {standard_task_runner.py:52} INFO - Started process 2400 to run task
[2023-03-06 01:40:02,951] {standard_task_runner.py:79} INFO - Running: ['***', 'tasks', 'run', 'pipeline_bash_operator', 'run_script_ingest', 'manual__2023-03-06T01:40:02.653682+00:00', '--job-id', '41', '--raw', '--subdir', 'DAGS_FOLDER/pipeline_bash_operator.py', '--cfg-path', '/tmp/tmp3os0ny13', '--error-file', '/tmp/tmphesdrdvx']
[2023-03-06 01:40:02,952] {standard_task_runner.py:80} INFO - Job 41: Subtask run_script_ingest
[2023-03-06 01:40:02,993] {task_command.py:369} INFO - Running <TaskInstance: pipeline_bash_operator.run_script_ingest manual__2023-03-06T01:40:02.653682+00:00 [running]> on host 477ef5e408be
[2023-03-06 01:40:03,038] {taskinstance.py:1571} INFO - Exporting the following env vars:
AIRFLOW_CTX_DAG_OWNER=Americo
AIRFLOW_CTX_DAG_ID=pipeline_bash_operator
AIRFLOW_CTX_TASK_ID=run_script_ingest
AIRFLOW_CTX_EXECUTION_DATE=2023-03-06T01:40:02.653682+00:00
AIRFLOW_CTX_TRY_NUMBER=1
AIRFLOW_CTX_DAG_RUN_ID=manual__2023-03-06T01:40:02.653682+00:00
[2023-03-06 01:40:03,040] {subprocess.py:62} INFO - Tmp dir root location: 
 /tmp
[2023-03-06 01:40:03,042] {subprocess.py:74} INFO - Running command: ['bash', '-c', 'python /opt/***/dags/Proyecto/ingest.py']
[2023-03-06 01:40:03,050] {subprocess.py:85} INFO - Output:
[2023-03-06 01:40:19,495] {subprocess.py:92} INFO - ingest loaded
[2023-03-06 01:40:19,506] {subprocess.py:92} INFO - loaded adsl landing
[2023-03-06 01:40:19,590] {subprocess.py:96} INFO - Command exited with return code 0
[2023-03-06 01:40:19,611] {taskinstance.py:1400} INFO - Marking task as SUCCESS. dag_id=pipeline_bash_operator, task_id=run_script_ingest, execution_date=20230306T014002, start_date=20230306T014002, end_date=20230306T014019
[2023-03-06 01:40:19,666] {local_task_job.py:156} INFO - Task exited with return code 0
[2023-03-06 01:40:19,686] {local_task_job.py:273} INFO - 1 downstream tasks scheduled from follow-on schedule check
