[2023-03-11 04:08:47,290] {taskinstance.py:1159} INFO - Dependencies all met for <TaskInstance: pipeline_bash_operator.run_script_ingest scheduled__2023-03-10T00:00:00+00:00 [queued]>
[2023-03-11 04:08:47,296] {taskinstance.py:1159} INFO - Dependencies all met for <TaskInstance: pipeline_bash_operator.run_script_ingest scheduled__2023-03-10T00:00:00+00:00 [queued]>
[2023-03-11 04:08:47,297] {taskinstance.py:1356} INFO - 
--------------------------------------------------------------------------------
[2023-03-11 04:08:47,298] {taskinstance.py:1357} INFO - Starting attempt 1 of 1
[2023-03-11 04:08:47,299] {taskinstance.py:1358} INFO - 
--------------------------------------------------------------------------------
[2023-03-11 04:08:47,307] {taskinstance.py:1377} INFO - Executing <Task(BashOperator): run_script_ingest> on 2023-03-10 00:00:00+00:00
[2023-03-11 04:08:47,310] {standard_task_runner.py:52} INFO - Started process 194 to run task
[2023-03-11 04:08:47,313] {standard_task_runner.py:79} INFO - Running: ['***', 'tasks', 'run', 'pipeline_bash_operator', 'run_script_ingest', 'scheduled__2023-03-10T00:00:00+00:00', '--job-id', '2', '--raw', '--subdir', 'DAGS_FOLDER/pipeline_bash_operator.py', '--cfg-path', '/tmp/tmp3ocrp89d', '--error-file', '/tmp/tmp91ln84ht']
[2023-03-11 04:08:47,314] {standard_task_runner.py:80} INFO - Job 2: Subtask run_script_ingest
[2023-03-11 04:08:47,351] {task_command.py:369} INFO - Running <TaskInstance: pipeline_bash_operator.run_script_ingest scheduled__2023-03-10T00:00:00+00:00 [running]> on host 0c709fd69f88
[2023-03-11 04:08:47,394] {taskinstance.py:1571} INFO - Exporting the following env vars:
AIRFLOW_CTX_DAG_OWNER=Americo
AIRFLOW_CTX_DAG_ID=pipeline_bash_operator
AIRFLOW_CTX_TASK_ID=run_script_ingest
AIRFLOW_CTX_EXECUTION_DATE=2023-03-10T00:00:00+00:00
AIRFLOW_CTX_TRY_NUMBER=1
AIRFLOW_CTX_DAG_RUN_ID=scheduled__2023-03-10T00:00:00+00:00
[2023-03-11 04:08:47,395] {subprocess.py:62} INFO - Tmp dir root location: 
 /tmp
[2023-03-11 04:08:47,397] {subprocess.py:74} INFO - Running command: ['bash', '-c', 'python /opt/***/dags/Proyecto/ingest.py']
[2023-03-11 04:08:47,405] {subprocess.py:85} INFO - Output:
[2023-03-11 04:09:04,769] {subprocess.py:96} INFO - Command exited with return code 0
[2023-03-11 04:09:04,790] {taskinstance.py:1400} INFO - Marking task as SUCCESS. dag_id=pipeline_bash_operator, task_id=run_script_ingest, execution_date=20230310T000000, start_date=20230311T040847, end_date=20230311T040904
[2023-03-11 04:09:04,832] {local_task_job.py:156} INFO - Task exited with return code 0
[2023-03-11 04:09:04,854] {local_task_job.py:273} INFO - 1 downstream tasks scheduled from follow-on schedule check
[2023-03-11 04:12:07,441] {taskinstance.py:1159} INFO - Dependencies all met for <TaskInstance: pipeline_bash_operator.run_script_ingest scheduled__2023-03-10T00:00:00+00:00 [queued]>
[2023-03-11 04:12:07,447] {taskinstance.py:1159} INFO - Dependencies all met for <TaskInstance: pipeline_bash_operator.run_script_ingest scheduled__2023-03-10T00:00:00+00:00 [queued]>
[2023-03-11 04:12:07,448] {taskinstance.py:1356} INFO - 
--------------------------------------------------------------------------------
[2023-03-11 04:12:07,449] {taskinstance.py:1357} INFO - Starting attempt 1 of 1
[2023-03-11 04:12:07,449] {taskinstance.py:1358} INFO - 
--------------------------------------------------------------------------------
[2023-03-11 04:12:07,457] {taskinstance.py:1377} INFO - Executing <Task(BashOperator): run_script_ingest> on 2023-03-10 00:00:00+00:00
[2023-03-11 04:12:07,461] {standard_task_runner.py:52} INFO - Started process 338 to run task
[2023-03-11 04:12:07,463] {standard_task_runner.py:79} INFO - Running: ['***', 'tasks', 'run', 'pipeline_bash_operator', 'run_script_ingest', 'scheduled__2023-03-10T00:00:00+00:00', '--job-id', '7', '--raw', '--subdir', 'DAGS_FOLDER/pipeline_bash_operator.py', '--cfg-path', '/tmp/tmp_k_x1aia', '--error-file', '/tmp/tmpisegmp4z']
[2023-03-11 04:12:07,464] {standard_task_runner.py:80} INFO - Job 7: Subtask run_script_ingest
[2023-03-11 04:12:07,500] {task_command.py:369} INFO - Running <TaskInstance: pipeline_bash_operator.run_script_ingest scheduled__2023-03-10T00:00:00+00:00 [running]> on host 0c709fd69f88
[2023-03-11 04:12:07,544] {taskinstance.py:1571} INFO - Exporting the following env vars:
AIRFLOW_CTX_DAG_OWNER=Americo
AIRFLOW_CTX_DAG_ID=pipeline_bash_operator
AIRFLOW_CTX_TASK_ID=run_script_ingest
AIRFLOW_CTX_EXECUTION_DATE=2023-03-10T00:00:00+00:00
AIRFLOW_CTX_TRY_NUMBER=1
AIRFLOW_CTX_DAG_RUN_ID=scheduled__2023-03-10T00:00:00+00:00
[2023-03-11 04:12:07,546] {subprocess.py:62} INFO - Tmp dir root location: 
 /tmp
[2023-03-11 04:12:07,547] {subprocess.py:74} INFO - Running command: ['bash', '-c', 'python /opt/***/dags/Proyecto/ingest.py']
[2023-03-11 04:12:07,554] {subprocess.py:85} INFO - Output:
[2023-03-11 04:12:24,101] {subprocess.py:96} INFO - Command exited with return code 0
[2023-03-11 04:12:24,121] {taskinstance.py:1400} INFO - Marking task as SUCCESS. dag_id=pipeline_bash_operator, task_id=run_script_ingest, execution_date=20230310T000000, start_date=20230311T041207, end_date=20230311T041224
[2023-03-11 04:12:24,167] {local_task_job.py:156} INFO - Task exited with return code 0
[2023-03-11 04:12:24,187] {local_task_job.py:273} INFO - 1 downstream tasks scheduled from follow-on schedule check
