[2023-03-10 02:26:19,507] {taskinstance.py:1159} INFO - Dependencies all met for <TaskInstance: pipeline_bash_operator.run_script_ingest manual__2023-03-10T02:26:18.825402+00:00 [queued]>
[2023-03-10 02:26:19,512] {taskinstance.py:1159} INFO - Dependencies all met for <TaskInstance: pipeline_bash_operator.run_script_ingest manual__2023-03-10T02:26:18.825402+00:00 [queued]>
[2023-03-10 02:26:19,514] {taskinstance.py:1356} INFO - 
--------------------------------------------------------------------------------
[2023-03-10 02:26:19,515] {taskinstance.py:1357} INFO - Starting attempt 1 of 1
[2023-03-10 02:26:19,516] {taskinstance.py:1358} INFO - 
--------------------------------------------------------------------------------
[2023-03-10 02:26:19,524] {taskinstance.py:1377} INFO - Executing <Task(BashOperator): run_script_ingest> on 2023-03-10 02:26:18.825402+00:00
[2023-03-10 02:26:19,528] {standard_task_runner.py:52} INFO - Started process 2628 to run task
[2023-03-10 02:26:19,530] {standard_task_runner.py:79} INFO - Running: ['***', 'tasks', 'run', 'pipeline_bash_operator', 'run_script_ingest', 'manual__2023-03-10T02:26:18.825402+00:00', '--job-id', '88', '--raw', '--subdir', 'DAGS_FOLDER/pipeline_bash_operator.py', '--cfg-path', '/tmp/tmp9i7z9zm6', '--error-file', '/tmp/tmpgwbvlgi2']
[2023-03-10 02:26:19,531] {standard_task_runner.py:80} INFO - Job 88: Subtask run_script_ingest
[2023-03-10 02:26:19,568] {task_command.py:369} INFO - Running <TaskInstance: pipeline_bash_operator.run_script_ingest manual__2023-03-10T02:26:18.825402+00:00 [running]> on host 477ef5e408be
[2023-03-10 02:26:19,611] {taskinstance.py:1571} INFO - Exporting the following env vars:
AIRFLOW_CTX_DAG_OWNER=Americo
AIRFLOW_CTX_DAG_ID=pipeline_bash_operator
AIRFLOW_CTX_TASK_ID=run_script_ingest
AIRFLOW_CTX_EXECUTION_DATE=2023-03-10T02:26:18.825402+00:00
AIRFLOW_CTX_TRY_NUMBER=1
AIRFLOW_CTX_DAG_RUN_ID=manual__2023-03-10T02:26:18.825402+00:00
[2023-03-10 02:26:19,613] {subprocess.py:62} INFO - Tmp dir root location: 
 /tmp
[2023-03-10 02:26:19,614] {subprocess.py:74} INFO - Running command: ['bash', '-c', 'python /opt/***/dags/Proyecto/ingest.py']
[2023-03-10 02:26:19,621] {subprocess.py:85} INFO - Output:
[2023-03-10 02:26:38,379] {subprocess.py:92} INFO - ingest loaded
[2023-03-10 02:26:38,390] {subprocess.py:92} INFO - loaded adsl landing
[2023-03-10 02:26:38,496] {subprocess.py:96} INFO - Command exited with return code 0
[2023-03-10 02:26:38,517] {taskinstance.py:1400} INFO - Marking task as SUCCESS. dag_id=pipeline_bash_operator, task_id=run_script_ingest, execution_date=20230310T022618, start_date=20230310T022619, end_date=20230310T022638
[2023-03-10 02:26:38,531] {local_task_job.py:156} INFO - Task exited with return code 0
[2023-03-10 02:26:38,550] {local_task_job.py:273} INFO - 1 downstream tasks scheduled from follow-on schedule check
