[2023-03-10 02:44:25,851] {taskinstance.py:1159} INFO - Dependencies all met for <TaskInstance: pipeline_bash_operator.run_script_ingest manual__2023-03-10T02:44:25.367236+00:00 [queued]>
[2023-03-10 02:44:25,858] {taskinstance.py:1159} INFO - Dependencies all met for <TaskInstance: pipeline_bash_operator.run_script_ingest manual__2023-03-10T02:44:25.367236+00:00 [queued]>
[2023-03-10 02:44:25,859] {taskinstance.py:1356} INFO - 
--------------------------------------------------------------------------------
[2023-03-10 02:44:25,860] {taskinstance.py:1357} INFO - Starting attempt 1 of 1
[2023-03-10 02:44:25,861] {taskinstance.py:1358} INFO - 
--------------------------------------------------------------------------------
[2023-03-10 02:44:25,872] {taskinstance.py:1377} INFO - Executing <Task(BashOperator): run_script_ingest> on 2023-03-10 02:44:25.367236+00:00
[2023-03-10 02:44:25,876] {standard_task_runner.py:52} INFO - Started process 3142 to run task
[2023-03-10 02:44:25,879] {standard_task_runner.py:79} INFO - Running: ['***', 'tasks', 'run', 'pipeline_bash_operator', 'run_script_ingest', 'manual__2023-03-10T02:44:25.367236+00:00', '--job-id', '101', '--raw', '--subdir', 'DAGS_FOLDER/pipeline_bash_operator.py', '--cfg-path', '/tmp/tmpwp43_te0', '--error-file', '/tmp/tmps5j2feyq']
[2023-03-10 02:44:25,881] {standard_task_runner.py:80} INFO - Job 101: Subtask run_script_ingest
[2023-03-10 02:44:25,918] {task_command.py:369} INFO - Running <TaskInstance: pipeline_bash_operator.run_script_ingest manual__2023-03-10T02:44:25.367236+00:00 [running]> on host 477ef5e408be
[2023-03-10 02:44:25,962] {taskinstance.py:1571} INFO - Exporting the following env vars:
AIRFLOW_CTX_DAG_OWNER=Americo
AIRFLOW_CTX_DAG_ID=pipeline_bash_operator
AIRFLOW_CTX_TASK_ID=run_script_ingest
AIRFLOW_CTX_EXECUTION_DATE=2023-03-10T02:44:25.367236+00:00
AIRFLOW_CTX_TRY_NUMBER=1
AIRFLOW_CTX_DAG_RUN_ID=manual__2023-03-10T02:44:25.367236+00:00
[2023-03-10 02:44:25,964] {subprocess.py:62} INFO - Tmp dir root location: 
 /tmp
[2023-03-10 02:44:25,965] {subprocess.py:74} INFO - Running command: ['bash', '-c', 'python /opt/***/dags/Proyecto/ingest.py']
[2023-03-10 02:44:25,972] {subprocess.py:85} INFO - Output:
[2023-03-10 02:44:43,931] {subprocess.py:96} INFO - Command exited with return code 0
[2023-03-10 02:44:43,952] {taskinstance.py:1400} INFO - Marking task as SUCCESS. dag_id=pipeline_bash_operator, task_id=run_script_ingest, execution_date=20230310T024425, start_date=20230310T024425, end_date=20230310T024443
[2023-03-10 02:44:43,989] {local_task_job.py:156} INFO - Task exited with return code 0
[2023-03-10 02:44:44,013] {local_task_job.py:273} INFO - 1 downstream tasks scheduled from follow-on schedule check
