[2023-03-11 04:09:05,633] {taskinstance.py:1159} INFO - Dependencies all met for <TaskInstance: pipeline_bash_operator.run_script_transform scheduled__2023-03-10T00:00:00+00:00 [queued]>
[2023-03-11 04:09:05,639] {taskinstance.py:1159} INFO - Dependencies all met for <TaskInstance: pipeline_bash_operator.run_script_transform scheduled__2023-03-10T00:00:00+00:00 [queued]>
[2023-03-11 04:09:05,640] {taskinstance.py:1356} INFO - 
--------------------------------------------------------------------------------
[2023-03-11 04:09:05,641] {taskinstance.py:1357} INFO - Starting attempt 1 of 1
[2023-03-11 04:09:05,642] {taskinstance.py:1358} INFO - 
--------------------------------------------------------------------------------
[2023-03-11 04:09:05,650] {taskinstance.py:1377} INFO - Executing <Task(BashOperator): run_script_transform> on 2023-03-10 00:00:00+00:00
[2023-03-11 04:09:05,654] {standard_task_runner.py:52} INFO - Started process 213 to run task
[2023-03-11 04:09:05,656] {standard_task_runner.py:79} INFO - Running: ['***', 'tasks', 'run', 'pipeline_bash_operator', 'run_script_transform', 'scheduled__2023-03-10T00:00:00+00:00', '--job-id', '3', '--raw', '--subdir', 'DAGS_FOLDER/pipeline_bash_operator.py', '--cfg-path', '/tmp/tmpdq0mqcco', '--error-file', '/tmp/tmppx9hpq7p']
[2023-03-11 04:09:05,658] {standard_task_runner.py:80} INFO - Job 3: Subtask run_script_transform
[2023-03-11 04:09:05,693] {task_command.py:369} INFO - Running <TaskInstance: pipeline_bash_operator.run_script_transform scheduled__2023-03-10T00:00:00+00:00 [running]> on host 0c709fd69f88
[2023-03-11 04:09:05,735] {taskinstance.py:1571} INFO - Exporting the following env vars:
AIRFLOW_CTX_DAG_OWNER=Americo
AIRFLOW_CTX_DAG_ID=pipeline_bash_operator
AIRFLOW_CTX_TASK_ID=run_script_transform
AIRFLOW_CTX_EXECUTION_DATE=2023-03-10T00:00:00+00:00
AIRFLOW_CTX_TRY_NUMBER=1
AIRFLOW_CTX_DAG_RUN_ID=scheduled__2023-03-10T00:00:00+00:00
[2023-03-11 04:09:05,737] {subprocess.py:62} INFO - Tmp dir root location: 
 /tmp
[2023-03-11 04:09:05,738] {subprocess.py:74} INFO - Running command: ['bash', '-c', 'python /opt/***/dags/Proyecto/transform.py']
[2023-03-11 04:09:05,746] {subprocess.py:85} INFO - Output:
[2023-03-11 04:09:22,615] {subprocess.py:92} INFO - Traceback (most recent call last):
[2023-03-11 04:09:22,616] {subprocess.py:92} INFO -   File "/opt/***/dags/Proyecto/transform.py", line 2, in <module>
[2023-03-11 04:09:22,618] {subprocess.py:92} INFO -     from process.transform import Transform
[2023-03-11 04:09:22,620] {subprocess.py:92} INFO -   File "/opt/***/dags/Proyecto/process/transform.py", line 2, in <module>
[2023-03-11 04:09:22,622] {subprocess.py:92} INFO -     from pandasql import sqldf
[2023-03-11 04:09:22,624] {subprocess.py:92} INFO - ModuleNotFoundError: No module named 'pandasql'
[2023-03-11 04:09:22,707] {subprocess.py:96} INFO - Command exited with return code 1
[2023-03-11 04:09:22,718] {taskinstance.py:1889} ERROR - Task failed with exception
Traceback (most recent call last):
  File "/home/airflow/.local/lib/python3.7/site-packages/airflow/operators/bash.py", line 195, in execute
    f'Bash command failed. The command returned a non-zero exit code {result.exit_code}.'
airflow.exceptions.AirflowException: Bash command failed. The command returned a non-zero exit code 1.
[2023-03-11 04:09:22,724] {taskinstance.py:1400} INFO - Marking task as FAILED. dag_id=pipeline_bash_operator, task_id=run_script_transform, execution_date=20230310T000000, start_date=20230311T040905, end_date=20230311T040922
[2023-03-11 04:09:22,734] {standard_task_runner.py:97} ERROR - Failed to execute job 3 for task run_script_transform (Bash command failed. The command returned a non-zero exit code 1.; 213)
[2023-03-11 04:09:22,779] {local_task_job.py:156} INFO - Task exited with return code 1
[2023-03-11 04:09:22,802] {local_task_job.py:273} INFO - 0 downstream tasks scheduled from follow-on schedule check
[2023-03-11 04:12:24,285] {taskinstance.py:1159} INFO - Dependencies all met for <TaskInstance: pipeline_bash_operator.run_script_transform scheduled__2023-03-10T00:00:00+00:00 [queued]>
[2023-03-11 04:12:24,292] {taskinstance.py:1159} INFO - Dependencies all met for <TaskInstance: pipeline_bash_operator.run_script_transform scheduled__2023-03-10T00:00:00+00:00 [queued]>
[2023-03-11 04:12:24,293] {taskinstance.py:1356} INFO - 
--------------------------------------------------------------------------------
[2023-03-11 04:12:24,294] {taskinstance.py:1357} INFO - Starting attempt 1 of 1
[2023-03-11 04:12:24,295] {taskinstance.py:1358} INFO - 
--------------------------------------------------------------------------------
[2023-03-11 04:12:24,303] {taskinstance.py:1377} INFO - Executing <Task(BashOperator): run_script_transform> on 2023-03-10 00:00:00+00:00
[2023-03-11 04:12:24,307] {standard_task_runner.py:52} INFO - Started process 347 to run task
[2023-03-11 04:12:24,309] {standard_task_runner.py:79} INFO - Running: ['***', 'tasks', 'run', 'pipeline_bash_operator', 'run_script_transform', 'scheduled__2023-03-10T00:00:00+00:00', '--job-id', '8', '--raw', '--subdir', 'DAGS_FOLDER/pipeline_bash_operator.py', '--cfg-path', '/tmp/tmp110u1zkv', '--error-file', '/tmp/tmpun5f7ll3']
[2023-03-11 04:12:24,312] {standard_task_runner.py:80} INFO - Job 8: Subtask run_script_transform
[2023-03-11 04:12:24,347] {task_command.py:369} INFO - Running <TaskInstance: pipeline_bash_operator.run_script_transform scheduled__2023-03-10T00:00:00+00:00 [running]> on host 0c709fd69f88
[2023-03-11 04:12:24,388] {taskinstance.py:1571} INFO - Exporting the following env vars:
AIRFLOW_CTX_DAG_OWNER=Americo
AIRFLOW_CTX_DAG_ID=pipeline_bash_operator
AIRFLOW_CTX_TASK_ID=run_script_transform
AIRFLOW_CTX_EXECUTION_DATE=2023-03-10T00:00:00+00:00
AIRFLOW_CTX_TRY_NUMBER=1
AIRFLOW_CTX_DAG_RUN_ID=scheduled__2023-03-10T00:00:00+00:00
[2023-03-11 04:12:24,390] {subprocess.py:62} INFO - Tmp dir root location: 
 /tmp
[2023-03-11 04:12:24,390] {subprocess.py:74} INFO - Running command: ['bash', '-c', 'python /opt/***/dags/Proyecto/transform.py']
[2023-03-11 04:12:24,398] {subprocess.py:85} INFO - Output:
[2023-03-11 04:12:47,382] {subprocess.py:96} INFO - Command exited with return code 0
[2023-03-11 04:12:47,402] {taskinstance.py:1400} INFO - Marking task as SUCCESS. dag_id=pipeline_bash_operator, task_id=run_script_transform, execution_date=20230310T000000, start_date=20230311T041224, end_date=20230311T041247
[2023-03-11 04:12:47,455] {local_task_job.py:156} INFO - Task exited with return code 0
[2023-03-11 04:12:47,472] {local_task_job.py:273} INFO - 1 downstream tasks scheduled from follow-on schedule check
