[2023-03-10 02:45:09,588] {taskinstance.py:1159} INFO - Dependencies all met for <TaskInstance: pipeline_bash_operator.run_script_load manual__2023-03-10T02:44:25.367236+00:00 [queued]>
[2023-03-10 02:45:09,595] {taskinstance.py:1159} INFO - Dependencies all met for <TaskInstance: pipeline_bash_operator.run_script_load manual__2023-03-10T02:44:25.367236+00:00 [queued]>
[2023-03-10 02:45:09,596] {taskinstance.py:1356} INFO - 
--------------------------------------------------------------------------------
[2023-03-10 02:45:09,598] {taskinstance.py:1357} INFO - Starting attempt 1 of 1
[2023-03-10 02:45:09,599] {taskinstance.py:1358} INFO - 
--------------------------------------------------------------------------------
[2023-03-10 02:45:09,609] {taskinstance.py:1377} INFO - Executing <Task(BashOperator): run_script_load> on 2023-03-10 02:44:25.367236+00:00
[2023-03-10 02:45:09,613] {standard_task_runner.py:52} INFO - Started process 3180 to run task
[2023-03-10 02:45:09,615] {standard_task_runner.py:79} INFO - Running: ['***', 'tasks', 'run', 'pipeline_bash_operator', 'run_script_load', 'manual__2023-03-10T02:44:25.367236+00:00', '--job-id', '103', '--raw', '--subdir', 'DAGS_FOLDER/pipeline_bash_operator.py', '--cfg-path', '/tmp/tmpa4xu_aph', '--error-file', '/tmp/tmphevwg63j']
[2023-03-10 02:45:09,617] {standard_task_runner.py:80} INFO - Job 103: Subtask run_script_load
[2023-03-10 02:45:09,659] {task_command.py:369} INFO - Running <TaskInstance: pipeline_bash_operator.run_script_load manual__2023-03-10T02:44:25.367236+00:00 [running]> on host 477ef5e408be
[2023-03-10 02:45:09,703] {taskinstance.py:1571} INFO - Exporting the following env vars:
AIRFLOW_CTX_DAG_OWNER=Americo
AIRFLOW_CTX_DAG_ID=pipeline_bash_operator
AIRFLOW_CTX_TASK_ID=run_script_load
AIRFLOW_CTX_EXECUTION_DATE=2023-03-10T02:44:25.367236+00:00
AIRFLOW_CTX_TRY_NUMBER=1
AIRFLOW_CTX_DAG_RUN_ID=manual__2023-03-10T02:44:25.367236+00:00
[2023-03-10 02:45:09,705] {subprocess.py:62} INFO - Tmp dir root location: 
 /tmp
[2023-03-10 02:45:09,706] {subprocess.py:74} INFO - Running command: ['bash', '-c', 'python /opt/***/dags/Proyecto/load.py']
[2023-03-10 02:45:09,713] {subprocess.py:85} INFO - Output:
[2023-03-10 02:45:36,602] {subprocess.py:96} INFO - Command exited with return code 0
[2023-03-10 02:45:36,623] {taskinstance.py:1400} INFO - Marking task as SUCCESS. dag_id=pipeline_bash_operator, task_id=run_script_load, execution_date=20230310T024425, start_date=20230310T024509, end_date=20230310T024536
[2023-03-10 02:45:36,669] {local_task_job.py:156} INFO - Task exited with return code 0
[2023-03-10 02:45:36,684] {local_task_job.py:273} INFO - 0 downstream tasks scheduled from follow-on schedule check
