[2023-03-11 04:08:32,428] {processor.py:153} INFO - Started process (PID=183) to work on /opt/airflow/dags/pipeline_bash_operator.py
[2023-03-11 04:08:32,430] {processor.py:641} INFO - Processing file /opt/airflow/dags/pipeline_bash_operator.py for tasks to queue
[2023-03-11 04:08:32,432] {logging_mixin.py:115} INFO - [2023-03-11 04:08:32,432] {dagbag.py:507} INFO - Filling up the DagBag from /opt/airflow/dags/pipeline_bash_operator.py
[2023-03-11 04:08:32,443] {processor.py:651} INFO - DAG(s) dict_keys(['pipeline_bash_operator']) retrieved from /opt/airflow/dags/pipeline_bash_operator.py
[2023-03-11 04:08:32,493] {logging_mixin.py:115} INFO - [2023-03-11 04:08:32,493] {manager.py:508} INFO - Created Permission View: can edit on DAG:pipeline_bash_operator
[2023-03-11 04:08:32,499] {logging_mixin.py:115} INFO - [2023-03-11 04:08:32,499] {manager.py:508} INFO - Created Permission View: can delete on DAG:pipeline_bash_operator
[2023-03-11 04:08:32,504] {logging_mixin.py:115} INFO - [2023-03-11 04:08:32,504] {manager.py:508} INFO - Created Permission View: can read on DAG:pipeline_bash_operator
[2023-03-11 04:08:32,505] {logging_mixin.py:115} INFO - [2023-03-11 04:08:32,505] {dag.py:2371} INFO - Sync 1 DAGs
[2023-03-11 04:08:32,510] {logging_mixin.py:115} INFO - [2023-03-11 04:08:32,510] {dag.py:2390} INFO - Creating ORM DAG for pipeline_bash_operator
[2023-03-11 04:08:32,516] {logging_mixin.py:115} INFO - [2023-03-11 04:08:32,516] {dag.py:2919} INFO - Setting next_dagrun for pipeline_bash_operator to 2023-03-10T00:00:00+00:00, run_after=2023-03-10T00:00:00+00:00
[2023-03-11 04:08:32,527] {processor.py:161} INFO - Processing /opt/airflow/dags/pipeline_bash_operator.py took 0.101 seconds
[2023-03-11 04:09:02,628] {processor.py:153} INFO - Started process (PID=202) to work on /opt/airflow/dags/pipeline_bash_operator.py
[2023-03-11 04:09:02,630] {processor.py:641} INFO - Processing file /opt/airflow/dags/pipeline_bash_operator.py for tasks to queue
[2023-03-11 04:09:02,631] {logging_mixin.py:115} INFO - [2023-03-11 04:09:02,631] {dagbag.py:507} INFO - Filling up the DagBag from /opt/airflow/dags/pipeline_bash_operator.py
[2023-03-11 04:09:02,643] {processor.py:651} INFO - DAG(s) dict_keys(['pipeline_bash_operator']) retrieved from /opt/airflow/dags/pipeline_bash_operator.py
[2023-03-11 04:09:02,662] {logging_mixin.py:115} INFO - [2023-03-11 04:09:02,662] {dag.py:2371} INFO - Sync 1 DAGs
[2023-03-11 04:09:02,677] {logging_mixin.py:115} INFO - [2023-03-11 04:09:02,677] {dag.py:2919} INFO - Setting next_dagrun for pipeline_bash_operator to None, run_after=None
[2023-03-11 04:09:02,684] {processor.py:161} INFO - Processing /opt/airflow/dags/pipeline_bash_operator.py took 0.059 seconds
[2023-03-11 04:09:32,791] {processor.py:153} INFO - Started process (PID=221) to work on /opt/airflow/dags/pipeline_bash_operator.py
[2023-03-11 04:09:32,793] {processor.py:641} INFO - Processing file /opt/airflow/dags/pipeline_bash_operator.py for tasks to queue
[2023-03-11 04:09:32,795] {logging_mixin.py:115} INFO - [2023-03-11 04:09:32,795] {dagbag.py:507} INFO - Filling up the DagBag from /opt/airflow/dags/pipeline_bash_operator.py
[2023-03-11 04:09:32,808] {processor.py:651} INFO - DAG(s) dict_keys(['pipeline_bash_operator']) retrieved from /opt/airflow/dags/pipeline_bash_operator.py
[2023-03-11 04:09:32,843] {logging_mixin.py:115} INFO - [2023-03-11 04:09:32,843] {dag.py:2371} INFO - Sync 1 DAGs
[2023-03-11 04:09:32,860] {logging_mixin.py:115} INFO - [2023-03-11 04:09:32,860] {dag.py:2919} INFO - Setting next_dagrun for pipeline_bash_operator to None, run_after=None
[2023-03-11 04:09:32,868] {processor.py:161} INFO - Processing /opt/airflow/dags/pipeline_bash_operator.py took 0.080 seconds
[2023-03-11 04:10:03,012] {processor.py:153} INFO - Started process (PID=242) to work on /opt/airflow/dags/pipeline_bash_operator.py
[2023-03-11 04:10:03,014] {processor.py:641} INFO - Processing file /opt/airflow/dags/pipeline_bash_operator.py for tasks to queue
[2023-03-11 04:10:03,016] {logging_mixin.py:115} INFO - [2023-03-11 04:10:03,016] {dagbag.py:507} INFO - Filling up the DagBag from /opt/airflow/dags/pipeline_bash_operator.py
[2023-03-11 04:10:03,029] {processor.py:651} INFO - DAG(s) dict_keys(['pipeline_bash_operator']) retrieved from /opt/airflow/dags/pipeline_bash_operator.py
[2023-03-11 04:10:03,050] {logging_mixin.py:115} INFO - [2023-03-11 04:10:03,050] {dag.py:2371} INFO - Sync 1 DAGs
[2023-03-11 04:10:03,063] {logging_mixin.py:115} INFO - [2023-03-11 04:10:03,063] {dag.py:2919} INFO - Setting next_dagrun for pipeline_bash_operator to None, run_after=None
[2023-03-11 04:10:03,070] {processor.py:161} INFO - Processing /opt/airflow/dags/pipeline_bash_operator.py took 0.062 seconds
[2023-03-11 04:10:33,222] {processor.py:153} INFO - Started process (PID=270) to work on /opt/airflow/dags/pipeline_bash_operator.py
[2023-03-11 04:10:33,225] {processor.py:641} INFO - Processing file /opt/airflow/dags/pipeline_bash_operator.py for tasks to queue
[2023-03-11 04:10:33,227] {logging_mixin.py:115} INFO - [2023-03-11 04:10:33,227] {dagbag.py:507} INFO - Filling up the DagBag from /opt/airflow/dags/pipeline_bash_operator.py
[2023-03-11 04:10:33,238] {processor.py:651} INFO - DAG(s) dict_keys(['pipeline_bash_operator']) retrieved from /opt/airflow/dags/pipeline_bash_operator.py
[2023-03-11 04:10:33,258] {logging_mixin.py:115} INFO - [2023-03-11 04:10:33,258] {dag.py:2371} INFO - Sync 1 DAGs
[2023-03-11 04:10:33,271] {logging_mixin.py:115} INFO - [2023-03-11 04:10:33,271] {dag.py:2919} INFO - Setting next_dagrun for pipeline_bash_operator to None, run_after=None
[2023-03-11 04:10:33,278] {processor.py:161} INFO - Processing /opt/airflow/dags/pipeline_bash_operator.py took 0.061 seconds
[2023-03-11 04:11:03,444] {processor.py:153} INFO - Started process (PID=298) to work on /opt/airflow/dags/pipeline_bash_operator.py
[2023-03-11 04:11:03,445] {processor.py:641} INFO - Processing file /opt/airflow/dags/pipeline_bash_operator.py for tasks to queue
[2023-03-11 04:11:03,446] {logging_mixin.py:115} INFO - [2023-03-11 04:11:03,446] {dagbag.py:507} INFO - Filling up the DagBag from /opt/airflow/dags/pipeline_bash_operator.py
[2023-03-11 04:11:03,455] {processor.py:651} INFO - DAG(s) dict_keys(['pipeline_bash_operator']) retrieved from /opt/airflow/dags/pipeline_bash_operator.py
[2023-03-11 04:11:03,474] {logging_mixin.py:115} INFO - [2023-03-11 04:11:03,474] {dag.py:2371} INFO - Sync 1 DAGs
[2023-03-11 04:11:03,488] {logging_mixin.py:115} INFO - [2023-03-11 04:11:03,488] {dag.py:2919} INFO - Setting next_dagrun for pipeline_bash_operator to None, run_after=None
[2023-03-11 04:11:03,495] {processor.py:161} INFO - Processing /opt/airflow/dags/pipeline_bash_operator.py took 0.053 seconds
[2023-03-11 04:11:33,685] {processor.py:153} INFO - Started process (PID=317) to work on /opt/airflow/dags/pipeline_bash_operator.py
[2023-03-11 04:11:33,688] {processor.py:641} INFO - Processing file /opt/airflow/dags/pipeline_bash_operator.py for tasks to queue
[2023-03-11 04:11:33,690] {logging_mixin.py:115} INFO - [2023-03-11 04:11:33,690] {dagbag.py:507} INFO - Filling up the DagBag from /opt/airflow/dags/pipeline_bash_operator.py
[2023-03-11 04:11:33,702] {processor.py:651} INFO - DAG(s) dict_keys(['pipeline_bash_operator']) retrieved from /opt/airflow/dags/pipeline_bash_operator.py
[2023-03-11 04:11:33,723] {logging_mixin.py:115} INFO - [2023-03-11 04:11:33,723] {dag.py:2371} INFO - Sync 1 DAGs
[2023-03-11 04:11:33,736] {logging_mixin.py:115} INFO - [2023-03-11 04:11:33,736] {dag.py:2919} INFO - Setting next_dagrun for pipeline_bash_operator to None, run_after=None
[2023-03-11 04:11:33,743] {processor.py:161} INFO - Processing /opt/airflow/dags/pipeline_bash_operator.py took 0.062 seconds
[2023-03-11 04:12:03,933] {processor.py:153} INFO - Started process (PID=327) to work on /opt/airflow/dags/pipeline_bash_operator.py
[2023-03-11 04:12:03,936] {processor.py:641} INFO - Processing file /opt/airflow/dags/pipeline_bash_operator.py for tasks to queue
[2023-03-11 04:12:03,938] {logging_mixin.py:115} INFO - [2023-03-11 04:12:03,938] {dagbag.py:507} INFO - Filling up the DagBag from /opt/airflow/dags/pipeline_bash_operator.py
[2023-03-11 04:12:03,951] {processor.py:651} INFO - DAG(s) dict_keys(['pipeline_bash_operator']) retrieved from /opt/airflow/dags/pipeline_bash_operator.py
[2023-03-11 04:12:03,991] {logging_mixin.py:115} INFO - [2023-03-11 04:12:03,991] {dag.py:2371} INFO - Sync 1 DAGs
[2023-03-11 04:12:03,996] {logging_mixin.py:115} INFO - [2023-03-11 04:12:03,996] {dag.py:2390} INFO - Creating ORM DAG for pipeline_bash_operator
[2023-03-11 04:12:04,004] {logging_mixin.py:115} INFO - [2023-03-11 04:12:04,003] {dag.py:2919} INFO - Setting next_dagrun for pipeline_bash_operator to 2023-03-10T00:00:00+00:00, run_after=2023-03-10T00:00:00+00:00
[2023-03-11 04:12:04,012] {processor.py:161} INFO - Processing /opt/airflow/dags/pipeline_bash_operator.py took 0.083 seconds
[2023-03-11 04:12:34,137] {processor.py:153} INFO - Started process (PID=355) to work on /opt/airflow/dags/pipeline_bash_operator.py
[2023-03-11 04:12:34,140] {processor.py:641} INFO - Processing file /opt/airflow/dags/pipeline_bash_operator.py for tasks to queue
[2023-03-11 04:12:34,142] {logging_mixin.py:115} INFO - [2023-03-11 04:12:34,142] {dagbag.py:507} INFO - Filling up the DagBag from /opt/airflow/dags/pipeline_bash_operator.py
[2023-03-11 04:12:34,152] {processor.py:651} INFO - DAG(s) dict_keys(['pipeline_bash_operator']) retrieved from /opt/airflow/dags/pipeline_bash_operator.py
[2023-03-11 04:12:34,173] {logging_mixin.py:115} INFO - [2023-03-11 04:12:34,173] {dag.py:2371} INFO - Sync 1 DAGs
[2023-03-11 04:12:34,186] {logging_mixin.py:115} INFO - [2023-03-11 04:12:34,186] {dag.py:2919} INFO - Setting next_dagrun for pipeline_bash_operator to None, run_after=None
[2023-03-11 04:12:34,193] {processor.py:161} INFO - Processing /opt/airflow/dags/pipeline_bash_operator.py took 0.061 seconds
[2023-03-11 04:13:04,369] {processor.py:153} INFO - Started process (PID=374) to work on /opt/airflow/dags/pipeline_bash_operator.py
[2023-03-11 04:13:04,372] {processor.py:641} INFO - Processing file /opt/airflow/dags/pipeline_bash_operator.py for tasks to queue
[2023-03-11 04:13:04,375] {logging_mixin.py:115} INFO - [2023-03-11 04:13:04,375] {dagbag.py:507} INFO - Filling up the DagBag from /opt/airflow/dags/pipeline_bash_operator.py
[2023-03-11 04:13:04,386] {processor.py:651} INFO - DAG(s) dict_keys(['pipeline_bash_operator']) retrieved from /opt/airflow/dags/pipeline_bash_operator.py
[2023-03-11 04:13:04,406] {logging_mixin.py:115} INFO - [2023-03-11 04:13:04,406] {dag.py:2371} INFO - Sync 1 DAGs
[2023-03-11 04:13:04,419] {logging_mixin.py:115} INFO - [2023-03-11 04:13:04,419] {dag.py:2919} INFO - Setting next_dagrun for pipeline_bash_operator to None, run_after=None
[2023-03-11 04:13:04,425] {processor.py:161} INFO - Processing /opt/airflow/dags/pipeline_bash_operator.py took 0.063 seconds
[2023-03-11 04:13:34,737] {processor.py:153} INFO - Started process (PID=384) to work on /opt/airflow/dags/pipeline_bash_operator.py
[2023-03-11 04:13:34,740] {processor.py:641} INFO - Processing file /opt/airflow/dags/pipeline_bash_operator.py for tasks to queue
[2023-03-11 04:13:34,742] {logging_mixin.py:115} INFO - [2023-03-11 04:13:34,742] {dagbag.py:507} INFO - Filling up the DagBag from /opt/airflow/dags/pipeline_bash_operator.py
[2023-03-11 04:13:34,752] {processor.py:651} INFO - DAG(s) dict_keys(['pipeline_bash_operator']) retrieved from /opt/airflow/dags/pipeline_bash_operator.py
[2023-03-11 04:13:34,776] {logging_mixin.py:115} INFO - [2023-03-11 04:13:34,776] {dag.py:2371} INFO - Sync 1 DAGs
[2023-03-11 04:13:34,789] {logging_mixin.py:115} INFO - [2023-03-11 04:13:34,789] {dag.py:2919} INFO - Setting next_dagrun for pipeline_bash_operator to None, run_after=None
[2023-03-11 04:13:34,796] {processor.py:161} INFO - Processing /opt/airflow/dags/pipeline_bash_operator.py took 0.066 seconds
