[2023-03-08 00:33:54,982] {processor.py:153} INFO - Started process (PID=241) to work on /opt/airflow/dags/mysqloperator.py
[2023-03-08 00:33:54,984] {processor.py:641} INFO - Processing file /opt/airflow/dags/mysqloperator.py for tasks to queue
[2023-03-08 00:33:54,986] {logging_mixin.py:115} INFO - [2023-03-08 00:33:54,986] {dagbag.py:507} INFO - Filling up the DagBag from /opt/airflow/dags/mysqloperator.py
[2023-03-08 00:33:54,998] {processor.py:651} INFO - DAG(s) dict_keys(['mysqloperator_demo']) retrieved from /opt/airflow/dags/mysqloperator.py
[2023-03-08 00:33:55,075] {logging_mixin.py:115} INFO - [2023-03-08 00:33:55,075] {dag.py:2371} INFO - Sync 1 DAGs
[2023-03-08 00:33:55,098] {logging_mixin.py:115} INFO - [2023-03-08 00:33:55,098] {dag.py:2919} INFO - Setting next_dagrun for mysqloperator_demo to None, run_after=None
[2023-03-08 00:33:55,114] {processor.py:161} INFO - Processing /opt/airflow/dags/mysqloperator.py took 0.134 seconds
[2023-03-08 00:34:25,401] {processor.py:153} INFO - Started process (PID=261) to work on /opt/airflow/dags/mysqloperator.py
[2023-03-08 00:34:25,403] {processor.py:641} INFO - Processing file /opt/airflow/dags/mysqloperator.py for tasks to queue
[2023-03-08 00:34:25,405] {logging_mixin.py:115} INFO - [2023-03-08 00:34:25,405] {dagbag.py:507} INFO - Filling up the DagBag from /opt/airflow/dags/mysqloperator.py
[2023-03-08 00:34:25,416] {processor.py:651} INFO - DAG(s) dict_keys(['mysqloperator_demo']) retrieved from /opt/airflow/dags/mysqloperator.py
[2023-03-08 00:34:25,432] {logging_mixin.py:115} INFO - [2023-03-08 00:34:25,432] {dag.py:2371} INFO - Sync 1 DAGs
[2023-03-08 00:34:25,446] {logging_mixin.py:115} INFO - [2023-03-08 00:34:25,446] {dag.py:2919} INFO - Setting next_dagrun for mysqloperator_demo to None, run_after=None
[2023-03-08 00:34:25,454] {processor.py:161} INFO - Processing /opt/airflow/dags/mysqloperator.py took 0.054 seconds
[2023-03-08 00:34:55,761] {processor.py:153} INFO - Started process (PID=287) to work on /opt/airflow/dags/mysqloperator.py
[2023-03-08 00:34:55,762] {processor.py:641} INFO - Processing file /opt/airflow/dags/mysqloperator.py for tasks to queue
[2023-03-08 00:34:55,763] {logging_mixin.py:115} INFO - [2023-03-08 00:34:55,763] {dagbag.py:507} INFO - Filling up the DagBag from /opt/airflow/dags/mysqloperator.py
[2023-03-08 00:34:55,775] {processor.py:651} INFO - DAG(s) dict_keys(['mysqloperator_demo']) retrieved from /opt/airflow/dags/mysqloperator.py
[2023-03-08 00:34:55,793] {logging_mixin.py:115} INFO - [2023-03-08 00:34:55,793] {dag.py:2371} INFO - Sync 1 DAGs
[2023-03-08 00:34:55,808] {logging_mixin.py:115} INFO - [2023-03-08 00:34:55,808] {dag.py:2919} INFO - Setting next_dagrun for mysqloperator_demo to None, run_after=None
[2023-03-08 00:34:55,821] {processor.py:161} INFO - Processing /opt/airflow/dags/mysqloperator.py took 0.062 seconds
[2023-03-08 00:35:26,133] {processor.py:153} INFO - Started process (PID=313) to work on /opt/airflow/dags/mysqloperator.py
[2023-03-08 00:35:26,135] {processor.py:641} INFO - Processing file /opt/airflow/dags/mysqloperator.py for tasks to queue
[2023-03-08 00:35:26,136] {logging_mixin.py:115} INFO - [2023-03-08 00:35:26,136] {dagbag.py:507} INFO - Filling up the DagBag from /opt/airflow/dags/mysqloperator.py
[2023-03-08 00:35:26,146] {processor.py:651} INFO - DAG(s) dict_keys(['mysqloperator_demo']) retrieved from /opt/airflow/dags/mysqloperator.py
[2023-03-08 00:35:26,162] {logging_mixin.py:115} INFO - [2023-03-08 00:35:26,162] {dag.py:2371} INFO - Sync 1 DAGs
[2023-03-08 00:35:26,175] {logging_mixin.py:115} INFO - [2023-03-08 00:35:26,175] {dag.py:2919} INFO - Setting next_dagrun for mysqloperator_demo to None, run_after=None
[2023-03-08 00:35:26,182] {processor.py:161} INFO - Processing /opt/airflow/dags/mysqloperator.py took 0.051 seconds
[2023-03-08 00:35:56,597] {processor.py:153} INFO - Started process (PID=345) to work on /opt/airflow/dags/mysqloperator.py
[2023-03-08 00:35:56,598] {processor.py:641} INFO - Processing file /opt/airflow/dags/mysqloperator.py for tasks to queue
[2023-03-08 00:35:56,599] {logging_mixin.py:115} INFO - [2023-03-08 00:35:56,599] {dagbag.py:507} INFO - Filling up the DagBag from /opt/airflow/dags/mysqloperator.py
[2023-03-08 00:35:56,611] {processor.py:651} INFO - DAG(s) dict_keys(['mysqloperator_demo']) retrieved from /opt/airflow/dags/mysqloperator.py
[2023-03-08 00:35:56,626] {logging_mixin.py:115} INFO - [2023-03-08 00:35:56,626] {dag.py:2371} INFO - Sync 1 DAGs
[2023-03-08 00:35:56,639] {logging_mixin.py:115} INFO - [2023-03-08 00:35:56,639] {dag.py:2919} INFO - Setting next_dagrun for mysqloperator_demo to None, run_after=None
[2023-03-08 00:35:56,646] {processor.py:161} INFO - Processing /opt/airflow/dags/mysqloperator.py took 0.051 seconds
[2023-03-08 00:36:26,911] {processor.py:153} INFO - Started process (PID=365) to work on /opt/airflow/dags/mysqloperator.py
[2023-03-08 00:36:26,913] {processor.py:641} INFO - Processing file /opt/airflow/dags/mysqloperator.py for tasks to queue
[2023-03-08 00:36:26,914] {logging_mixin.py:115} INFO - [2023-03-08 00:36:26,914] {dagbag.py:507} INFO - Filling up the DagBag from /opt/airflow/dags/mysqloperator.py
[2023-03-08 00:36:26,925] {processor.py:651} INFO - DAG(s) dict_keys(['mysqloperator_demo']) retrieved from /opt/airflow/dags/mysqloperator.py
[2023-03-08 00:36:26,941] {logging_mixin.py:115} INFO - [2023-03-08 00:36:26,941] {dag.py:2371} INFO - Sync 1 DAGs
[2023-03-08 00:36:26,954] {logging_mixin.py:115} INFO - [2023-03-08 00:36:26,954] {dag.py:2919} INFO - Setting next_dagrun for mysqloperator_demo to None, run_after=None
[2023-03-08 00:36:26,963] {processor.py:161} INFO - Processing /opt/airflow/dags/mysqloperator.py took 0.053 seconds
[2023-03-08 00:36:57,234] {processor.py:153} INFO - Started process (PID=391) to work on /opt/airflow/dags/mysqloperator.py
[2023-03-08 00:36:57,235] {processor.py:641} INFO - Processing file /opt/airflow/dags/mysqloperator.py for tasks to queue
[2023-03-08 00:36:57,236] {logging_mixin.py:115} INFO - [2023-03-08 00:36:57,236] {dagbag.py:507} INFO - Filling up the DagBag from /opt/airflow/dags/mysqloperator.py
[2023-03-08 00:36:57,247] {processor.py:651} INFO - DAG(s) dict_keys(['mysqloperator_demo']) retrieved from /opt/airflow/dags/mysqloperator.py
[2023-03-08 00:36:57,263] {logging_mixin.py:115} INFO - [2023-03-08 00:36:57,263] {dag.py:2371} INFO - Sync 1 DAGs
[2023-03-08 00:36:57,277] {logging_mixin.py:115} INFO - [2023-03-08 00:36:57,277] {dag.py:2919} INFO - Setting next_dagrun for mysqloperator_demo to None, run_after=None
[2023-03-08 00:36:57,286] {processor.py:161} INFO - Processing /opt/airflow/dags/mysqloperator.py took 0.055 seconds
[2023-03-08 00:37:27,581] {processor.py:153} INFO - Started process (PID=417) to work on /opt/airflow/dags/mysqloperator.py
[2023-03-08 00:37:27,582] {processor.py:641} INFO - Processing file /opt/airflow/dags/mysqloperator.py for tasks to queue
[2023-03-08 00:37:27,583] {logging_mixin.py:115} INFO - [2023-03-08 00:37:27,583] {dagbag.py:507} INFO - Filling up the DagBag from /opt/airflow/dags/mysqloperator.py
[2023-03-08 00:37:27,596] {processor.py:651} INFO - DAG(s) dict_keys(['mysqloperator_demo']) retrieved from /opt/airflow/dags/mysqloperator.py
[2023-03-08 00:37:27,612] {logging_mixin.py:115} INFO - [2023-03-08 00:37:27,612] {dag.py:2371} INFO - Sync 1 DAGs
[2023-03-08 00:37:27,624] {logging_mixin.py:115} INFO - [2023-03-08 00:37:27,624] {dag.py:2919} INFO - Setting next_dagrun for mysqloperator_demo to None, run_after=None
[2023-03-08 00:37:27,633] {processor.py:161} INFO - Processing /opt/airflow/dags/mysqloperator.py took 0.054 seconds
[2023-03-08 00:37:57,911] {processor.py:153} INFO - Started process (PID=443) to work on /opt/airflow/dags/mysqloperator.py
[2023-03-08 00:37:57,912] {processor.py:641} INFO - Processing file /opt/airflow/dags/mysqloperator.py for tasks to queue
[2023-03-08 00:37:57,913] {logging_mixin.py:115} INFO - [2023-03-08 00:37:57,913] {dagbag.py:507} INFO - Filling up the DagBag from /opt/airflow/dags/mysqloperator.py
[2023-03-08 00:37:57,924] {processor.py:651} INFO - DAG(s) dict_keys(['mysqloperator_demo']) retrieved from /opt/airflow/dags/mysqloperator.py
[2023-03-08 00:37:57,940] {logging_mixin.py:115} INFO - [2023-03-08 00:37:57,940] {dag.py:2371} INFO - Sync 1 DAGs
[2023-03-08 00:37:57,953] {logging_mixin.py:115} INFO - [2023-03-08 00:37:57,953] {dag.py:2919} INFO - Setting next_dagrun for mysqloperator_demo to None, run_after=None
[2023-03-08 00:37:57,962] {processor.py:161} INFO - Processing /opt/airflow/dags/mysqloperator.py took 0.053 seconds
[2023-03-08 00:38:28,239] {processor.py:153} INFO - Started process (PID=469) to work on /opt/airflow/dags/mysqloperator.py
[2023-03-08 00:38:28,240] {processor.py:641} INFO - Processing file /opt/airflow/dags/mysqloperator.py for tasks to queue
[2023-03-08 00:38:28,241] {logging_mixin.py:115} INFO - [2023-03-08 00:38:28,241] {dagbag.py:507} INFO - Filling up the DagBag from /opt/airflow/dags/mysqloperator.py
[2023-03-08 00:38:28,253] {processor.py:651} INFO - DAG(s) dict_keys(['mysqloperator_demo']) retrieved from /opt/airflow/dags/mysqloperator.py
[2023-03-08 00:38:28,271] {logging_mixin.py:115} INFO - [2023-03-08 00:38:28,271] {dag.py:2371} INFO - Sync 1 DAGs
[2023-03-08 00:38:28,284] {logging_mixin.py:115} INFO - [2023-03-08 00:38:28,284] {dag.py:2919} INFO - Setting next_dagrun for mysqloperator_demo to None, run_after=None
[2023-03-08 00:38:28,292] {processor.py:161} INFO - Processing /opt/airflow/dags/mysqloperator.py took 0.055 seconds
[2023-03-08 00:38:58,760] {processor.py:153} INFO - Started process (PID=500) to work on /opt/airflow/dags/mysqloperator.py
[2023-03-08 00:38:58,761] {processor.py:641} INFO - Processing file /opt/airflow/dags/mysqloperator.py for tasks to queue
[2023-03-08 00:38:58,762] {logging_mixin.py:115} INFO - [2023-03-08 00:38:58,762] {dagbag.py:507} INFO - Filling up the DagBag from /opt/airflow/dags/mysqloperator.py
[2023-03-08 00:38:58,771] {processor.py:651} INFO - DAG(s) dict_keys(['mysqloperator_demo']) retrieved from /opt/airflow/dags/mysqloperator.py
[2023-03-08 00:38:58,786] {logging_mixin.py:115} INFO - [2023-03-08 00:38:58,786] {dag.py:2371} INFO - Sync 1 DAGs
[2023-03-08 00:38:58,799] {logging_mixin.py:115} INFO - [2023-03-08 00:38:58,799] {dag.py:2919} INFO - Setting next_dagrun for mysqloperator_demo to None, run_after=None
[2023-03-08 00:38:58,807] {processor.py:161} INFO - Processing /opt/airflow/dags/mysqloperator.py took 0.049 seconds
[2023-03-08 00:39:29,178] {processor.py:153} INFO - Started process (PID=527) to work on /opt/airflow/dags/mysqloperator.py
[2023-03-08 00:39:29,179] {processor.py:641} INFO - Processing file /opt/airflow/dags/mysqloperator.py for tasks to queue
[2023-03-08 00:39:29,180] {logging_mixin.py:115} INFO - [2023-03-08 00:39:29,180] {dagbag.py:507} INFO - Filling up the DagBag from /opt/airflow/dags/mysqloperator.py
[2023-03-08 00:39:29,189] {processor.py:651} INFO - DAG(s) dict_keys(['mysqloperator_demo']) retrieved from /opt/airflow/dags/mysqloperator.py
[2023-03-08 00:39:29,205] {logging_mixin.py:115} INFO - [2023-03-08 00:39:29,205] {dag.py:2371} INFO - Sync 1 DAGs
[2023-03-08 00:39:29,218] {logging_mixin.py:115} INFO - [2023-03-08 00:39:29,218] {dag.py:2919} INFO - Setting next_dagrun for mysqloperator_demo to None, run_after=None
[2023-03-08 00:39:29,226] {processor.py:161} INFO - Processing /opt/airflow/dags/mysqloperator.py took 0.050 seconds
[2023-03-08 00:39:59,615] {processor.py:153} INFO - Started process (PID=553) to work on /opt/airflow/dags/mysqloperator.py
[2023-03-08 00:39:59,616] {processor.py:641} INFO - Processing file /opt/airflow/dags/mysqloperator.py for tasks to queue
[2023-03-08 00:39:59,617] {logging_mixin.py:115} INFO - [2023-03-08 00:39:59,617] {dagbag.py:507} INFO - Filling up the DagBag from /opt/airflow/dags/mysqloperator.py
[2023-03-08 00:39:59,625] {processor.py:651} INFO - DAG(s) dict_keys(['mysqloperator_demo']) retrieved from /opt/airflow/dags/mysqloperator.py
[2023-03-08 00:39:59,642] {logging_mixin.py:115} INFO - [2023-03-08 00:39:59,642] {dag.py:2371} INFO - Sync 1 DAGs
[2023-03-08 00:39:59,655] {logging_mixin.py:115} INFO - [2023-03-08 00:39:59,655] {dag.py:2919} INFO - Setting next_dagrun for mysqloperator_demo to None, run_after=None
[2023-03-08 00:39:59,662] {processor.py:161} INFO - Processing /opt/airflow/dags/mysqloperator.py took 0.050 seconds
[2023-03-08 00:40:30,005] {processor.py:153} INFO - Started process (PID=578) to work on /opt/airflow/dags/mysqloperator.py
[2023-03-08 00:40:30,006] {processor.py:641} INFO - Processing file /opt/airflow/dags/mysqloperator.py for tasks to queue
[2023-03-08 00:40:30,008] {logging_mixin.py:115} INFO - [2023-03-08 00:40:30,008] {dagbag.py:507} INFO - Filling up the DagBag from /opt/airflow/dags/mysqloperator.py
[2023-03-08 00:40:30,017] {processor.py:651} INFO - DAG(s) dict_keys(['mysqloperator_demo']) retrieved from /opt/airflow/dags/mysqloperator.py
[2023-03-08 00:40:30,033] {logging_mixin.py:115} INFO - [2023-03-08 00:40:30,033] {dag.py:2371} INFO - Sync 1 DAGs
[2023-03-08 00:40:30,046] {logging_mixin.py:115} INFO - [2023-03-08 00:40:30,046] {dag.py:2919} INFO - Setting next_dagrun for mysqloperator_demo to None, run_after=None
[2023-03-08 00:40:30,054] {processor.py:161} INFO - Processing /opt/airflow/dags/mysqloperator.py took 0.051 seconds
[2023-03-08 00:41:00,430] {processor.py:153} INFO - Started process (PID=605) to work on /opt/airflow/dags/mysqloperator.py
[2023-03-08 00:41:00,432] {processor.py:641} INFO - Processing file /opt/airflow/dags/mysqloperator.py for tasks to queue
[2023-03-08 00:41:00,433] {logging_mixin.py:115} INFO - [2023-03-08 00:41:00,433] {dagbag.py:507} INFO - Filling up the DagBag from /opt/airflow/dags/mysqloperator.py
[2023-03-08 00:41:00,442] {processor.py:651} INFO - DAG(s) dict_keys(['mysqloperator_demo']) retrieved from /opt/airflow/dags/mysqloperator.py
[2023-03-08 00:41:00,459] {logging_mixin.py:115} INFO - [2023-03-08 00:41:00,458] {dag.py:2371} INFO - Sync 1 DAGs
[2023-03-08 00:41:00,473] {logging_mixin.py:115} INFO - [2023-03-08 00:41:00,473] {dag.py:2919} INFO - Setting next_dagrun for mysqloperator_demo to None, run_after=None
[2023-03-08 00:41:00,480] {processor.py:161} INFO - Processing /opt/airflow/dags/mysqloperator.py took 0.052 seconds
[2023-03-08 00:41:30,849] {processor.py:153} INFO - Started process (PID=630) to work on /opt/airflow/dags/mysqloperator.py
[2023-03-08 00:41:30,852] {processor.py:641} INFO - Processing file /opt/airflow/dags/mysqloperator.py for tasks to queue
[2023-03-08 00:41:30,853] {logging_mixin.py:115} INFO - [2023-03-08 00:41:30,853] {dagbag.py:507} INFO - Filling up the DagBag from /opt/airflow/dags/mysqloperator.py
[2023-03-08 00:41:30,863] {processor.py:651} INFO - DAG(s) dict_keys(['mysqloperator_demo']) retrieved from /opt/airflow/dags/mysqloperator.py
[2023-03-08 00:41:30,879] {logging_mixin.py:115} INFO - [2023-03-08 00:41:30,879] {dag.py:2371} INFO - Sync 1 DAGs
[2023-03-08 00:41:30,893] {logging_mixin.py:115} INFO - [2023-03-08 00:41:30,893] {dag.py:2919} INFO - Setting next_dagrun for mysqloperator_demo to None, run_after=None
[2023-03-08 00:41:30,901] {processor.py:161} INFO - Processing /opt/airflow/dags/mysqloperator.py took 0.054 seconds
[2023-03-08 00:42:01,162] {processor.py:153} INFO - Started process (PID=651) to work on /opt/airflow/dags/mysqloperator.py
[2023-03-08 00:42:01,164] {processor.py:641} INFO - Processing file /opt/airflow/dags/mysqloperator.py for tasks to queue
[2023-03-08 00:42:01,165] {logging_mixin.py:115} INFO - [2023-03-08 00:42:01,165] {dagbag.py:507} INFO - Filling up the DagBag from /opt/airflow/dags/mysqloperator.py
[2023-03-08 00:42:01,174] {processor.py:651} INFO - DAG(s) dict_keys(['mysqloperator_demo']) retrieved from /opt/airflow/dags/mysqloperator.py
[2023-03-08 00:42:01,191] {logging_mixin.py:115} INFO - [2023-03-08 00:42:01,191] {dag.py:2371} INFO - Sync 1 DAGs
[2023-03-08 00:42:01,205] {logging_mixin.py:115} INFO - [2023-03-08 00:42:01,205] {dag.py:2919} INFO - Setting next_dagrun for mysqloperator_demo to None, run_after=None
[2023-03-08 00:42:01,214] {processor.py:161} INFO - Processing /opt/airflow/dags/mysqloperator.py took 0.054 seconds
[2023-03-08 00:42:31,550] {processor.py:153} INFO - Started process (PID=677) to work on /opt/airflow/dags/mysqloperator.py
[2023-03-08 00:42:31,552] {processor.py:641} INFO - Processing file /opt/airflow/dags/mysqloperator.py for tasks to queue
[2023-03-08 00:42:31,554] {logging_mixin.py:115} INFO - [2023-03-08 00:42:31,554] {dagbag.py:507} INFO - Filling up the DagBag from /opt/airflow/dags/mysqloperator.py
[2023-03-08 00:42:31,564] {processor.py:651} INFO - DAG(s) dict_keys(['mysqloperator_demo']) retrieved from /opt/airflow/dags/mysqloperator.py
[2023-03-08 00:42:31,582] {logging_mixin.py:115} INFO - [2023-03-08 00:42:31,582] {dag.py:2371} INFO - Sync 1 DAGs
[2023-03-08 00:42:31,597] {logging_mixin.py:115} INFO - [2023-03-08 00:42:31,596] {dag.py:2919} INFO - Setting next_dagrun for mysqloperator_demo to None, run_after=None
[2023-03-08 00:42:31,604] {processor.py:161} INFO - Processing /opt/airflow/dags/mysqloperator.py took 0.056 seconds
[2023-03-08 00:43:01,927] {processor.py:153} INFO - Started process (PID=703) to work on /opt/airflow/dags/mysqloperator.py
[2023-03-08 00:43:01,928] {processor.py:641} INFO - Processing file /opt/airflow/dags/mysqloperator.py for tasks to queue
[2023-03-08 00:43:01,929] {logging_mixin.py:115} INFO - [2023-03-08 00:43:01,929] {dagbag.py:507} INFO - Filling up the DagBag from /opt/airflow/dags/mysqloperator.py
[2023-03-08 00:43:01,938] {processor.py:651} INFO - DAG(s) dict_keys(['mysqloperator_demo']) retrieved from /opt/airflow/dags/mysqloperator.py
[2023-03-08 00:43:01,958] {logging_mixin.py:115} INFO - [2023-03-08 00:43:01,958] {dag.py:2371} INFO - Sync 1 DAGs
[2023-03-08 00:43:01,976] {logging_mixin.py:115} INFO - [2023-03-08 00:43:01,976] {dag.py:2919} INFO - Setting next_dagrun for mysqloperator_demo to None, run_after=None
[2023-03-08 00:43:01,984] {processor.py:161} INFO - Processing /opt/airflow/dags/mysqloperator.py took 0.059 seconds
[2023-03-08 00:43:32,288] {processor.py:153} INFO - Started process (PID=729) to work on /opt/airflow/dags/mysqloperator.py
[2023-03-08 00:43:32,289] {processor.py:641} INFO - Processing file /opt/airflow/dags/mysqloperator.py for tasks to queue
[2023-03-08 00:43:32,290] {logging_mixin.py:115} INFO - [2023-03-08 00:43:32,290] {dagbag.py:507} INFO - Filling up the DagBag from /opt/airflow/dags/mysqloperator.py
[2023-03-08 00:43:32,301] {processor.py:651} INFO - DAG(s) dict_keys(['mysqloperator_demo']) retrieved from /opt/airflow/dags/mysqloperator.py
[2023-03-08 00:43:32,317] {logging_mixin.py:115} INFO - [2023-03-08 00:43:32,317] {dag.py:2371} INFO - Sync 1 DAGs
[2023-03-08 00:43:32,332] {logging_mixin.py:115} INFO - [2023-03-08 00:43:32,332] {dag.py:2919} INFO - Setting next_dagrun for mysqloperator_demo to None, run_after=None
[2023-03-08 00:43:32,339] {processor.py:161} INFO - Processing /opt/airflow/dags/mysqloperator.py took 0.054 seconds
[2023-03-08 00:44:02,795] {processor.py:153} INFO - Started process (PID=761) to work on /opt/airflow/dags/mysqloperator.py
[2023-03-08 00:44:02,797] {processor.py:641} INFO - Processing file /opt/airflow/dags/mysqloperator.py for tasks to queue
[2023-03-08 00:44:02,798] {logging_mixin.py:115} INFO - [2023-03-08 00:44:02,798] {dagbag.py:507} INFO - Filling up the DagBag from /opt/airflow/dags/mysqloperator.py
[2023-03-08 00:44:02,807] {processor.py:651} INFO - DAG(s) dict_keys(['mysqloperator_demo']) retrieved from /opt/airflow/dags/mysqloperator.py
[2023-03-08 00:44:02,824] {logging_mixin.py:115} INFO - [2023-03-08 00:44:02,824] {dag.py:2371} INFO - Sync 1 DAGs
[2023-03-08 00:44:02,838] {logging_mixin.py:115} INFO - [2023-03-08 00:44:02,838] {dag.py:2919} INFO - Setting next_dagrun for mysqloperator_demo to None, run_after=None
[2023-03-08 00:44:02,847] {processor.py:161} INFO - Processing /opt/airflow/dags/mysqloperator.py took 0.054 seconds
[2023-03-08 00:44:33,168] {processor.py:153} INFO - Started process (PID=787) to work on /opt/airflow/dags/mysqloperator.py
[2023-03-08 00:44:33,169] {processor.py:641} INFO - Processing file /opt/airflow/dags/mysqloperator.py for tasks to queue
[2023-03-08 00:44:33,170] {logging_mixin.py:115} INFO - [2023-03-08 00:44:33,170] {dagbag.py:507} INFO - Filling up the DagBag from /opt/airflow/dags/mysqloperator.py
[2023-03-08 00:44:33,180] {processor.py:651} INFO - DAG(s) dict_keys(['mysqloperator_demo']) retrieved from /opt/airflow/dags/mysqloperator.py
[2023-03-08 00:44:33,196] {logging_mixin.py:115} INFO - [2023-03-08 00:44:33,196] {dag.py:2371} INFO - Sync 1 DAGs
[2023-03-08 00:44:33,210] {logging_mixin.py:115} INFO - [2023-03-08 00:44:33,210] {dag.py:2919} INFO - Setting next_dagrun for mysqloperator_demo to None, run_after=None
[2023-03-08 00:44:33,218] {processor.py:161} INFO - Processing /opt/airflow/dags/mysqloperator.py took 0.052 seconds
[2023-03-08 00:45:03,565] {processor.py:153} INFO - Started process (PID=813) to work on /opt/airflow/dags/mysqloperator.py
[2023-03-08 00:45:03,566] {processor.py:641} INFO - Processing file /opt/airflow/dags/mysqloperator.py for tasks to queue
[2023-03-08 00:45:03,567] {logging_mixin.py:115} INFO - [2023-03-08 00:45:03,567] {dagbag.py:507} INFO - Filling up the DagBag from /opt/airflow/dags/mysqloperator.py
[2023-03-08 00:45:03,576] {processor.py:651} INFO - DAG(s) dict_keys(['mysqloperator_demo']) retrieved from /opt/airflow/dags/mysqloperator.py
[2023-03-08 00:45:03,594] {logging_mixin.py:115} INFO - [2023-03-08 00:45:03,594] {dag.py:2371} INFO - Sync 1 DAGs
[2023-03-08 00:45:03,607] {logging_mixin.py:115} INFO - [2023-03-08 00:45:03,607] {dag.py:2919} INFO - Setting next_dagrun for mysqloperator_demo to None, run_after=None
[2023-03-08 00:45:03,615] {processor.py:161} INFO - Processing /opt/airflow/dags/mysqloperator.py took 0.052 seconds
[2023-03-08 00:45:33,955] {processor.py:153} INFO - Started process (PID=839) to work on /opt/airflow/dags/mysqloperator.py
[2023-03-08 00:45:33,957] {processor.py:641} INFO - Processing file /opt/airflow/dags/mysqloperator.py for tasks to queue
[2023-03-08 00:45:33,957] {logging_mixin.py:115} INFO - [2023-03-08 00:45:33,957] {dagbag.py:507} INFO - Filling up the DagBag from /opt/airflow/dags/mysqloperator.py
[2023-03-08 00:45:33,967] {processor.py:651} INFO - DAG(s) dict_keys(['mysqloperator_demo']) retrieved from /opt/airflow/dags/mysqloperator.py
[2023-03-08 00:45:33,985] {logging_mixin.py:115} INFO - [2023-03-08 00:45:33,985] {dag.py:2371} INFO - Sync 1 DAGs
[2023-03-08 00:45:33,998] {logging_mixin.py:115} INFO - [2023-03-08 00:45:33,998] {dag.py:2919} INFO - Setting next_dagrun for mysqloperator_demo to None, run_after=None
[2023-03-08 00:45:34,006] {processor.py:161} INFO - Processing /opt/airflow/dags/mysqloperator.py took 0.053 seconds
[2023-03-08 00:46:04,264] {processor.py:153} INFO - Started process (PID=859) to work on /opt/airflow/dags/mysqloperator.py
[2023-03-08 00:46:04,266] {processor.py:641} INFO - Processing file /opt/airflow/dags/mysqloperator.py for tasks to queue
[2023-03-08 00:46:04,267] {logging_mixin.py:115} INFO - [2023-03-08 00:46:04,267] {dagbag.py:507} INFO - Filling up the DagBag from /opt/airflow/dags/mysqloperator.py
[2023-03-08 00:46:04,276] {processor.py:651} INFO - DAG(s) dict_keys(['mysqloperator_demo']) retrieved from /opt/airflow/dags/mysqloperator.py
[2023-03-08 00:46:04,295] {logging_mixin.py:115} INFO - [2023-03-08 00:46:04,295] {dag.py:2371} INFO - Sync 1 DAGs
[2023-03-08 00:46:04,313] {logging_mixin.py:115} INFO - [2023-03-08 00:46:04,312] {dag.py:2919} INFO - Setting next_dagrun for mysqloperator_demo to None, run_after=None
[2023-03-08 00:46:04,321] {processor.py:161} INFO - Processing /opt/airflow/dags/mysqloperator.py took 0.059 seconds
[2023-03-08 00:46:34,601] {processor.py:153} INFO - Started process (PID=885) to work on /opt/airflow/dags/mysqloperator.py
[2023-03-08 00:46:34,602] {processor.py:641} INFO - Processing file /opt/airflow/dags/mysqloperator.py for tasks to queue
[2023-03-08 00:46:34,604] {logging_mixin.py:115} INFO - [2023-03-08 00:46:34,604] {dagbag.py:507} INFO - Filling up the DagBag from /opt/airflow/dags/mysqloperator.py
[2023-03-08 00:46:34,613] {processor.py:651} INFO - DAG(s) dict_keys(['mysqloperator_demo']) retrieved from /opt/airflow/dags/mysqloperator.py
[2023-03-08 00:46:34,630] {logging_mixin.py:115} INFO - [2023-03-08 00:46:34,630] {dag.py:2371} INFO - Sync 1 DAGs
[2023-03-08 00:46:34,645] {logging_mixin.py:115} INFO - [2023-03-08 00:46:34,645] {dag.py:2919} INFO - Setting next_dagrun for mysqloperator_demo to None, run_after=None
[2023-03-08 00:46:34,656] {processor.py:161} INFO - Processing /opt/airflow/dags/mysqloperator.py took 0.058 seconds
[2023-03-08 00:47:04,941] {processor.py:153} INFO - Started process (PID=911) to work on /opt/airflow/dags/mysqloperator.py
[2023-03-08 00:47:04,943] {processor.py:641} INFO - Processing file /opt/airflow/dags/mysqloperator.py for tasks to queue
[2023-03-08 00:47:04,944] {logging_mixin.py:115} INFO - [2023-03-08 00:47:04,944] {dagbag.py:507} INFO - Filling up the DagBag from /opt/airflow/dags/mysqloperator.py
[2023-03-08 00:47:04,952] {processor.py:651} INFO - DAG(s) dict_keys(['mysqloperator_demo']) retrieved from /opt/airflow/dags/mysqloperator.py
[2023-03-08 00:47:04,970] {logging_mixin.py:115} INFO - [2023-03-08 00:47:04,970] {dag.py:2371} INFO - Sync 1 DAGs
[2023-03-08 00:47:04,985] {logging_mixin.py:115} INFO - [2023-03-08 00:47:04,985] {dag.py:2919} INFO - Setting next_dagrun for mysqloperator_demo to None, run_after=None
[2023-03-08 00:47:04,993] {processor.py:161} INFO - Processing /opt/airflow/dags/mysqloperator.py took 0.054 seconds
[2023-03-08 00:47:35,264] {processor.py:153} INFO - Started process (PID=937) to work on /opt/airflow/dags/mysqloperator.py
[2023-03-08 00:47:35,265] {processor.py:641} INFO - Processing file /opt/airflow/dags/mysqloperator.py for tasks to queue
[2023-03-08 00:47:35,266] {logging_mixin.py:115} INFO - [2023-03-08 00:47:35,266] {dagbag.py:507} INFO - Filling up the DagBag from /opt/airflow/dags/mysqloperator.py
[2023-03-08 00:47:35,274] {processor.py:651} INFO - DAG(s) dict_keys(['mysqloperator_demo']) retrieved from /opt/airflow/dags/mysqloperator.py
[2023-03-08 00:47:35,290] {logging_mixin.py:115} INFO - [2023-03-08 00:47:35,290] {dag.py:2371} INFO - Sync 1 DAGs
[2023-03-08 00:47:35,303] {logging_mixin.py:115} INFO - [2023-03-08 00:47:35,302] {dag.py:2919} INFO - Setting next_dagrun for mysqloperator_demo to None, run_after=None
[2023-03-08 00:47:35,310] {processor.py:161} INFO - Processing /opt/airflow/dags/mysqloperator.py took 0.048 seconds
[2023-03-08 00:48:05,651] {processor.py:153} INFO - Started process (PID=963) to work on /opt/airflow/dags/mysqloperator.py
[2023-03-08 00:48:05,653] {processor.py:641} INFO - Processing file /opt/airflow/dags/mysqloperator.py for tasks to queue
[2023-03-08 00:48:05,654] {logging_mixin.py:115} INFO - [2023-03-08 00:48:05,654] {dagbag.py:507} INFO - Filling up the DagBag from /opt/airflow/dags/mysqloperator.py
[2023-03-08 00:48:05,663] {processor.py:651} INFO - DAG(s) dict_keys(['mysqloperator_demo']) retrieved from /opt/airflow/dags/mysqloperator.py
[2023-03-08 00:48:05,680] {logging_mixin.py:115} INFO - [2023-03-08 00:48:05,680] {dag.py:2371} INFO - Sync 1 DAGs
[2023-03-08 00:48:05,694] {logging_mixin.py:115} INFO - [2023-03-08 00:48:05,694] {dag.py:2919} INFO - Setting next_dagrun for mysqloperator_demo to None, run_after=None
[2023-03-08 00:48:05,705] {processor.py:161} INFO - Processing /opt/airflow/dags/mysqloperator.py took 0.056 seconds
[2023-03-08 00:48:35,986] {processor.py:153} INFO - Started process (PID=989) to work on /opt/airflow/dags/mysqloperator.py
[2023-03-08 00:48:35,988] {processor.py:641} INFO - Processing file /opt/airflow/dags/mysqloperator.py for tasks to queue
[2023-03-08 00:48:35,989] {logging_mixin.py:115} INFO - [2023-03-08 00:48:35,989] {dagbag.py:507} INFO - Filling up the DagBag from /opt/airflow/dags/mysqloperator.py
[2023-03-08 00:48:35,997] {processor.py:651} INFO - DAG(s) dict_keys(['mysqloperator_demo']) retrieved from /opt/airflow/dags/mysqloperator.py
[2023-03-08 00:48:36,014] {logging_mixin.py:115} INFO - [2023-03-08 00:48:36,014] {dag.py:2371} INFO - Sync 1 DAGs
[2023-03-08 00:48:36,028] {logging_mixin.py:115} INFO - [2023-03-08 00:48:36,028] {dag.py:2919} INFO - Setting next_dagrun for mysqloperator_demo to None, run_after=None
[2023-03-08 00:48:36,036] {processor.py:161} INFO - Processing /opt/airflow/dags/mysqloperator.py took 0.052 seconds
[2023-03-08 00:49:06,485] {processor.py:153} INFO - Started process (PID=1021) to work on /opt/airflow/dags/mysqloperator.py
[2023-03-08 00:49:06,486] {processor.py:641} INFO - Processing file /opt/airflow/dags/mysqloperator.py for tasks to queue
[2023-03-08 00:49:06,487] {logging_mixin.py:115} INFO - [2023-03-08 00:49:06,487] {dagbag.py:507} INFO - Filling up the DagBag from /opt/airflow/dags/mysqloperator.py
[2023-03-08 00:49:06,497] {processor.py:651} INFO - DAG(s) dict_keys(['mysqloperator_demo']) retrieved from /opt/airflow/dags/mysqloperator.py
[2023-03-08 00:49:06,514] {logging_mixin.py:115} INFO - [2023-03-08 00:49:06,514] {dag.py:2371} INFO - Sync 1 DAGs
[2023-03-08 00:49:06,529] {logging_mixin.py:115} INFO - [2023-03-08 00:49:06,529] {dag.py:2919} INFO - Setting next_dagrun for mysqloperator_demo to None, run_after=None
[2023-03-08 00:49:06,538] {processor.py:161} INFO - Processing /opt/airflow/dags/mysqloperator.py took 0.055 seconds
[2023-03-08 00:49:36,902] {processor.py:153} INFO - Started process (PID=1047) to work on /opt/airflow/dags/mysqloperator.py
[2023-03-08 00:49:36,904] {processor.py:641} INFO - Processing file /opt/airflow/dags/mysqloperator.py for tasks to queue
[2023-03-08 00:49:36,905] {logging_mixin.py:115} INFO - [2023-03-08 00:49:36,905] {dagbag.py:507} INFO - Filling up the DagBag from /opt/airflow/dags/mysqloperator.py
[2023-03-08 00:49:36,914] {processor.py:651} INFO - DAG(s) dict_keys(['mysqloperator_demo']) retrieved from /opt/airflow/dags/mysqloperator.py
[2023-03-08 00:49:36,932] {logging_mixin.py:115} INFO - [2023-03-08 00:49:36,932] {dag.py:2371} INFO - Sync 1 DAGs
[2023-03-08 00:49:36,945] {logging_mixin.py:115} INFO - [2023-03-08 00:49:36,945] {dag.py:2919} INFO - Setting next_dagrun for mysqloperator_demo to None, run_after=None
[2023-03-08 00:49:36,952] {processor.py:161} INFO - Processing /opt/airflow/dags/mysqloperator.py took 0.052 seconds
[2023-03-08 00:50:07,276] {processor.py:153} INFO - Started process (PID=1073) to work on /opt/airflow/dags/mysqloperator.py
[2023-03-08 00:50:07,277] {processor.py:641} INFO - Processing file /opt/airflow/dags/mysqloperator.py for tasks to queue
[2023-03-08 00:50:07,279] {logging_mixin.py:115} INFO - [2023-03-08 00:50:07,279] {dagbag.py:507} INFO - Filling up the DagBag from /opt/airflow/dags/mysqloperator.py
[2023-03-08 00:50:07,288] {processor.py:651} INFO - DAG(s) dict_keys(['mysqloperator_demo']) retrieved from /opt/airflow/dags/mysqloperator.py
[2023-03-08 00:50:07,305] {logging_mixin.py:115} INFO - [2023-03-08 00:50:07,305] {dag.py:2371} INFO - Sync 1 DAGs
[2023-03-08 00:50:07,319] {logging_mixin.py:115} INFO - [2023-03-08 00:50:07,319] {dag.py:2919} INFO - Setting next_dagrun for mysqloperator_demo to None, run_after=None
[2023-03-08 00:50:07,327] {processor.py:161} INFO - Processing /opt/airflow/dags/mysqloperator.py took 0.053 seconds
[2023-03-08 00:50:37,711] {processor.py:153} INFO - Started process (PID=1099) to work on /opt/airflow/dags/mysqloperator.py
[2023-03-08 00:50:37,713] {processor.py:641} INFO - Processing file /opt/airflow/dags/mysqloperator.py for tasks to queue
[2023-03-08 00:50:37,714] {logging_mixin.py:115} INFO - [2023-03-08 00:50:37,714] {dagbag.py:507} INFO - Filling up the DagBag from /opt/airflow/dags/mysqloperator.py
[2023-03-08 00:50:37,724] {processor.py:651} INFO - DAG(s) dict_keys(['mysqloperator_demo']) retrieved from /opt/airflow/dags/mysqloperator.py
[2023-03-08 00:50:37,742] {logging_mixin.py:115} INFO - [2023-03-08 00:50:37,742] {dag.py:2371} INFO - Sync 1 DAGs
[2023-03-08 00:50:37,755] {logging_mixin.py:115} INFO - [2023-03-08 00:50:37,755] {dag.py:2919} INFO - Setting next_dagrun for mysqloperator_demo to None, run_after=None
[2023-03-08 00:50:37,763] {processor.py:161} INFO - Processing /opt/airflow/dags/mysqloperator.py took 0.054 seconds
[2023-03-08 00:51:08,130] {processor.py:153} INFO - Started process (PID=1124) to work on /opt/airflow/dags/mysqloperator.py
[2023-03-08 00:51:08,131] {processor.py:641} INFO - Processing file /opt/airflow/dags/mysqloperator.py for tasks to queue
[2023-03-08 00:51:08,133] {logging_mixin.py:115} INFO - [2023-03-08 00:51:08,133] {dagbag.py:507} INFO - Filling up the DagBag from /opt/airflow/dags/mysqloperator.py
[2023-03-08 00:51:08,143] {processor.py:651} INFO - DAG(s) dict_keys(['mysqloperator_demo']) retrieved from /opt/airflow/dags/mysqloperator.py
[2023-03-08 00:51:08,161] {logging_mixin.py:115} INFO - [2023-03-08 00:51:08,161] {dag.py:2371} INFO - Sync 1 DAGs
[2023-03-08 00:51:08,174] {logging_mixin.py:115} INFO - [2023-03-08 00:51:08,174] {dag.py:2919} INFO - Setting next_dagrun for mysqloperator_demo to None, run_after=None
[2023-03-08 00:51:08,182] {processor.py:161} INFO - Processing /opt/airflow/dags/mysqloperator.py took 0.053 seconds
[2023-03-08 00:51:38,554] {processor.py:153} INFO - Started process (PID=1150) to work on /opt/airflow/dags/mysqloperator.py
[2023-03-08 00:51:38,555] {processor.py:641} INFO - Processing file /opt/airflow/dags/mysqloperator.py for tasks to queue
[2023-03-08 00:51:38,556] {logging_mixin.py:115} INFO - [2023-03-08 00:51:38,556] {dagbag.py:507} INFO - Filling up the DagBag from /opt/airflow/dags/mysqloperator.py
[2023-03-08 00:51:38,566] {processor.py:651} INFO - DAG(s) dict_keys(['mysqloperator_demo']) retrieved from /opt/airflow/dags/mysqloperator.py
[2023-03-08 00:51:38,582] {logging_mixin.py:115} INFO - [2023-03-08 00:51:38,582] {dag.py:2371} INFO - Sync 1 DAGs
[2023-03-08 00:51:38,596] {logging_mixin.py:115} INFO - [2023-03-08 00:51:38,596] {dag.py:2919} INFO - Setting next_dagrun for mysqloperator_demo to None, run_after=None
[2023-03-08 00:51:38,604] {processor.py:161} INFO - Processing /opt/airflow/dags/mysqloperator.py took 0.052 seconds
[2023-03-08 00:52:08,977] {processor.py:153} INFO - Started process (PID=1176) to work on /opt/airflow/dags/mysqloperator.py
[2023-03-08 00:52:08,978] {processor.py:641} INFO - Processing file /opt/airflow/dags/mysqloperator.py for tasks to queue
[2023-03-08 00:52:08,979] {logging_mixin.py:115} INFO - [2023-03-08 00:52:08,979] {dagbag.py:507} INFO - Filling up the DagBag from /opt/airflow/dags/mysqloperator.py
[2023-03-08 00:52:08,989] {processor.py:651} INFO - DAG(s) dict_keys(['mysqloperator_demo']) retrieved from /opt/airflow/dags/mysqloperator.py
[2023-03-08 00:52:09,006] {logging_mixin.py:115} INFO - [2023-03-08 00:52:09,006] {dag.py:2371} INFO - Sync 1 DAGs
[2023-03-08 00:52:09,021] {logging_mixin.py:115} INFO - [2023-03-08 00:52:09,021] {dag.py:2919} INFO - Setting next_dagrun for mysqloperator_demo to None, run_after=None
[2023-03-08 00:52:09,029] {processor.py:161} INFO - Processing /opt/airflow/dags/mysqloperator.py took 0.054 seconds
[2023-03-08 00:52:39,383] {processor.py:153} INFO - Started process (PID=1203) to work on /opt/airflow/dags/mysqloperator.py
[2023-03-08 00:52:39,385] {processor.py:641} INFO - Processing file /opt/airflow/dags/mysqloperator.py for tasks to queue
[2023-03-08 00:52:39,387] {logging_mixin.py:115} INFO - [2023-03-08 00:52:39,387] {dagbag.py:507} INFO - Filling up the DagBag from /opt/airflow/dags/mysqloperator.py
[2023-03-08 00:52:39,396] {processor.py:651} INFO - DAG(s) dict_keys(['mysqloperator_demo']) retrieved from /opt/airflow/dags/mysqloperator.py
[2023-03-08 00:52:39,414] {logging_mixin.py:115} INFO - [2023-03-08 00:52:39,413] {dag.py:2371} INFO - Sync 1 DAGs
[2023-03-08 00:52:39,428] {logging_mixin.py:115} INFO - [2023-03-08 00:52:39,428] {dag.py:2919} INFO - Setting next_dagrun for mysqloperator_demo to None, run_after=None
[2023-03-08 00:52:39,435] {processor.py:161} INFO - Processing /opt/airflow/dags/mysqloperator.py took 0.054 seconds
[2023-03-08 00:53:09,799] {processor.py:153} INFO - Started process (PID=1228) to work on /opt/airflow/dags/mysqloperator.py
[2023-03-08 00:53:09,800] {processor.py:641} INFO - Processing file /opt/airflow/dags/mysqloperator.py for tasks to queue
[2023-03-08 00:53:09,801] {logging_mixin.py:115} INFO - [2023-03-08 00:53:09,801] {dagbag.py:507} INFO - Filling up the DagBag from /opt/airflow/dags/mysqloperator.py
[2023-03-08 00:53:09,810] {processor.py:651} INFO - DAG(s) dict_keys(['mysqloperator_demo']) retrieved from /opt/airflow/dags/mysqloperator.py
[2023-03-08 00:53:09,828] {logging_mixin.py:115} INFO - [2023-03-08 00:53:09,828] {dag.py:2371} INFO - Sync 1 DAGs
[2023-03-08 00:53:09,841] {logging_mixin.py:115} INFO - [2023-03-08 00:53:09,841] {dag.py:2919} INFO - Setting next_dagrun for mysqloperator_demo to None, run_after=None
[2023-03-08 00:53:09,850] {processor.py:161} INFO - Processing /opt/airflow/dags/mysqloperator.py took 0.053 seconds
[2023-03-08 00:53:40,180] {processor.py:153} INFO - Started process (PID=1254) to work on /opt/airflow/dags/mysqloperator.py
[2023-03-08 00:53:40,181] {processor.py:641} INFO - Processing file /opt/airflow/dags/mysqloperator.py for tasks to queue
[2023-03-08 00:53:40,182] {logging_mixin.py:115} INFO - [2023-03-08 00:53:40,182] {dagbag.py:507} INFO - Filling up the DagBag from /opt/airflow/dags/mysqloperator.py
[2023-03-08 00:53:40,191] {processor.py:651} INFO - DAG(s) dict_keys(['mysqloperator_demo']) retrieved from /opt/airflow/dags/mysqloperator.py
[2023-03-08 00:53:40,208] {logging_mixin.py:115} INFO - [2023-03-08 00:53:40,208] {dag.py:2371} INFO - Sync 1 DAGs
[2023-03-08 00:53:40,221] {logging_mixin.py:115} INFO - [2023-03-08 00:53:40,221] {dag.py:2919} INFO - Setting next_dagrun for mysqloperator_demo to None, run_after=None
[2023-03-08 00:53:40,230] {processor.py:161} INFO - Processing /opt/airflow/dags/mysqloperator.py took 0.052 seconds
[2023-03-08 00:54:10,729] {processor.py:153} INFO - Started process (PID=1281) to work on /opt/airflow/dags/mysqloperator.py
[2023-03-08 00:54:10,730] {processor.py:641} INFO - Processing file /opt/airflow/dags/mysqloperator.py for tasks to queue
[2023-03-08 00:54:10,731] {logging_mixin.py:115} INFO - [2023-03-08 00:54:10,731] {dagbag.py:507} INFO - Filling up the DagBag from /opt/airflow/dags/mysqloperator.py
[2023-03-08 00:54:10,740] {processor.py:651} INFO - DAG(s) dict_keys(['mysqloperator_demo']) retrieved from /opt/airflow/dags/mysqloperator.py
[2023-03-08 00:54:10,758] {logging_mixin.py:115} INFO - [2023-03-08 00:54:10,758] {dag.py:2371} INFO - Sync 1 DAGs
[2023-03-08 00:54:10,771] {logging_mixin.py:115} INFO - [2023-03-08 00:54:10,771] {dag.py:2919} INFO - Setting next_dagrun for mysqloperator_demo to None, run_after=None
[2023-03-08 00:54:10,778] {processor.py:161} INFO - Processing /opt/airflow/dags/mysqloperator.py took 0.051 seconds
[2023-03-08 00:54:41,138] {processor.py:153} INFO - Started process (PID=1306) to work on /opt/airflow/dags/mysqloperator.py
[2023-03-08 00:54:41,139] {processor.py:641} INFO - Processing file /opt/airflow/dags/mysqloperator.py for tasks to queue
[2023-03-08 00:54:41,140] {logging_mixin.py:115} INFO - [2023-03-08 00:54:41,140] {dagbag.py:507} INFO - Filling up the DagBag from /opt/airflow/dags/mysqloperator.py
[2023-03-08 00:54:41,149] {processor.py:651} INFO - DAG(s) dict_keys(['mysqloperator_demo']) retrieved from /opt/airflow/dags/mysqloperator.py
[2023-03-08 00:54:41,165] {logging_mixin.py:115} INFO - [2023-03-08 00:54:41,165] {dag.py:2371} INFO - Sync 1 DAGs
[2023-03-08 00:54:41,178] {logging_mixin.py:115} INFO - [2023-03-08 00:54:41,178] {dag.py:2919} INFO - Setting next_dagrun for mysqloperator_demo to None, run_after=None
[2023-03-08 00:54:41,186] {processor.py:161} INFO - Processing /opt/airflow/dags/mysqloperator.py took 0.050 seconds
[2023-03-08 00:55:11,585] {processor.py:153} INFO - Started process (PID=1332) to work on /opt/airflow/dags/mysqloperator.py
[2023-03-08 00:55:11,586] {processor.py:641} INFO - Processing file /opt/airflow/dags/mysqloperator.py for tasks to queue
[2023-03-08 00:55:11,587] {logging_mixin.py:115} INFO - [2023-03-08 00:55:11,587] {dagbag.py:507} INFO - Filling up the DagBag from /opt/airflow/dags/mysqloperator.py
[2023-03-08 00:55:11,596] {processor.py:651} INFO - DAG(s) dict_keys(['mysqloperator_demo']) retrieved from /opt/airflow/dags/mysqloperator.py
[2023-03-08 00:55:11,613] {logging_mixin.py:115} INFO - [2023-03-08 00:55:11,613] {dag.py:2371} INFO - Sync 1 DAGs
[2023-03-08 00:55:11,627] {logging_mixin.py:115} INFO - [2023-03-08 00:55:11,627] {dag.py:2919} INFO - Setting next_dagrun for mysqloperator_demo to None, run_after=None
[2023-03-08 00:55:11,637] {processor.py:161} INFO - Processing /opt/airflow/dags/mysqloperator.py took 0.053 seconds
[2023-03-08 00:55:41,978] {processor.py:153} INFO - Started process (PID=1358) to work on /opt/airflow/dags/mysqloperator.py
[2023-03-08 00:55:41,979] {processor.py:641} INFO - Processing file /opt/airflow/dags/mysqloperator.py for tasks to queue
[2023-03-08 00:55:41,981] {logging_mixin.py:115} INFO - [2023-03-08 00:55:41,981] {dagbag.py:507} INFO - Filling up the DagBag from /opt/airflow/dags/mysqloperator.py
[2023-03-08 00:55:41,989] {processor.py:651} INFO - DAG(s) dict_keys(['mysqloperator_demo']) retrieved from /opt/airflow/dags/mysqloperator.py
[2023-03-08 00:55:42,006] {logging_mixin.py:115} INFO - [2023-03-08 00:55:42,006] {dag.py:2371} INFO - Sync 1 DAGs
[2023-03-08 00:55:42,020] {logging_mixin.py:115} INFO - [2023-03-08 00:55:42,020] {dag.py:2919} INFO - Setting next_dagrun for mysqloperator_demo to None, run_after=None
[2023-03-08 00:55:42,028] {processor.py:161} INFO - Processing /opt/airflow/dags/mysqloperator.py took 0.052 seconds
[2023-03-08 00:56:12,366] {processor.py:153} INFO - Started process (PID=1379) to work on /opt/airflow/dags/mysqloperator.py
[2023-03-08 00:56:12,369] {processor.py:641} INFO - Processing file /opt/airflow/dags/mysqloperator.py for tasks to queue
[2023-03-08 00:56:12,370] {logging_mixin.py:115} INFO - [2023-03-08 00:56:12,370] {dagbag.py:507} INFO - Filling up the DagBag from /opt/airflow/dags/mysqloperator.py
[2023-03-08 00:56:12,383] {processor.py:651} INFO - DAG(s) dict_keys(['mysqloperator_demo']) retrieved from /opt/airflow/dags/mysqloperator.py
[2023-03-08 00:56:12,401] {logging_mixin.py:115} INFO - [2023-03-08 00:56:12,401] {dag.py:2371} INFO - Sync 1 DAGs
[2023-03-08 00:56:12,414] {logging_mixin.py:115} INFO - [2023-03-08 00:56:12,414] {dag.py:2919} INFO - Setting next_dagrun for mysqloperator_demo to None, run_after=None
[2023-03-08 00:56:12,422] {processor.py:161} INFO - Processing /opt/airflow/dags/mysqloperator.py took 0.058 seconds
