[2023-03-06 01:40:19,822] {taskinstance.py:1159} INFO - Dependencies all met for <TaskInstance: pipeline_bash_operator.run_script_transform manual__2023-03-06T01:40:02.653682+00:00 [queued]>
[2023-03-06 01:40:19,828] {taskinstance.py:1159} INFO - Dependencies all met for <TaskInstance: pipeline_bash_operator.run_script_transform manual__2023-03-06T01:40:02.653682+00:00 [queued]>
[2023-03-06 01:40:19,830] {taskinstance.py:1356} INFO - 
--------------------------------------------------------------------------------
[2023-03-06 01:40:19,831] {taskinstance.py:1357} INFO - Starting attempt 1 of 1
[2023-03-06 01:40:19,832] {taskinstance.py:1358} INFO - 
--------------------------------------------------------------------------------
[2023-03-06 01:40:19,841] {taskinstance.py:1377} INFO - Executing <Task(BashOperator): run_script_transform> on 2023-03-06 01:40:02.653682+00:00
[2023-03-06 01:40:19,845] {standard_task_runner.py:52} INFO - Started process 2424 to run task
[2023-03-06 01:40:19,847] {standard_task_runner.py:79} INFO - Running: ['***', 'tasks', 'run', 'pipeline_bash_operator', 'run_script_transform', 'manual__2023-03-06T01:40:02.653682+00:00', '--job-id', '42', '--raw', '--subdir', 'DAGS_FOLDER/pipeline_bash_operator.py', '--cfg-path', '/tmp/tmpx8aumf42', '--error-file', '/tmp/tmpklhn000i']
[2023-03-06 01:40:19,848] {standard_task_runner.py:80} INFO - Job 42: Subtask run_script_transform
[2023-03-06 01:40:19,887] {task_command.py:369} INFO - Running <TaskInstance: pipeline_bash_operator.run_script_transform manual__2023-03-06T01:40:02.653682+00:00 [running]> on host 477ef5e408be
[2023-03-06 01:40:19,930] {taskinstance.py:1571} INFO - Exporting the following env vars:
AIRFLOW_CTX_DAG_OWNER=Americo
AIRFLOW_CTX_DAG_ID=pipeline_bash_operator
AIRFLOW_CTX_TASK_ID=run_script_transform
AIRFLOW_CTX_EXECUTION_DATE=2023-03-06T01:40:02.653682+00:00
AIRFLOW_CTX_TRY_NUMBER=1
AIRFLOW_CTX_DAG_RUN_ID=manual__2023-03-06T01:40:02.653682+00:00
[2023-03-06 01:40:19,931] {subprocess.py:62} INFO - Tmp dir root location: 
 /tmp
[2023-03-06 01:40:19,933] {subprocess.py:74} INFO - Running command: ['bash', '-c', 'python /opt/***/dags/Proyecto/transform.py']
[2023-03-06 01:40:19,941] {subprocess.py:85} INFO - Output:
[2023-03-06 01:40:47,780] {subprocess.py:92} INFO - ingest loaded
[2023-03-06 01:40:47,794] {subprocess.py:92} INFO - loaded adsl landing
[2023-03-06 01:40:47,797] {subprocess.py:92} INFO - transform loaded
[2023-03-06 01:40:47,800] {subprocess.py:92} INFO - loaded adsl gold
[2023-03-06 01:40:47,907] {subprocess.py:96} INFO - Command exited with return code 0
[2023-03-06 01:40:47,934] {taskinstance.py:1400} INFO - Marking task as SUCCESS. dag_id=pipeline_bash_operator, task_id=run_script_transform, execution_date=20230306T014002, start_date=20230306T014019, end_date=20230306T014047
[2023-03-06 01:40:47,965] {local_task_job.py:156} INFO - Task exited with return code 0
[2023-03-06 01:40:47,982] {local_task_job.py:273} INFO - 0 downstream tasks scheduled from follow-on schedule check
