[2023-03-06 02:42:18,976] {taskinstance.py:1159} INFO - Dependencies all met for <TaskInstance: pipeline_bash_operator.run_script_transform manual__2023-03-06T02:41:59.782784+00:00 [queued]>
[2023-03-06 02:42:18,982] {taskinstance.py:1159} INFO - Dependencies all met for <TaskInstance: pipeline_bash_operator.run_script_transform manual__2023-03-06T02:41:59.782784+00:00 [queued]>
[2023-03-06 02:42:18,983] {taskinstance.py:1356} INFO - 
--------------------------------------------------------------------------------
[2023-03-06 02:42:18,985] {taskinstance.py:1357} INFO - Starting attempt 1 of 1
[2023-03-06 02:42:18,986] {taskinstance.py:1358} INFO - 
--------------------------------------------------------------------------------
[2023-03-06 02:42:18,994] {taskinstance.py:1377} INFO - Executing <Task(BashOperator): run_script_transform> on 2023-03-06 02:41:59.782784+00:00
[2023-03-06 02:42:18,999] {standard_task_runner.py:52} INFO - Started process 6019 to run task
[2023-03-06 02:42:19,001] {standard_task_runner.py:79} INFO - Running: ['***', 'tasks', 'run', 'pipeline_bash_operator', 'run_script_transform', 'manual__2023-03-06T02:41:59.782784+00:00', '--job-id', '54', '--raw', '--subdir', 'DAGS_FOLDER/pipeline_bash_operator.py', '--cfg-path', '/tmp/tmpjqd7gjia', '--error-file', '/tmp/tmpmqcfu_hr']
[2023-03-06 02:42:19,003] {standard_task_runner.py:80} INFO - Job 54: Subtask run_script_transform
[2023-03-06 02:42:19,041] {task_command.py:369} INFO - Running <TaskInstance: pipeline_bash_operator.run_script_transform manual__2023-03-06T02:41:59.782784+00:00 [running]> on host 477ef5e408be
[2023-03-06 02:42:19,084] {taskinstance.py:1571} INFO - Exporting the following env vars:
AIRFLOW_CTX_DAG_OWNER=Americo
AIRFLOW_CTX_DAG_ID=pipeline_bash_operator
AIRFLOW_CTX_TASK_ID=run_script_transform
AIRFLOW_CTX_EXECUTION_DATE=2023-03-06T02:41:59.782784+00:00
AIRFLOW_CTX_TRY_NUMBER=1
AIRFLOW_CTX_DAG_RUN_ID=manual__2023-03-06T02:41:59.782784+00:00
[2023-03-06 02:42:19,086] {subprocess.py:62} INFO - Tmp dir root location: 
 /tmp
[2023-03-06 02:42:19,087] {subprocess.py:74} INFO - Running command: ['bash', '-c', 'python /opt/***/dags/Proyecto/transform.py']
[2023-03-06 02:42:19,096] {subprocess.py:85} INFO - Output:
[2023-03-06 02:42:46,337] {subprocess.py:92} INFO - ingest loaded
[2023-03-06 02:42:46,339] {subprocess.py:92} INFO - loaded adsl landing
[2023-03-06 02:42:46,342] {subprocess.py:92} INFO - transform loaded
[2023-03-06 02:42:46,343] {subprocess.py:92} INFO - loaded adsl gold
[2023-03-06 02:42:46,430] {subprocess.py:96} INFO - Command exited with return code 0
[2023-03-06 02:42:46,452] {taskinstance.py:1400} INFO - Marking task as SUCCESS. dag_id=pipeline_bash_operator, task_id=run_script_transform, execution_date=20230306T024159, start_date=20230306T024218, end_date=20230306T024246
[2023-03-06 02:42:46,478] {local_task_job.py:156} INFO - Task exited with return code 0
[2023-03-06 02:42:46,495] {local_task_job.py:273} INFO - 0 downstream tasks scheduled from follow-on schedule check
