[2023-03-10 01:42:47,358] {taskinstance.py:1159} INFO - Dependencies all met for <TaskInstance: pipeline_bash_operator.run_script_ingest manual__2023-03-10T01:42:46.708286+00:00 [queued]>
[2023-03-10 01:42:47,365] {taskinstance.py:1159} INFO - Dependencies all met for <TaskInstance: pipeline_bash_operator.run_script_ingest manual__2023-03-10T01:42:46.708286+00:00 [queued]>
[2023-03-10 01:42:47,366] {taskinstance.py:1356} INFO - 
--------------------------------------------------------------------------------
[2023-03-10 01:42:47,366] {taskinstance.py:1357} INFO - Starting attempt 1 of 1
[2023-03-10 01:42:47,367] {taskinstance.py:1358} INFO - 
--------------------------------------------------------------------------------
[2023-03-10 01:42:47,376] {taskinstance.py:1377} INFO - Executing <Task(BashOperator): run_script_ingest> on 2023-03-10 01:42:46.708286+00:00
[2023-03-10 01:42:47,380] {standard_task_runner.py:52} INFO - Started process 1650 to run task
[2023-03-10 01:42:47,382] {standard_task_runner.py:79} INFO - Running: ['***', 'tasks', 'run', 'pipeline_bash_operator', 'run_script_ingest', 'manual__2023-03-10T01:42:46.708286+00:00', '--job-id', '76', '--raw', '--subdir', 'DAGS_FOLDER/pipeline_bash_operator.py', '--cfg-path', '/tmp/tmpqmk7yr6n', '--error-file', '/tmp/tmpgacnpskd']
[2023-03-10 01:42:47,384] {standard_task_runner.py:80} INFO - Job 76: Subtask run_script_ingest
[2023-03-10 01:42:47,423] {task_command.py:369} INFO - Running <TaskInstance: pipeline_bash_operator.run_script_ingest manual__2023-03-10T01:42:46.708286+00:00 [running]> on host 477ef5e408be
[2023-03-10 01:42:47,468] {taskinstance.py:1571} INFO - Exporting the following env vars:
AIRFLOW_CTX_DAG_OWNER=Americo
AIRFLOW_CTX_DAG_ID=pipeline_bash_operator
AIRFLOW_CTX_TASK_ID=run_script_ingest
AIRFLOW_CTX_EXECUTION_DATE=2023-03-10T01:42:46.708286+00:00
AIRFLOW_CTX_TRY_NUMBER=1
AIRFLOW_CTX_DAG_RUN_ID=manual__2023-03-10T01:42:46.708286+00:00
[2023-03-10 01:42:47,470] {subprocess.py:62} INFO - Tmp dir root location: 
 /tmp
[2023-03-10 01:42:47,471] {subprocess.py:74} INFO - Running command: ['bash', '-c', 'python /opt/***/dags/Proyecto/ingest.py']
[2023-03-10 01:42:47,477] {subprocess.py:85} INFO - Output:
[2023-03-10 01:43:06,793] {subprocess.py:92} INFO - ingest loaded
[2023-03-10 01:43:06,810] {subprocess.py:92} INFO - loaded adsl landing
[2023-03-10 01:43:06,913] {subprocess.py:96} INFO - Command exited with return code 0
[2023-03-10 01:43:06,933] {taskinstance.py:1400} INFO - Marking task as SUCCESS. dag_id=pipeline_bash_operator, task_id=run_script_ingest, execution_date=20230310T014246, start_date=20230310T014247, end_date=20230310T014306
[2023-03-10 01:43:06,969] {local_task_job.py:156} INFO - Task exited with return code 0
[2023-03-10 01:43:06,987] {local_task_job.py:273} INFO - 1 downstream tasks scheduled from follow-on schedule check
