[2023-03-11 04:10:44,573] {taskinstance.py:1159} INFO - Dependencies all met for <TaskInstance: pipeline_bash_operator.run_script_ingest manual__2023-03-11T04:10:43.936957+00:00 [queued]>
[2023-03-11 04:10:44,578] {taskinstance.py:1159} INFO - Dependencies all met for <TaskInstance: pipeline_bash_operator.run_script_ingest manual__2023-03-11T04:10:43.936957+00:00 [queued]>
[2023-03-11 04:10:44,579] {taskinstance.py:1356} INFO - 
--------------------------------------------------------------------------------
[2023-03-11 04:10:44,580] {taskinstance.py:1357} INFO - Starting attempt 1 of 1
[2023-03-11 04:10:44,581] {taskinstance.py:1358} INFO - 
--------------------------------------------------------------------------------
[2023-03-11 04:10:44,590] {taskinstance.py:1377} INFO - Executing <Task(BashOperator): run_script_ingest> on 2023-03-11 04:10:43.936957+00:00
[2023-03-11 04:10:44,594] {standard_task_runner.py:52} INFO - Started process 281 to run task
[2023-03-11 04:10:44,596] {standard_task_runner.py:79} INFO - Running: ['***', 'tasks', 'run', 'pipeline_bash_operator', 'run_script_ingest', 'manual__2023-03-11T04:10:43.936957+00:00', '--job-id', '4', '--raw', '--subdir', 'DAGS_FOLDER/pipeline_bash_operator.py', '--cfg-path', '/tmp/tmpza1camqm', '--error-file', '/tmp/tmpep53ce8n']
[2023-03-11 04:10:44,598] {standard_task_runner.py:80} INFO - Job 4: Subtask run_script_ingest
[2023-03-11 04:10:44,633] {task_command.py:369} INFO - Running <TaskInstance: pipeline_bash_operator.run_script_ingest manual__2023-03-11T04:10:43.936957+00:00 [running]> on host 0c709fd69f88
[2023-03-11 04:10:44,676] {taskinstance.py:1571} INFO - Exporting the following env vars:
AIRFLOW_CTX_DAG_OWNER=Americo
AIRFLOW_CTX_DAG_ID=pipeline_bash_operator
AIRFLOW_CTX_TASK_ID=run_script_ingest
AIRFLOW_CTX_EXECUTION_DATE=2023-03-11T04:10:43.936957+00:00
AIRFLOW_CTX_TRY_NUMBER=1
AIRFLOW_CTX_DAG_RUN_ID=manual__2023-03-11T04:10:43.936957+00:00
[2023-03-11 04:10:44,678] {subprocess.py:62} INFO - Tmp dir root location: 
 /tmp
[2023-03-11 04:10:44,678] {subprocess.py:74} INFO - Running command: ['bash', '-c', 'python /opt/***/dags/Proyecto/ingest.py']
[2023-03-11 04:10:44,687] {subprocess.py:85} INFO - Output:
[2023-03-11 04:11:01,694] {subprocess.py:96} INFO - Command exited with return code 0
[2023-03-11 04:11:01,715] {taskinstance.py:1400} INFO - Marking task as SUCCESS. dag_id=pipeline_bash_operator, task_id=run_script_ingest, execution_date=20230311T041043, start_date=20230311T041044, end_date=20230311T041101
[2023-03-11 04:11:01,736] {local_task_job.py:156} INFO - Task exited with return code 0
[2023-03-11 04:11:01,758] {local_task_job.py:273} INFO - 1 downstream tasks scheduled from follow-on schedule check
