[2023-03-11 04:11:02,734] {taskinstance.py:1159} INFO - Dependencies all met for <TaskInstance: pipeline_bash_operator.run_script_transform manual__2023-03-11T04:10:43.936957+00:00 [queued]>
[2023-03-11 04:11:02,739] {taskinstance.py:1159} INFO - Dependencies all met for <TaskInstance: pipeline_bash_operator.run_script_transform manual__2023-03-11T04:10:43.936957+00:00 [queued]>
[2023-03-11 04:11:02,740] {taskinstance.py:1356} INFO - 
--------------------------------------------------------------------------------
[2023-03-11 04:11:02,741] {taskinstance.py:1357} INFO - Starting attempt 1 of 1
[2023-03-11 04:11:02,742] {taskinstance.py:1358} INFO - 
--------------------------------------------------------------------------------
[2023-03-11 04:11:02,750] {taskinstance.py:1377} INFO - Executing <Task(BashOperator): run_script_transform> on 2023-03-11 04:10:43.936957+00:00
[2023-03-11 04:11:02,754] {standard_task_runner.py:52} INFO - Started process 290 to run task
[2023-03-11 04:11:02,756] {standard_task_runner.py:79} INFO - Running: ['***', 'tasks', 'run', 'pipeline_bash_operator', 'run_script_transform', 'manual__2023-03-11T04:10:43.936957+00:00', '--job-id', '5', '--raw', '--subdir', 'DAGS_FOLDER/pipeline_bash_operator.py', '--cfg-path', '/tmp/tmp5jrj6r17', '--error-file', '/tmp/tmprdonj_lq']
[2023-03-11 04:11:02,758] {standard_task_runner.py:80} INFO - Job 5: Subtask run_script_transform
[2023-03-11 04:11:02,794] {task_command.py:369} INFO - Running <TaskInstance: pipeline_bash_operator.run_script_transform manual__2023-03-11T04:10:43.936957+00:00 [running]> on host 0c709fd69f88
[2023-03-11 04:11:02,836] {taskinstance.py:1571} INFO - Exporting the following env vars:
AIRFLOW_CTX_DAG_OWNER=Americo
AIRFLOW_CTX_DAG_ID=pipeline_bash_operator
AIRFLOW_CTX_TASK_ID=run_script_transform
AIRFLOW_CTX_EXECUTION_DATE=2023-03-11T04:10:43.936957+00:00
AIRFLOW_CTX_TRY_NUMBER=1
AIRFLOW_CTX_DAG_RUN_ID=manual__2023-03-11T04:10:43.936957+00:00
[2023-03-11 04:11:02,837] {subprocess.py:62} INFO - Tmp dir root location: 
 /tmp
[2023-03-11 04:11:02,838] {subprocess.py:74} INFO - Running command: ['bash', '-c', 'python /opt/***/dags/Proyecto/transform.py']
[2023-03-11 04:11:02,846] {subprocess.py:85} INFO - Output:
[2023-03-11 04:11:25,870] {subprocess.py:96} INFO - Command exited with return code 0
[2023-03-11 04:11:25,889] {taskinstance.py:1400} INFO - Marking task as SUCCESS. dag_id=pipeline_bash_operator, task_id=run_script_transform, execution_date=20230311T041043, start_date=20230311T041102, end_date=20230311T041125
[2023-03-11 04:11:25,919] {local_task_job.py:156} INFO - Task exited with return code 0
[2023-03-11 04:11:25,937] {local_task_job.py:273} INFO - 1 downstream tasks scheduled from follow-on schedule check
