[2023-03-08 01:28:19,896] {taskinstance.py:1159} INFO - Dependencies all met for <TaskInstance: pipeline_bash_operator.run_script_ingest manual__2023-03-08T01:28:19.034937+00:00 [queued]>
[2023-03-08 01:28:19,903] {taskinstance.py:1159} INFO - Dependencies all met for <TaskInstance: pipeline_bash_operator.run_script_ingest manual__2023-03-08T01:28:19.034937+00:00 [queued]>
[2023-03-08 01:28:19,904] {taskinstance.py:1356} INFO - 
--------------------------------------------------------------------------------
[2023-03-08 01:28:19,905] {taskinstance.py:1357} INFO - Starting attempt 1 of 1
[2023-03-08 01:28:19,907] {taskinstance.py:1358} INFO - 
--------------------------------------------------------------------------------
[2023-03-08 01:28:19,915] {taskinstance.py:1377} INFO - Executing <Task(BashOperator): run_script_ingest> on 2023-03-08 01:28:19.034937+00:00
[2023-03-08 01:28:19,918] {standard_task_runner.py:52} INFO - Started process 2036 to run task
[2023-03-08 01:28:19,921] {standard_task_runner.py:79} INFO - Running: ['***', 'tasks', 'run', 'pipeline_bash_operator', 'run_script_ingest', 'manual__2023-03-08T01:28:19.034937+00:00', '--job-id', '59', '--raw', '--subdir', 'DAGS_FOLDER/pipeline_bash_operator.py', '--cfg-path', '/tmp/tmp81orld7q', '--error-file', '/tmp/tmpk21yjwwe']
[2023-03-08 01:28:19,922] {standard_task_runner.py:80} INFO - Job 59: Subtask run_script_ingest
[2023-03-08 01:28:19,961] {task_command.py:369} INFO - Running <TaskInstance: pipeline_bash_operator.run_script_ingest manual__2023-03-08T01:28:19.034937+00:00 [running]> on host 477ef5e408be
[2023-03-08 01:28:20,006] {taskinstance.py:1571} INFO - Exporting the following env vars:
AIRFLOW_CTX_DAG_OWNER=Americo
AIRFLOW_CTX_DAG_ID=pipeline_bash_operator
AIRFLOW_CTX_TASK_ID=run_script_ingest
AIRFLOW_CTX_EXECUTION_DATE=2023-03-08T01:28:19.034937+00:00
AIRFLOW_CTX_TRY_NUMBER=1
AIRFLOW_CTX_DAG_RUN_ID=manual__2023-03-08T01:28:19.034937+00:00
[2023-03-08 01:28:20,008] {subprocess.py:62} INFO - Tmp dir root location: 
 /tmp
[2023-03-08 01:28:20,009] {subprocess.py:74} INFO - Running command: ['bash', '-c', 'python /opt/***/dags/Proyecto/ingest.py']
[2023-03-08 01:28:20,016] {subprocess.py:85} INFO - Output:
[2023-03-08 01:28:37,027] {subprocess.py:92} INFO - ingest loaded
[2023-03-08 01:28:37,028] {subprocess.py:92} INFO - loaded adsl landing
[2023-03-08 01:28:37,110] {subprocess.py:96} INFO - Command exited with return code 0
[2023-03-08 01:28:37,130] {taskinstance.py:1400} INFO - Marking task as SUCCESS. dag_id=pipeline_bash_operator, task_id=run_script_ingest, execution_date=20230308T012819, start_date=20230308T012819, end_date=20230308T012837
[2023-03-08 01:28:37,166] {local_task_job.py:156} INFO - Task exited with return code 0
[2023-03-08 01:28:37,185] {local_task_job.py:273} INFO - 1 downstream tasks scheduled from follow-on schedule check
