[2023-03-10 02:39:34,442] {taskinstance.py:1159} INFO - Dependencies all met for <TaskInstance: pipeline_bash_operator.run_script_ingest manual__2023-03-10T02:39:33.712875+00:00 [queued]>
[2023-03-10 02:39:34,449] {taskinstance.py:1159} INFO - Dependencies all met for <TaskInstance: pipeline_bash_operator.run_script_ingest manual__2023-03-10T02:39:33.712875+00:00 [queued]>
[2023-03-10 02:39:34,450] {taskinstance.py:1356} INFO - 
--------------------------------------------------------------------------------
[2023-03-10 02:39:34,451] {taskinstance.py:1357} INFO - Starting attempt 1 of 1
[2023-03-10 02:39:34,452] {taskinstance.py:1358} INFO - 
--------------------------------------------------------------------------------
[2023-03-10 02:39:34,460] {taskinstance.py:1377} INFO - Executing <Task(BashOperator): run_script_ingest> on 2023-03-10 02:39:33.712875+00:00
[2023-03-10 02:39:34,463] {standard_task_runner.py:52} INFO - Started process 3001 to run task
[2023-03-10 02:39:34,465] {standard_task_runner.py:79} INFO - Running: ['***', 'tasks', 'run', 'pipeline_bash_operator', 'run_script_ingest', 'manual__2023-03-10T02:39:33.712875+00:00', '--job-id', '97', '--raw', '--subdir', 'DAGS_FOLDER/pipeline_bash_operator.py', '--cfg-path', '/tmp/tmpoq0rv0e5', '--error-file', '/tmp/tmpcj3i3f4v']
[2023-03-10 02:39:34,467] {standard_task_runner.py:80} INFO - Job 97: Subtask run_script_ingest
[2023-03-10 02:39:34,503] {task_command.py:369} INFO - Running <TaskInstance: pipeline_bash_operator.run_script_ingest manual__2023-03-10T02:39:33.712875+00:00 [running]> on host 477ef5e408be
[2023-03-10 02:39:34,547] {taskinstance.py:1571} INFO - Exporting the following env vars:
AIRFLOW_CTX_DAG_OWNER=Americo
AIRFLOW_CTX_DAG_ID=pipeline_bash_operator
AIRFLOW_CTX_TASK_ID=run_script_ingest
AIRFLOW_CTX_EXECUTION_DATE=2023-03-10T02:39:33.712875+00:00
AIRFLOW_CTX_TRY_NUMBER=1
AIRFLOW_CTX_DAG_RUN_ID=manual__2023-03-10T02:39:33.712875+00:00
[2023-03-10 02:39:34,549] {subprocess.py:62} INFO - Tmp dir root location: 
 /tmp
[2023-03-10 02:39:34,550] {subprocess.py:74} INFO - Running command: ['bash', '-c', 'python /opt/***/dags/Proyecto/ingest.py']
[2023-03-10 02:39:34,556] {subprocess.py:85} INFO - Output:
[2023-03-10 02:39:53,767] {subprocess.py:96} INFO - Command exited with return code 0
[2023-03-10 02:39:53,787] {taskinstance.py:1400} INFO - Marking task as SUCCESS. dag_id=pipeline_bash_operator, task_id=run_script_ingest, execution_date=20230310T023933, start_date=20230310T023934, end_date=20230310T023953
[2023-03-10 02:39:53,836] {local_task_job.py:156} INFO - Task exited with return code 0
[2023-03-10 02:39:53,858] {local_task_job.py:273} INFO - 0 downstream tasks scheduled from follow-on schedule check
