[2023-03-05 02:22:49,340] {taskinstance.py:1159} INFO - Dependencies all met for <TaskInstance: mysqloperator_demo.CreateTable manual__2023-03-05T02:22:49.124479+00:00 [queued]>
[2023-03-05 02:22:49,348] {taskinstance.py:1159} INFO - Dependencies all met for <TaskInstance: mysqloperator_demo.CreateTable manual__2023-03-05T02:22:49.124479+00:00 [queued]>
[2023-03-05 02:22:49,349] {taskinstance.py:1356} INFO - 
--------------------------------------------------------------------------------
[2023-03-05 02:22:49,350] {taskinstance.py:1357} INFO - Starting attempt 1 of 1
[2023-03-05 02:22:49,351] {taskinstance.py:1358} INFO - 
--------------------------------------------------------------------------------
[2023-03-05 02:22:49,363] {taskinstance.py:1377} INFO - Executing <Task(MySqlOperator): CreateTable> on 2023-03-05 02:22:49.124479+00:00
[2023-03-05 02:22:49,368] {standard_task_runner.py:52} INFO - Started process 1235 to run task
[2023-03-05 02:22:49,371] {standard_task_runner.py:79} INFO - Running: ['***', 'tasks', 'run', 'mysqloperator_demo', 'CreateTable', 'manual__2023-03-05T02:22:49.124479+00:00', '--job-id', '28', '--raw', '--subdir', 'DAGS_FOLDER/mysqloperator.py', '--cfg-path', '/tmp/tmpoetk509n', '--error-file', '/tmp/tmpks5sakfs']
[2023-03-05 02:22:49,373] {standard_task_runner.py:80} INFO - Job 28: Subtask CreateTable
[2023-03-05 02:22:49,410] {task_command.py:369} INFO - Running <TaskInstance: mysqloperator_demo.CreateTable manual__2023-03-05T02:22:49.124479+00:00 [running]> on host 477ef5e408be
[2023-03-05 02:22:49,455] {taskinstance.py:1571} INFO - Exporting the following env vars:
AIRFLOW_CTX_DAG_OWNER=dezyre
AIRFLOW_CTX_DAG_ID=mysqloperator_demo
AIRFLOW_CTX_TASK_ID=CreateTable
AIRFLOW_CTX_EXECUTION_DATE=2023-03-05T02:22:49.124479+00:00
AIRFLOW_CTX_TRY_NUMBER=1
AIRFLOW_CTX_DAG_RUN_ID=manual__2023-03-05T02:22:49.124479+00:00
[2023-03-05 02:22:49,457] {mysql.py:82} INFO - Executing:  CREATE TABLE datapath4.employee(empid int, empname VARCHAR(25), salary int); 
[2023-03-05 02:22:49,472] {taskinstance.py:1889} ERROR - Task failed with exception
Traceback (most recent call last):
  File "/home/airflow/.local/lib/python3.7/site-packages/airflow/providers/mysql/operators/mysql.py", line 84, in execute
    hook.run(self.sql, autocommit=self.autocommit, parameters=self.parameters)
  File "/home/airflow/.local/lib/python3.7/site-packages/airflow/hooks/dbapi.py", line 181, in run
    with closing(self.get_conn()) as conn:
  File "/home/airflow/.local/lib/python3.7/site-packages/airflow/providers/mysql/hooks/mysql.py", line 158, in get_conn
    conn = self.connection or self.get_connection(getattr(self, self.conn_name_attr))
  File "/home/airflow/.local/lib/python3.7/site-packages/airflow/hooks/base.py", line 67, in get_connection
    conn = Connection.get_connection_from_secrets(conn_id)
  File "/home/airflow/.local/lib/python3.7/site-packages/airflow/models/connection.py", line 430, in get_connection_from_secrets
    raise AirflowNotFoundException(f"The conn_id `{conn_id}` isn't defined")
airflow.exceptions.AirflowNotFoundException: The conn_id `mysql_conn` isn't defined
[2023-03-05 02:22:49,476] {taskinstance.py:1400} INFO - Marking task as FAILED. dag_id=mysqloperator_demo, task_id=CreateTable, execution_date=20230305T022249, start_date=20230305T022249, end_date=20230305T022249
[2023-03-05 02:22:49,484] {standard_task_runner.py:97} ERROR - Failed to execute job 28 for task CreateTable (The conn_id `mysql_conn` isn't defined; 1235)
[2023-03-05 02:22:49,505] {local_task_job.py:156} INFO - Task exited with return code 1
[2023-03-05 02:22:49,532] {local_task_job.py:273} INFO - 0 downstream tasks scheduled from follow-on schedule check
