[2023-03-06 01:35:41,084] {taskinstance.py:1159} INFO - Dependencies all met for <TaskInstance: pipeline_bash_operator.run_script_ingest manual__2023-03-06T01:35:40.728433+00:00 [queued]>
[2023-03-06 01:35:41,090] {taskinstance.py:1159} INFO - Dependencies all met for <TaskInstance: pipeline_bash_operator.run_script_ingest manual__2023-03-06T01:35:40.728433+00:00 [queued]>
[2023-03-06 01:35:41,091] {taskinstance.py:1356} INFO - 
--------------------------------------------------------------------------------
[2023-03-06 01:35:41,092] {taskinstance.py:1357} INFO - Starting attempt 1 of 1
[2023-03-06 01:35:41,093] {taskinstance.py:1358} INFO - 
--------------------------------------------------------------------------------
[2023-03-06 01:35:41,102] {taskinstance.py:1377} INFO - Executing <Task(BashOperator): run_script_ingest> on 2023-03-06 01:35:40.728433+00:00
[2023-03-06 01:35:41,105] {standard_task_runner.py:52} INFO - Started process 2168 to run task
[2023-03-06 01:35:41,107] {standard_task_runner.py:79} INFO - Running: ['***', 'tasks', 'run', 'pipeline_bash_operator', 'run_script_ingest', 'manual__2023-03-06T01:35:40.728433+00:00', '--job-id', '37', '--raw', '--subdir', 'DAGS_FOLDER/pipeline_bash_operator.py', '--cfg-path', '/tmp/tmp_dxj22_5', '--error-file', '/tmp/tmpc5d6_zq4']
[2023-03-06 01:35:41,109] {standard_task_runner.py:80} INFO - Job 37: Subtask run_script_ingest
[2023-03-06 01:35:41,147] {task_command.py:369} INFO - Running <TaskInstance: pipeline_bash_operator.run_script_ingest manual__2023-03-06T01:35:40.728433+00:00 [running]> on host 477ef5e408be
[2023-03-06 01:35:41,190] {taskinstance.py:1571} INFO - Exporting the following env vars:
AIRFLOW_CTX_DAG_OWNER=Americo
AIRFLOW_CTX_DAG_ID=pipeline_bash_operator
AIRFLOW_CTX_TASK_ID=run_script_ingest
AIRFLOW_CTX_EXECUTION_DATE=2023-03-06T01:35:40.728433+00:00
AIRFLOW_CTX_TRY_NUMBER=1
AIRFLOW_CTX_DAG_RUN_ID=manual__2023-03-06T01:35:40.728433+00:00
[2023-03-06 01:35:41,192] {subprocess.py:62} INFO - Tmp dir root location: 
 /tmp
[2023-03-06 01:35:41,194] {subprocess.py:74} INFO - Running command: ['bash', '-c', 'python /opt/***/dags/Proyecto/ingest.py']
[2023-03-06 01:35:41,201] {subprocess.py:85} INFO - Output:
[2023-03-06 01:36:00,515] {subprocess.py:92} INFO - ingest loaded
[2023-03-06 01:36:00,520] {subprocess.py:92} INFO - loaded adsl landing
[2023-03-06 01:36:00,607] {subprocess.py:96} INFO - Command exited with return code 0
[2023-03-06 01:36:00,628] {taskinstance.py:1400} INFO - Marking task as SUCCESS. dag_id=pipeline_bash_operator, task_id=run_script_ingest, execution_date=20230306T013540, start_date=20230306T013541, end_date=20230306T013600
[2023-03-06 01:36:00,664] {local_task_job.py:156} INFO - Task exited with return code 0
[2023-03-06 01:36:00,683] {local_task_job.py:273} INFO - 1 downstream tasks scheduled from follow-on schedule check
