[2023-03-10 02:41:38,427] {taskinstance.py:1159} INFO - Dependencies all met for <TaskInstance: pipeline_bash_operator.run_script_transform manual__2023-03-10T02:41:18.361062+00:00 [queued]>
[2023-03-10 02:41:38,433] {taskinstance.py:1159} INFO - Dependencies all met for <TaskInstance: pipeline_bash_operator.run_script_transform manual__2023-03-10T02:41:18.361062+00:00 [queued]>
[2023-03-10 02:41:38,434] {taskinstance.py:1356} INFO - 
--------------------------------------------------------------------------------
[2023-03-10 02:41:38,435] {taskinstance.py:1357} INFO - Starting attempt 1 of 1
[2023-03-10 02:41:38,436] {taskinstance.py:1358} INFO - 
--------------------------------------------------------------------------------
[2023-03-10 02:41:38,444] {taskinstance.py:1377} INFO - Executing <Task(BashOperator): run_script_transform> on 2023-03-10 02:41:18.361062+00:00
[2023-03-10 02:41:38,448] {standard_task_runner.py:52} INFO - Started process 3064 to run task
[2023-03-10 02:41:38,450] {standard_task_runner.py:79} INFO - Running: ['***', 'tasks', 'run', 'pipeline_bash_operator', 'run_script_transform', 'manual__2023-03-10T02:41:18.361062+00:00', '--job-id', '99', '--raw', '--subdir', 'DAGS_FOLDER/pipeline_bash_operator.py', '--cfg-path', '/tmp/tmpnevsi0f4', '--error-file', '/tmp/tmpxpt1izof']
[2023-03-10 02:41:38,452] {standard_task_runner.py:80} INFO - Job 99: Subtask run_script_transform
[2023-03-10 02:41:38,490] {task_command.py:369} INFO - Running <TaskInstance: pipeline_bash_operator.run_script_transform manual__2023-03-10T02:41:18.361062+00:00 [running]> on host 477ef5e408be
[2023-03-10 02:41:38,533] {taskinstance.py:1571} INFO - Exporting the following env vars:
AIRFLOW_CTX_DAG_OWNER=Americo
AIRFLOW_CTX_DAG_ID=pipeline_bash_operator
AIRFLOW_CTX_TASK_ID=run_script_transform
AIRFLOW_CTX_EXECUTION_DATE=2023-03-10T02:41:18.361062+00:00
AIRFLOW_CTX_TRY_NUMBER=1
AIRFLOW_CTX_DAG_RUN_ID=manual__2023-03-10T02:41:18.361062+00:00
[2023-03-10 02:41:38,534] {subprocess.py:62} INFO - Tmp dir root location: 
 /tmp
[2023-03-10 02:41:38,536] {subprocess.py:74} INFO - Running command: ['bash', '-c', 'python /opt/***/dags/Proyecto/transform.py']
[2023-03-10 02:41:38,544] {subprocess.py:85} INFO - Output:
[2023-03-10 02:42:04,056] {subprocess.py:96} INFO - Command exited with return code 0
[2023-03-10 02:42:04,077] {taskinstance.py:1400} INFO - Marking task as SUCCESS. dag_id=pipeline_bash_operator, task_id=run_script_transform, execution_date=20230310T024118, start_date=20230310T024138, end_date=20230310T024204
[2023-03-10 02:42:04,120] {local_task_job.py:156} INFO - Task exited with return code 0
[2023-03-10 02:42:04,137] {local_task_job.py:273} INFO - 1 downstream tasks scheduled from follow-on schedule check
