[2023-03-06 01:31:05,381] {taskinstance.py:1159} INFO - Dependencies all met for <TaskInstance: pipeline_bash_operator.run_script_ingest manual__2023-03-06T01:31:05.127607+00:00 [queued]>
[2023-03-06 01:31:05,387] {taskinstance.py:1159} INFO - Dependencies all met for <TaskInstance: pipeline_bash_operator.run_script_ingest manual__2023-03-06T01:31:05.127607+00:00 [queued]>
[2023-03-06 01:31:05,388] {taskinstance.py:1356} INFO - 
--------------------------------------------------------------------------------
[2023-03-06 01:31:05,389] {taskinstance.py:1357} INFO - Starting attempt 1 of 1
[2023-03-06 01:31:05,390] {taskinstance.py:1358} INFO - 
--------------------------------------------------------------------------------
[2023-03-06 01:31:05,398] {taskinstance.py:1377} INFO - Executing <Task(BashOperator): run_script_ingest> on 2023-03-06 01:31:05.127607+00:00
[2023-03-06 01:31:05,402] {standard_task_runner.py:52} INFO - Started process 1991 to run task
[2023-03-06 01:31:05,405] {standard_task_runner.py:79} INFO - Running: ['***', 'tasks', 'run', 'pipeline_bash_operator', 'run_script_ingest', 'manual__2023-03-06T01:31:05.127607+00:00', '--job-id', '35', '--raw', '--subdir', 'DAGS_FOLDER/pipeline_bash_operator.py', '--cfg-path', '/tmp/tmptbumvsvb', '--error-file', '/tmp/tmphpkharxa']
[2023-03-06 01:31:05,407] {standard_task_runner.py:80} INFO - Job 35: Subtask run_script_ingest
[2023-03-06 01:31:05,446] {task_command.py:369} INFO - Running <TaskInstance: pipeline_bash_operator.run_script_ingest manual__2023-03-06T01:31:05.127607+00:00 [running]> on host 477ef5e408be
[2023-03-06 01:31:05,494] {taskinstance.py:1571} INFO - Exporting the following env vars:
AIRFLOW_CTX_DAG_OWNER=Americo
AIRFLOW_CTX_DAG_ID=pipeline_bash_operator
AIRFLOW_CTX_TASK_ID=run_script_ingest
AIRFLOW_CTX_EXECUTION_DATE=2023-03-06T01:31:05.127607+00:00
AIRFLOW_CTX_TRY_NUMBER=1
AIRFLOW_CTX_DAG_RUN_ID=manual__2023-03-06T01:31:05.127607+00:00
[2023-03-06 01:31:05,495] {subprocess.py:62} INFO - Tmp dir root location: 
 /tmp
[2023-03-06 01:31:05,497] {subprocess.py:74} INFO - Running command: ['bash', '-c', 'python /opt/***/dags/Proyecto/ingest.py']
[2023-03-06 01:31:05,505] {subprocess.py:85} INFO - Output:
[2023-03-06 01:31:14,689] {subprocess.py:92} INFO - Traceback (most recent call last):
[2023-03-06 01:31:14,690] {subprocess.py:92} INFO -   File "/opt/***/dags/Proyecto/ingest.py", line 13, in <module>
[2023-03-06 01:31:14,691] {subprocess.py:92} INFO -     df_products = extract.read_xml("process/resource/products.xml")
[2023-03-06 01:31:14,692] {subprocess.py:92} INFO -   File "/opt/***/dags/Proyecto/process/extract.py", line 34, in read_xml
[2023-03-06 01:31:14,693] {subprocess.py:92} INFO -     df = pd.read_xml(path_file)
[2023-03-06 01:31:14,694] {subprocess.py:92} INFO -   File "/home/***/.local/lib/python3.7/site-packages/pandas/io/xml.py", line 938, in read_xml
[2023-03-06 01:31:14,695] {subprocess.py:92} INFO -     storage_options=storage_options,
[2023-03-06 01:31:14,696] {subprocess.py:92} INFO -   File "/home/***/.local/lib/python3.7/site-packages/pandas/io/xml.py", line 728, in _parse
[2023-03-06 01:31:14,697] {subprocess.py:92} INFO -     data_dicts = p.parse_data()
[2023-03-06 01:31:14,698] {subprocess.py:92} INFO -   File "/home/***/.local/lib/python3.7/site-packages/pandas/io/xml.py", line 391, in parse_data
[2023-03-06 01:31:14,698] {subprocess.py:92} INFO -     self.xml_doc = XML(self._parse_doc(self.path_or_buffer))
[2023-03-06 01:31:14,700] {subprocess.py:92} INFO -   File "/home/***/.local/lib/python3.7/site-packages/pandas/io/xml.py", line 554, in _parse_doc
[2023-03-06 01:31:14,701] {subprocess.py:92} INFO -     xml_data.getvalue().encode(self.encoding), parser=curr_parser
[2023-03-06 01:31:14,701] {subprocess.py:92} INFO -   File "src/lxml/etree.pyx", line 3252, in lxml.etree.fromstring
[2023-03-06 01:31:14,702] {subprocess.py:92} INFO -   File "src/lxml/parser.pxi", line 1913, in lxml.etree._parseMemoryDocument
[2023-03-06 01:31:14,703] {subprocess.py:92} INFO -   File "src/lxml/parser.pxi", line 1800, in lxml.etree._parseDoc
[2023-03-06 01:31:14,704] {subprocess.py:92} INFO -   File "src/lxml/parser.pxi", line 1141, in lxml.etree._BaseParser._parseDoc
[2023-03-06 01:31:14,706] {subprocess.py:92} INFO -   File "src/lxml/parser.pxi", line 615, in lxml.etree._ParserContext._handleParseResultDoc
[2023-03-06 01:31:14,706] {subprocess.py:92} INFO -   File "src/lxml/parser.pxi", line 725, in lxml.etree._handleParseResult
[2023-03-06 01:31:14,707] {subprocess.py:92} INFO -   File "src/lxml/parser.pxi", line 654, in lxml.etree._raiseParseError
[2023-03-06 01:31:14,708] {subprocess.py:92} INFO -   File "<string>", line 1
[2023-03-06 01:31:14,709] {subprocess.py:92} INFO - lxml.etree.XMLSyntaxError: Start tag expected, '<' not found, line 1, column 1
[2023-03-06 01:31:14,758] {subprocess.py:96} INFO - Command exited with return code 1
[2023-03-06 01:31:14,769] {taskinstance.py:1889} ERROR - Task failed with exception
Traceback (most recent call last):
  File "/home/airflow/.local/lib/python3.7/site-packages/airflow/operators/bash.py", line 195, in execute
    f'Bash command failed. The command returned a non-zero exit code {result.exit_code}.'
airflow.exceptions.AirflowException: Bash command failed. The command returned a non-zero exit code 1.
[2023-03-06 01:31:14,772] {taskinstance.py:1400} INFO - Marking task as FAILED. dag_id=pipeline_bash_operator, task_id=run_script_ingest, execution_date=20230306T013105, start_date=20230306T013105, end_date=20230306T013114
[2023-03-06 01:31:14,781] {standard_task_runner.py:97} ERROR - Failed to execute job 35 for task run_script_ingest (Bash command failed. The command returned a non-zero exit code 1.; 1991)
[2023-03-06 01:31:14,798] {local_task_job.py:156} INFO - Task exited with return code 1
[2023-03-06 01:31:14,820] {local_task_job.py:273} INFO - 0 downstream tasks scheduled from follow-on schedule check
