[2023-03-10 01:17:05,078] {taskinstance.py:1159} INFO - Dependencies all met for <TaskInstance: pipeline_bash_operator.run_script_ingest manual__2023-03-10T01:17:04.024131+00:00 [queued]>
[2023-03-10 01:17:05,083] {taskinstance.py:1159} INFO - Dependencies all met for <TaskInstance: pipeline_bash_operator.run_script_ingest manual__2023-03-10T01:17:04.024131+00:00 [queued]>
[2023-03-10 01:17:05,084] {taskinstance.py:1356} INFO - 
--------------------------------------------------------------------------------
[2023-03-10 01:17:05,085] {taskinstance.py:1357} INFO - Starting attempt 1 of 1
[2023-03-10 01:17:05,086] {taskinstance.py:1358} INFO - 
--------------------------------------------------------------------------------
[2023-03-10 01:17:05,094] {taskinstance.py:1377} INFO - Executing <Task(BashOperator): run_script_ingest> on 2023-03-10 01:17:04.024131+00:00
[2023-03-10 01:17:05,098] {standard_task_runner.py:52} INFO - Started process 1121 to run task
[2023-03-10 01:17:05,101] {standard_task_runner.py:79} INFO - Running: ['***', 'tasks', 'run', 'pipeline_bash_operator', 'run_script_ingest', 'manual__2023-03-10T01:17:04.024131+00:00', '--job-id', '74', '--raw', '--subdir', 'DAGS_FOLDER/pipeline_bash_operator.py', '--cfg-path', '/tmp/tmp22_ym92h', '--error-file', '/tmp/tmpkqohsgol']
[2023-03-10 01:17:05,103] {standard_task_runner.py:80} INFO - Job 74: Subtask run_script_ingest
[2023-03-10 01:17:05,140] {task_command.py:369} INFO - Running <TaskInstance: pipeline_bash_operator.run_script_ingest manual__2023-03-10T01:17:04.024131+00:00 [running]> on host 477ef5e408be
[2023-03-10 01:17:05,183] {taskinstance.py:1571} INFO - Exporting the following env vars:
AIRFLOW_CTX_DAG_OWNER=Americo
AIRFLOW_CTX_DAG_ID=pipeline_bash_operator
AIRFLOW_CTX_TASK_ID=run_script_ingest
AIRFLOW_CTX_EXECUTION_DATE=2023-03-10T01:17:04.024131+00:00
AIRFLOW_CTX_TRY_NUMBER=1
AIRFLOW_CTX_DAG_RUN_ID=manual__2023-03-10T01:17:04.024131+00:00
[2023-03-10 01:17:05,185] {subprocess.py:62} INFO - Tmp dir root location: 
 /tmp
[2023-03-10 01:17:05,186] {subprocess.py:74} INFO - Running command: ['bash', '-c', 'python /opt/***/dags/Proyecto/ingest.py']
[2023-03-10 01:17:05,194] {subprocess.py:85} INFO - Output:
[2023-03-10 01:17:23,608] {subprocess.py:92} INFO - ingest loaded
[2023-03-10 01:17:23,619] {subprocess.py:92} INFO - loaded adsl landing
[2023-03-10 01:17:23,724] {subprocess.py:96} INFO - Command exited with return code 0
[2023-03-10 01:17:23,745] {taskinstance.py:1400} INFO - Marking task as SUCCESS. dag_id=pipeline_bash_operator, task_id=run_script_ingest, execution_date=20230310T011704, start_date=20230310T011705, end_date=20230310T011723
[2023-03-10 01:17:23,801] {local_task_job.py:156} INFO - Task exited with return code 0
[2023-03-10 01:17:23,819] {local_task_job.py:273} INFO - 1 downstream tasks scheduled from follow-on schedule check
