[2023-03-06 02:39:27,078] {taskinstance.py:1159} INFO - Dependencies all met for <TaskInstance: MiPrimerDag.PythonOperators manual__2023-03-06T02:39:25.566318+00:00 [queued]>
[2023-03-06 02:39:27,084] {taskinstance.py:1159} INFO - Dependencies all met for <TaskInstance: MiPrimerDag.PythonOperators manual__2023-03-06T02:39:25.566318+00:00 [queued]>
[2023-03-06 02:39:27,086] {taskinstance.py:1356} INFO - 
--------------------------------------------------------------------------------
[2023-03-06 02:39:27,087] {taskinstance.py:1357} INFO - Starting attempt 1 of 1
[2023-03-06 02:39:27,088] {taskinstance.py:1358} INFO - 
--------------------------------------------------------------------------------
[2023-03-06 02:39:27,096] {taskinstance.py:1377} INFO - Executing <Task(PythonOperator): PythonOperators> on 2023-03-06 02:39:25.566318+00:00
[2023-03-06 02:39:27,099] {standard_task_runner.py:52} INFO - Started process 5847 to run task
[2023-03-06 02:39:27,102] {standard_task_runner.py:79} INFO - Running: ['***', 'tasks', 'run', 'MiPrimerDag', 'PythonOperators', 'manual__2023-03-06T02:39:25.566318+00:00', '--job-id', '50', '--raw', '--subdir', 'DAGS_FOLDER/1_MiPrimerDag.py', '--cfg-path', '/tmp/tmpxdoe6o3u', '--error-file', '/tmp/tmptsox8258']
[2023-03-06 02:39:27,104] {standard_task_runner.py:80} INFO - Job 50: Subtask PythonOperators
[2023-03-06 02:39:27,140] {task_command.py:369} INFO - Running <TaskInstance: MiPrimerDag.PythonOperators manual__2023-03-06T02:39:25.566318+00:00 [running]> on host 477ef5e408be
[2023-03-06 02:39:27,184] {taskinstance.py:1571} INFO - Exporting the following env vars:
AIRFLOW_CTX_DAG_OWNER=Americo
AIRFLOW_CTX_DAG_ID=MiPrimerDag
AIRFLOW_CTX_TASK_ID=PythonOperators
AIRFLOW_CTX_EXECUTION_DATE=2023-03-06T02:39:25.566318+00:00
AIRFLOW_CTX_TRY_NUMBER=1
AIRFLOW_CTX_DAG_RUN_ID=manual__2023-03-06T02:39:25.566318+00:00
[2023-03-06 02:39:27,185] {logging_mixin.py:115} INFO - ESTE ES EL RANDOM NUMBER 1 0.9291214121843998
[2023-03-06 02:39:27,186] {logging_mixin.py:115} INFO - ESTE ES EL RANDOM NUMBER 2 0.3349042048545182
[2023-03-06 02:39:27,188] {logging_mixin.py:115} INFO - ESTE ES EL RANDOM NUMBER 3 0.9233476610096953
[2023-03-06 02:39:27,189] {logging_mixin.py:115} INFO - ESTE ES EL RANDOM NUMBER 4 0.6068895247898541
[2023-03-06 02:39:27,190] {logging_mixin.py:115} INFO - ESTE ES EL RANDOM NUMBER 5 0.7060183318529017
[2023-03-06 02:39:27,190] {logging_mixin.py:115} INFO - ESTE ES EL RANDOM NUMBER 6 0.6442277529922227
[2023-03-06 02:39:27,191] {logging_mixin.py:115} INFO - ESTE ES EL RANDOM NUMBER 7 0.25050643327720257
[2023-03-06 02:39:27,192] {logging_mixin.py:115} INFO - ESTE ES EL RANDOM NUMBER 8 0.9270665296671602
[2023-03-06 02:39:27,193] {logging_mixin.py:115} INFO - ESTE ES EL RANDOM NUMBER 9 0.741653758369758
[2023-03-06 02:39:27,194] {logging_mixin.py:115} INFO - ESTE ES EL RANDOM NUMBER 10 0.568198564203887
[2023-03-06 02:39:27,196] {python.py:173} INFO - Done. Returned value was: None
[2023-03-06 02:39:27,205] {taskinstance.py:1400} INFO - Marking task as SUCCESS. dag_id=MiPrimerDag, task_id=PythonOperators, execution_date=20230306T023925, start_date=20230306T023927, end_date=20230306T023927
[2023-03-06 02:39:27,235] {local_task_job.py:156} INFO - Task exited with return code 0
[2023-03-06 02:39:27,255] {local_task_job.py:273} INFO - 0 downstream tasks scheduled from follow-on schedule check
