[2023-03-08 01:35:13,205] {taskinstance.py:1159} INFO - Dependencies all met for <TaskInstance: pipeline_bash_operator.run_script_transform manual__2023-03-08T01:34:53.928763+00:00 [queued]>
[2023-03-08 01:35:13,215] {taskinstance.py:1159} INFO - Dependencies all met for <TaskInstance: pipeline_bash_operator.run_script_transform manual__2023-03-08T01:34:53.928763+00:00 [queued]>
[2023-03-08 01:35:13,217] {taskinstance.py:1356} INFO - 
--------------------------------------------------------------------------------
[2023-03-08 01:35:13,219] {taskinstance.py:1357} INFO - Starting attempt 1 of 1
[2023-03-08 01:35:13,221] {taskinstance.py:1358} INFO - 
--------------------------------------------------------------------------------
[2023-03-08 01:35:13,244] {taskinstance.py:1377} INFO - Executing <Task(BashOperator): run_script_transform> on 2023-03-08 01:34:53.928763+00:00
[2023-03-08 01:35:13,253] {standard_task_runner.py:52} INFO - Started process 2203 to run task
[2023-03-08 01:35:13,264] {standard_task_runner.py:79} INFO - Running: ['***', 'tasks', 'run', 'pipeline_bash_operator', 'run_script_transform', 'manual__2023-03-08T01:34:53.928763+00:00', '--job-id', '62', '--raw', '--subdir', 'DAGS_FOLDER/pipeline_bash_operator.py', '--cfg-path', '/tmp/tmpyaom128p', '--error-file', '/tmp/tmpbfeiiik3']
[2023-03-08 01:35:13,282] {standard_task_runner.py:80} INFO - Job 62: Subtask run_script_transform
[2023-03-08 01:35:13,365] {task_command.py:369} INFO - Running <TaskInstance: pipeline_bash_operator.run_script_transform manual__2023-03-08T01:34:53.928763+00:00 [running]> on host 477ef5e408be
[2023-03-08 01:35:13,417] {taskinstance.py:1571} INFO - Exporting the following env vars:
AIRFLOW_CTX_DAG_OWNER=Americo
AIRFLOW_CTX_DAG_ID=pipeline_bash_operator
AIRFLOW_CTX_TASK_ID=run_script_transform
AIRFLOW_CTX_EXECUTION_DATE=2023-03-08T01:34:53.928763+00:00
AIRFLOW_CTX_TRY_NUMBER=1
AIRFLOW_CTX_DAG_RUN_ID=manual__2023-03-08T01:34:53.928763+00:00
[2023-03-08 01:35:13,419] {subprocess.py:62} INFO - Tmp dir root location: 
 /tmp
[2023-03-08 01:35:13,421] {subprocess.py:74} INFO - Running command: ['bash', '-c', 'python /opt/***/dags/Proyecto/transform.py']
[2023-03-08 01:35:13,429] {subprocess.py:85} INFO - Output:
[2023-03-08 01:35:40,836] {subprocess.py:92} INFO - ingest loaded
[2023-03-08 01:35:40,842] {subprocess.py:92} INFO - loaded adsl landing
[2023-03-08 01:35:40,847] {subprocess.py:92} INFO - transform loaded
[2023-03-08 01:35:40,851] {subprocess.py:92} INFO - loaded adsl gold
[2023-03-08 01:35:40,946] {subprocess.py:96} INFO - Command exited with return code 0
[2023-03-08 01:35:40,969] {taskinstance.py:1400} INFO - Marking task as SUCCESS. dag_id=pipeline_bash_operator, task_id=run_script_transform, execution_date=20230308T013453, start_date=20230308T013513, end_date=20230308T013540
[2023-03-08 01:35:41,016] {local_task_job.py:156} INFO - Task exited with return code 0
[2023-03-08 01:35:41,033] {local_task_job.py:273} INFO - 0 downstream tasks scheduled from follow-on schedule check
