[2023-03-10 21:49:40,589] {taskinstance.py:1159} INFO - Dependencies all met for <TaskInstance: pipeline_bash_operator.run_script_ingest manual__2023-03-10T21:49:39.816286+00:00 [queued]>
[2023-03-10 21:49:40,596] {taskinstance.py:1159} INFO - Dependencies all met for <TaskInstance: pipeline_bash_operator.run_script_ingest manual__2023-03-10T21:49:39.816286+00:00 [queued]>
[2023-03-10 21:49:40,598] {taskinstance.py:1356} INFO - 
--------------------------------------------------------------------------------
[2023-03-10 21:49:40,599] {taskinstance.py:1357} INFO - Starting attempt 1 of 1
[2023-03-10 21:49:40,600] {taskinstance.py:1358} INFO - 
--------------------------------------------------------------------------------
[2023-03-10 21:49:40,609] {taskinstance.py:1377} INFO - Executing <Task(BashOperator): run_script_ingest> on 2023-03-10 21:49:39.816286+00:00
[2023-03-10 21:49:40,614] {standard_task_runner.py:52} INFO - Started process 275 to run task
[2023-03-10 21:49:40,617] {standard_task_runner.py:79} INFO - Running: ['***', 'tasks', 'run', 'pipeline_bash_operator', 'run_script_ingest', 'manual__2023-03-10T21:49:39.816286+00:00', '--job-id', '105', '--raw', '--subdir', 'DAGS_FOLDER/pipeline_bash_operator.py', '--cfg-path', '/tmp/tmpfzy13fs5', '--error-file', '/tmp/tmpvzb0thq0']
[2023-03-10 21:49:40,619] {standard_task_runner.py:80} INFO - Job 105: Subtask run_script_ingest
[2023-03-10 21:49:40,661] {task_command.py:369} INFO - Running <TaskInstance: pipeline_bash_operator.run_script_ingest manual__2023-03-10T21:49:39.816286+00:00 [running]> on host 477ef5e408be
[2023-03-10 21:49:40,708] {taskinstance.py:1571} INFO - Exporting the following env vars:
AIRFLOW_CTX_DAG_OWNER=Americo
AIRFLOW_CTX_DAG_ID=pipeline_bash_operator
AIRFLOW_CTX_TASK_ID=run_script_ingest
AIRFLOW_CTX_EXECUTION_DATE=2023-03-10T21:49:39.816286+00:00
AIRFLOW_CTX_TRY_NUMBER=1
AIRFLOW_CTX_DAG_RUN_ID=manual__2023-03-10T21:49:39.816286+00:00
[2023-03-10 21:49:40,710] {subprocess.py:62} INFO - Tmp dir root location: 
 /tmp
[2023-03-10 21:49:40,711] {subprocess.py:74} INFO - Running command: ['bash', '-c', 'python /opt/***/dags/Proyecto/ingest.py']
[2023-03-10 21:49:40,719] {subprocess.py:85} INFO - Output:
[2023-03-10 21:50:03,999] {subprocess.py:96} INFO - Command exited with return code 0
[2023-03-10 21:50:04,020] {taskinstance.py:1400} INFO - Marking task as SUCCESS. dag_id=pipeline_bash_operator, task_id=run_script_ingest, execution_date=20230310T214939, start_date=20230310T214940, end_date=20230310T215004
[2023-03-10 21:50:04,062] {local_task_job.py:156} INFO - Task exited with return code 0
[2023-03-10 21:50:04,084] {local_task_job.py:273} INFO - 1 downstream tasks scheduled from follow-on schedule check
