[2023-03-06 01:36:01,374] {taskinstance.py:1159} INFO - Dependencies all met for <TaskInstance: pipeline_bash_operator.run_script_transform manual__2023-03-06T01:35:40.728433+00:00 [queued]>
[2023-03-06 01:36:01,380] {taskinstance.py:1159} INFO - Dependencies all met for <TaskInstance: pipeline_bash_operator.run_script_transform manual__2023-03-06T01:35:40.728433+00:00 [queued]>
[2023-03-06 01:36:01,381] {taskinstance.py:1356} INFO - 
--------------------------------------------------------------------------------
[2023-03-06 01:36:01,382] {taskinstance.py:1357} INFO - Starting attempt 1 of 1
[2023-03-06 01:36:01,383] {taskinstance.py:1358} INFO - 
--------------------------------------------------------------------------------
[2023-03-06 01:36:01,392] {taskinstance.py:1377} INFO - Executing <Task(BashOperator): run_script_transform> on 2023-03-06 01:35:40.728433+00:00
[2023-03-06 01:36:01,395] {standard_task_runner.py:52} INFO - Started process 2193 to run task
[2023-03-06 01:36:01,398] {standard_task_runner.py:79} INFO - Running: ['***', 'tasks', 'run', 'pipeline_bash_operator', 'run_script_transform', 'manual__2023-03-06T01:35:40.728433+00:00', '--job-id', '38', '--raw', '--subdir', 'DAGS_FOLDER/pipeline_bash_operator.py', '--cfg-path', '/tmp/tmpgagpuz9m', '--error-file', '/tmp/tmp72_gev0u']
[2023-03-06 01:36:01,400] {standard_task_runner.py:80} INFO - Job 38: Subtask run_script_transform
[2023-03-06 01:36:01,437] {task_command.py:369} INFO - Running <TaskInstance: pipeline_bash_operator.run_script_transform manual__2023-03-06T01:35:40.728433+00:00 [running]> on host 477ef5e408be
[2023-03-06 01:36:01,479] {taskinstance.py:1571} INFO - Exporting the following env vars:
AIRFLOW_CTX_DAG_OWNER=Americo
AIRFLOW_CTX_DAG_ID=pipeline_bash_operator
AIRFLOW_CTX_TASK_ID=run_script_transform
AIRFLOW_CTX_EXECUTION_DATE=2023-03-06T01:35:40.728433+00:00
AIRFLOW_CTX_TRY_NUMBER=1
AIRFLOW_CTX_DAG_RUN_ID=manual__2023-03-06T01:35:40.728433+00:00
[2023-03-06 01:36:01,481] {subprocess.py:62} INFO - Tmp dir root location: 
 /tmp
[2023-03-06 01:36:01,482] {subprocess.py:74} INFO - Running command: ['bash', '-c', 'python /opt/***/dags/Proyecto/transform.py']
[2023-03-06 01:36:01,490] {subprocess.py:85} INFO - Output:
[2023-03-06 01:36:19,527] {subprocess.py:92} INFO - ingest loaded
[2023-03-06 01:36:19,529] {subprocess.py:92} INFO - loaded adsl landing
[2023-03-06 01:36:19,531] {subprocess.py:92} INFO - Traceback (most recent call last):
[2023-03-06 01:36:19,533] {subprocess.py:92} INFO -   File "/opt/***/dags/Proyecto/transform.py", line 2, in <module>
[2023-03-06 01:36:19,534] {subprocess.py:92} INFO -     from process.transform import Transform
[2023-03-06 01:36:19,535] {subprocess.py:92} INFO -   File "/opt/***/dags/Proyecto/process/transform.py", line 2, in <module>
[2023-03-06 01:36:19,536] {subprocess.py:92} INFO -     from pandasql import sqldf
[2023-03-06 01:36:19,537] {subprocess.py:92} INFO - ModuleNotFoundError: No module named 'pandasql'
[2023-03-06 01:36:19,599] {subprocess.py:96} INFO - Command exited with return code 1
[2023-03-06 01:36:19,609] {taskinstance.py:1889} ERROR - Task failed with exception
Traceback (most recent call last):
  File "/home/airflow/.local/lib/python3.7/site-packages/airflow/operators/bash.py", line 195, in execute
    f'Bash command failed. The command returned a non-zero exit code {result.exit_code}.'
airflow.exceptions.AirflowException: Bash command failed. The command returned a non-zero exit code 1.
[2023-03-06 01:36:19,612] {taskinstance.py:1400} INFO - Marking task as FAILED. dag_id=pipeline_bash_operator, task_id=run_script_transform, execution_date=20230306T013540, start_date=20230306T013601, end_date=20230306T013619
[2023-03-06 01:36:19,621] {standard_task_runner.py:97} ERROR - Failed to execute job 38 for task run_script_transform (Bash command failed. The command returned a non-zero exit code 1.; 2193)
[2023-03-06 01:36:19,630] {local_task_job.py:156} INFO - Task exited with return code 1
[2023-03-06 01:36:19,645] {local_task_job.py:273} INFO - 0 downstream tasks scheduled from follow-on schedule check
