[2023-03-06 02:39:26,085] {taskinstance.py:1159} INFO - Dependencies all met for <TaskInstance: MiPrimerDag.BashOperators manual__2023-03-06T02:39:25.566318+00:00 [queued]>
[2023-03-06 02:39:26,092] {taskinstance.py:1159} INFO - Dependencies all met for <TaskInstance: MiPrimerDag.BashOperators manual__2023-03-06T02:39:25.566318+00:00 [queued]>
[2023-03-06 02:39:26,094] {taskinstance.py:1356} INFO - 
--------------------------------------------------------------------------------
[2023-03-06 02:39:26,095] {taskinstance.py:1357} INFO - Starting attempt 1 of 1
[2023-03-06 02:39:26,096] {taskinstance.py:1358} INFO - 
--------------------------------------------------------------------------------
[2023-03-06 02:39:26,105] {taskinstance.py:1377} INFO - Executing <Task(BashOperator): BashOperators> on 2023-03-06 02:39:25.566318+00:00
[2023-03-06 02:39:26,109] {standard_task_runner.py:52} INFO - Started process 5844 to run task
[2023-03-06 02:39:26,111] {standard_task_runner.py:79} INFO - Running: ['***', 'tasks', 'run', 'MiPrimerDag', 'BashOperators', 'manual__2023-03-06T02:39:25.566318+00:00', '--job-id', '49', '--raw', '--subdir', 'DAGS_FOLDER/1_MiPrimerDag.py', '--cfg-path', '/tmp/tmpakprkc3s', '--error-file', '/tmp/tmp19j_ljxv']
[2023-03-06 02:39:26,113] {standard_task_runner.py:80} INFO - Job 49: Subtask BashOperators
[2023-03-06 02:39:26,150] {task_command.py:369} INFO - Running <TaskInstance: MiPrimerDag.BashOperators manual__2023-03-06T02:39:25.566318+00:00 [running]> on host 477ef5e408be
[2023-03-06 02:39:26,195] {taskinstance.py:1571} INFO - Exporting the following env vars:
AIRFLOW_CTX_DAG_OWNER=Americo
AIRFLOW_CTX_DAG_ID=MiPrimerDag
AIRFLOW_CTX_TASK_ID=BashOperators
AIRFLOW_CTX_EXECUTION_DATE=2023-03-06T02:39:25.566318+00:00
AIRFLOW_CTX_TRY_NUMBER=1
AIRFLOW_CTX_DAG_RUN_ID=manual__2023-03-06T02:39:25.566318+00:00
[2023-03-06 02:39:26,197] {subprocess.py:62} INFO - Tmp dir root location: 
 /tmp
[2023-03-06 02:39:26,198] {subprocess.py:74} INFO - Running command: ['bash', '-c', 'echo "Mi primer Dag en Apche Airflow, fecha $TODAY"']
[2023-03-06 02:39:26,205] {subprocess.py:85} INFO - Output:
[2023-03-06 02:39:26,207] {subprocess.py:92} INFO - Mi primer Dag en Apche Airflow, fecha 2023-03-06
[2023-03-06 02:39:26,208] {subprocess.py:96} INFO - Command exited with return code 0
[2023-03-06 02:39:26,228] {taskinstance.py:1400} INFO - Marking task as SUCCESS. dag_id=MiPrimerDag, task_id=BashOperators, execution_date=20230306T023925, start_date=20230306T023926, end_date=20230306T023926
[2023-03-06 02:39:26,243] {local_task_job.py:156} INFO - Task exited with return code 0
[2023-03-06 02:39:26,267] {local_task_job.py:273} INFO - 1 downstream tasks scheduled from follow-on schedule check
