[2023-03-08 00:58:25,435] {taskinstance.py:1159} INFO - Dependencies all met for <TaskInstance: pipeline_bash_operator.run_script_ingest manual__2023-03-08T00:58:25.075217+00:00 [queued]>
[2023-03-08 00:58:25,441] {taskinstance.py:1159} INFO - Dependencies all met for <TaskInstance: pipeline_bash_operator.run_script_ingest manual__2023-03-08T00:58:25.075217+00:00 [queued]>
[2023-03-08 00:58:25,442] {taskinstance.py:1356} INFO - 
--------------------------------------------------------------------------------
[2023-03-08 00:58:25,444] {taskinstance.py:1357} INFO - Starting attempt 1 of 1
[2023-03-08 00:58:25,445] {taskinstance.py:1358} INFO - 
--------------------------------------------------------------------------------
[2023-03-08 00:58:25,454] {taskinstance.py:1377} INFO - Executing <Task(BashOperator): run_script_ingest> on 2023-03-08 00:58:25.075217+00:00
[2023-03-08 00:58:25,458] {standard_task_runner.py:52} INFO - Started process 1428 to run task
[2023-03-08 00:58:25,460] {standard_task_runner.py:79} INFO - Running: ['***', 'tasks', 'run', 'pipeline_bash_operator', 'run_script_ingest', 'manual__2023-03-08T00:58:25.075217+00:00', '--job-id', '57', '--raw', '--subdir', 'DAGS_FOLDER/pipeline_bash_operator.py', '--cfg-path', '/tmp/tmpctvnv6xi', '--error-file', '/tmp/tmpcrmxtmx7']
[2023-03-08 00:58:25,461] {standard_task_runner.py:80} INFO - Job 57: Subtask run_script_ingest
[2023-03-08 00:58:25,500] {task_command.py:369} INFO - Running <TaskInstance: pipeline_bash_operator.run_script_ingest manual__2023-03-08T00:58:25.075217+00:00 [running]> on host 477ef5e408be
[2023-03-08 00:58:25,552] {taskinstance.py:1571} INFO - Exporting the following env vars:
AIRFLOW_CTX_DAG_OWNER=Americo
AIRFLOW_CTX_DAG_ID=pipeline_bash_operator
AIRFLOW_CTX_TASK_ID=run_script_ingest
AIRFLOW_CTX_EXECUTION_DATE=2023-03-08T00:58:25.075217+00:00
AIRFLOW_CTX_TRY_NUMBER=1
AIRFLOW_CTX_DAG_RUN_ID=manual__2023-03-08T00:58:25.075217+00:00
[2023-03-08 00:58:25,554] {subprocess.py:62} INFO - Tmp dir root location: 
 /tmp
[2023-03-08 00:58:25,555] {subprocess.py:74} INFO - Running command: ['bash', '-c', 'python /opt/***/dags/Proyecto/ingest.py']
[2023-03-08 00:58:25,562] {subprocess.py:85} INFO - Output:
[2023-03-08 00:58:44,203] {subprocess.py:92} INFO - ingest loaded
[2023-03-08 00:58:44,207] {subprocess.py:92} INFO - loaded adsl landing
[2023-03-08 00:58:44,300] {subprocess.py:96} INFO - Command exited with return code 0
[2023-03-08 00:58:44,321] {taskinstance.py:1400} INFO - Marking task as SUCCESS. dag_id=pipeline_bash_operator, task_id=run_script_ingest, execution_date=20230308T005825, start_date=20230308T005825, end_date=20230308T005844
[2023-03-08 00:58:44,366] {local_task_job.py:156} INFO - Task exited with return code 0
[2023-03-08 00:58:44,382] {local_task_job.py:273} INFO - 0 downstream tasks scheduled from follow-on schedule check
