[2023-03-10 21:49:40,592] {taskinstance.py:1159} INFO - Dependencies all met for <TaskInstance: pipeline_bash_operator.run_script_ingest scheduled__2023-03-09T00:00:00+00:00 [queued]>
[2023-03-10 21:49:40,599] {taskinstance.py:1159} INFO - Dependencies all met for <TaskInstance: pipeline_bash_operator.run_script_ingest scheduled__2023-03-09T00:00:00+00:00 [queued]>
[2023-03-10 21:49:40,600] {taskinstance.py:1356} INFO - 
--------------------------------------------------------------------------------
[2023-03-10 21:49:40,601] {taskinstance.py:1357} INFO - Starting attempt 1 of 1
[2023-03-10 21:49:40,602] {taskinstance.py:1358} INFO - 
--------------------------------------------------------------------------------
[2023-03-10 21:49:40,611] {taskinstance.py:1377} INFO - Executing <Task(BashOperator): run_script_ingest> on 2023-03-09 00:00:00+00:00
[2023-03-10 21:49:40,615] {standard_task_runner.py:52} INFO - Started process 276 to run task
[2023-03-10 21:49:40,619] {standard_task_runner.py:79} INFO - Running: ['***', 'tasks', 'run', 'pipeline_bash_operator', 'run_script_ingest', 'scheduled__2023-03-09T00:00:00+00:00', '--job-id', '106', '--raw', '--subdir', 'DAGS_FOLDER/pipeline_bash_operator.py', '--cfg-path', '/tmp/tmp3kvtjypf', '--error-file', '/tmp/tmp_sxsml2z']
[2023-03-10 21:49:40,622] {standard_task_runner.py:80} INFO - Job 106: Subtask run_script_ingest
[2023-03-10 21:49:40,661] {task_command.py:369} INFO - Running <TaskInstance: pipeline_bash_operator.run_script_ingest scheduled__2023-03-09T00:00:00+00:00 [running]> on host 477ef5e408be
[2023-03-10 21:49:40,709] {taskinstance.py:1571} INFO - Exporting the following env vars:
AIRFLOW_CTX_DAG_OWNER=Americo
AIRFLOW_CTX_DAG_ID=pipeline_bash_operator
AIRFLOW_CTX_TASK_ID=run_script_ingest
AIRFLOW_CTX_EXECUTION_DATE=2023-03-09T00:00:00+00:00
AIRFLOW_CTX_TRY_NUMBER=1
AIRFLOW_CTX_DAG_RUN_ID=scheduled__2023-03-09T00:00:00+00:00
[2023-03-10 21:49:40,711] {subprocess.py:62} INFO - Tmp dir root location: 
 /tmp
[2023-03-10 21:49:40,713] {subprocess.py:74} INFO - Running command: ['bash', '-c', 'python /opt/***/dags/Proyecto/ingest.py']
[2023-03-10 21:49:40,719] {subprocess.py:85} INFO - Output:
[2023-03-10 21:49:57,060] {subprocess.py:96} INFO - Command exited with return code 0
[2023-03-10 21:49:57,081] {taskinstance.py:1400} INFO - Marking task as SUCCESS. dag_id=pipeline_bash_operator, task_id=run_script_ingest, execution_date=20230309T000000, start_date=20230310T214940, end_date=20230310T214957
[2023-03-10 21:49:57,117] {local_task_job.py:156} INFO - Task exited with return code 0
[2023-03-10 21:49:57,138] {local_task_job.py:273} INFO - 1 downstream tasks scheduled from follow-on schedule check
[2023-03-10 21:51:46,751] {taskinstance.py:1159} INFO - Dependencies all met for <TaskInstance: pipeline_bash_operator.run_script_ingest scheduled__2023-03-09T00:00:00+00:00 [queued]>
[2023-03-10 21:51:46,758] {taskinstance.py:1159} INFO - Dependencies all met for <TaskInstance: pipeline_bash_operator.run_script_ingest scheduled__2023-03-09T00:00:00+00:00 [queued]>
[2023-03-10 21:51:46,759] {taskinstance.py:1356} INFO - 
--------------------------------------------------------------------------------
[2023-03-10 21:51:46,760] {taskinstance.py:1357} INFO - Starting attempt 1 of 1
[2023-03-10 21:51:46,761] {taskinstance.py:1358} INFO - 
--------------------------------------------------------------------------------
[2023-03-10 21:51:46,768] {taskinstance.py:1377} INFO - Executing <Task(BashOperator): run_script_ingest> on 2023-03-09 00:00:00+00:00
[2023-03-10 21:51:46,772] {standard_task_runner.py:52} INFO - Started process 368 to run task
[2023-03-10 21:51:46,774] {standard_task_runner.py:79} INFO - Running: ['***', 'tasks', 'run', 'pipeline_bash_operator', 'run_script_ingest', 'scheduled__2023-03-09T00:00:00+00:00', '--job-id', '111', '--raw', '--subdir', 'DAGS_FOLDER/pipeline_bash_operator.py', '--cfg-path', '/tmp/tmpzvpk2xkf', '--error-file', '/tmp/tmpsil1ux7p']
[2023-03-10 21:51:46,775] {standard_task_runner.py:80} INFO - Job 111: Subtask run_script_ingest
[2023-03-10 21:51:46,811] {task_command.py:369} INFO - Running <TaskInstance: pipeline_bash_operator.run_script_ingest scheduled__2023-03-09T00:00:00+00:00 [running]> on host 477ef5e408be
[2023-03-10 21:51:46,856] {taskinstance.py:1571} INFO - Exporting the following env vars:
AIRFLOW_CTX_DAG_OWNER=Americo
AIRFLOW_CTX_DAG_ID=pipeline_bash_operator
AIRFLOW_CTX_TASK_ID=run_script_ingest
AIRFLOW_CTX_EXECUTION_DATE=2023-03-09T00:00:00+00:00
AIRFLOW_CTX_TRY_NUMBER=1
AIRFLOW_CTX_DAG_RUN_ID=scheduled__2023-03-09T00:00:00+00:00
[2023-03-10 21:51:46,858] {subprocess.py:62} INFO - Tmp dir root location: 
 /tmp
[2023-03-10 21:51:46,859] {subprocess.py:74} INFO - Running command: ['bash', '-c', 'python /opt/***/dags/Proyecto/ingest.py']
[2023-03-10 21:51:46,867] {subprocess.py:85} INFO - Output:
[2023-03-10 21:52:03,581] {subprocess.py:96} INFO - Command exited with return code 0
[2023-03-10 21:52:03,602] {taskinstance.py:1400} INFO - Marking task as SUCCESS. dag_id=pipeline_bash_operator, task_id=run_script_ingest, execution_date=20230309T000000, start_date=20230310T215146, end_date=20230310T215203
[2023-03-10 21:52:03,644] {local_task_job.py:156} INFO - Task exited with return code 0
[2023-03-10 21:52:03,665] {local_task_job.py:273} INFO - 1 downstream tasks scheduled from follow-on schedule check
