[2023-03-10 02:19:10,687] {taskinstance.py:1159} INFO - Dependencies all met for <TaskInstance: pipeline_bash_operator.run_script_ingest manual__2023-03-10T02:19:09.583630+00:00 [queued]>
[2023-03-10 02:19:10,693] {taskinstance.py:1159} INFO - Dependencies all met for <TaskInstance: pipeline_bash_operator.run_script_ingest manual__2023-03-10T02:19:09.583630+00:00 [queued]>
[2023-03-10 02:19:10,694] {taskinstance.py:1356} INFO - 
--------------------------------------------------------------------------------
[2023-03-10 02:19:10,695] {taskinstance.py:1357} INFO - Starting attempt 1 of 1
[2023-03-10 02:19:10,696] {taskinstance.py:1358} INFO - 
--------------------------------------------------------------------------------
[2023-03-10 02:19:10,704] {taskinstance.py:1377} INFO - Executing <Task(BashOperator): run_script_ingest> on 2023-03-10 02:19:09.583630+00:00
[2023-03-10 02:19:10,708] {standard_task_runner.py:52} INFO - Started process 2416 to run task
[2023-03-10 02:19:10,710] {standard_task_runner.py:79} INFO - Running: ['***', 'tasks', 'run', 'pipeline_bash_operator', 'run_script_ingest', 'manual__2023-03-10T02:19:09.583630+00:00', '--job-id', '80', '--raw', '--subdir', 'DAGS_FOLDER/pipeline_bash_operator.py', '--cfg-path', '/tmp/tmppo47alhv', '--error-file', '/tmp/tmph415jjbt']
[2023-03-10 02:19:10,712] {standard_task_runner.py:80} INFO - Job 80: Subtask run_script_ingest
[2023-03-10 02:19:10,750] {task_command.py:369} INFO - Running <TaskInstance: pipeline_bash_operator.run_script_ingest manual__2023-03-10T02:19:09.583630+00:00 [running]> on host 477ef5e408be
[2023-03-10 02:19:10,801] {taskinstance.py:1571} INFO - Exporting the following env vars:
AIRFLOW_CTX_DAG_OWNER=Americo
AIRFLOW_CTX_DAG_ID=pipeline_bash_operator
AIRFLOW_CTX_TASK_ID=run_script_ingest
AIRFLOW_CTX_EXECUTION_DATE=2023-03-10T02:19:09.583630+00:00
AIRFLOW_CTX_TRY_NUMBER=1
AIRFLOW_CTX_DAG_RUN_ID=manual__2023-03-10T02:19:09.583630+00:00
[2023-03-10 02:19:10,802] {subprocess.py:62} INFO - Tmp dir root location: 
 /tmp
[2023-03-10 02:19:10,804] {subprocess.py:74} INFO - Running command: ['bash', '-c', 'python /opt/***/dags/Proyecto/ingest.py']
[2023-03-10 02:19:10,811] {subprocess.py:85} INFO - Output:
[2023-03-10 02:19:28,528] {subprocess.py:92} INFO - ingest loaded
[2023-03-10 02:19:28,531] {subprocess.py:92} INFO - loaded adsl landing
[2023-03-10 02:19:28,657] {subprocess.py:96} INFO - Command exited with return code 0
[2023-03-10 02:19:28,678] {taskinstance.py:1400} INFO - Marking task as SUCCESS. dag_id=pipeline_bash_operator, task_id=run_script_ingest, execution_date=20230310T021909, start_date=20230310T021910, end_date=20230310T021928
[2023-03-10 02:19:28,703] {local_task_job.py:156} INFO - Task exited with return code 0
[2023-03-10 02:19:28,721] {local_task_job.py:273} INFO - 1 downstream tasks scheduled from follow-on schedule check
